
AVRASM ver. 2.1.30  C:\Users\Student\Desktop\KeyPad\Debug\List\KP.asm Fri Jul 25 11:02:51 2025

C:\Users\Student\Desktop\KeyPad\Debug\List\KP.asm(1088): warning: Register r5 already defined by the .DEF directive
C:\Users\Student\Desktop\KeyPad\Debug\List\KP.asm(1089): warning: Register r4 already defined by the .DEF directive
C:\Users\Student\Desktop\KeyPad\Debug\List\KP.asm(1090): warning: Register r7 already defined by the .DEF directive
C:\Users\Student\Desktop\KeyPad\Debug\List\KP.asm(1091): warning: Register r6 already defined by the .DEF directive
                 
                 
                 ;CodeVisionAVR C Compiler V3.12 Advanced
                 ;(C) Copyright 1998-2014 Pavel Haiduc, HP InfoTech s.r.l.
                 ;http://www.hpinfotech.com
                 
                 ;Build configuration    : Debug
                 ;Chip type              : ATmega32
                 ;Program type           : Application
                 ;Clock frequency        : 1.000000 MHz
                 ;Memory model           : Small
                 ;Optimize for           : Size
                 ;(s)printf features     : int, width
                 ;(s)scanf features      : int, width
                 ;External RAM size      : 0
                 ;Data Stack size        : 512 byte(s)
                 ;Heap size              : 0 byte(s)
                 ;Promote 'char' to 'int': Yes
                 ;'char' is unsigned     : Yes
                 ;8 bit enums            : Yes
                 ;Global 'const' stored in FLASH: Yes
                 ;Enhanced function parameter passing: Yes
                 ;Enhanced core instructions: On
                 ;Automatic register allocation for global variables: On
                 ;Smart register allocation: On
                 
                 	#define _MODEL_SMALL_
                 
                 	#pragma AVRPART ADMIN PART_NAME ATmega32
                 	#pragma AVRPART MEMORY PROG_FLASH 32768
                 	#pragma AVRPART MEMORY EEPROM 1024
                 	#pragma AVRPART MEMORY INT_SRAM SIZE 2048
                 	#pragma AVRPART MEMORY INT_SRAM START_ADDR 0x60
                 
                 	#define CALL_SUPPORTED 1
                 
                 	.LISTMAC
                 	.EQU UDRE=0x5
                 	.EQU RXC=0x7
                 	.EQU USR=0xB
                 	.EQU UDR=0xC
                 	.EQU SPSR=0xE
                 	.EQU SPDR=0xF
                 	.EQU EERE=0x0
                 	.EQU EEWE=0x1
                 	.EQU EEMWE=0x2
                 	.EQU EECR=0x1C
                 	.EQU EEDR=0x1D
                 	.EQU EEARL=0x1E
                 	.EQU EEARH=0x1F
                 	.EQU WDTCR=0x21
                 	.EQU MCUCR=0x35
                 	.EQU GICR=0x3B
                 	.EQU SPL=0x3D
                 	.EQU SPH=0x3E
                 	.EQU SREG=0x3F
                 
                 	.DEF R0X0=R0
                 	.DEF R0X1=R1
                 	.DEF R0X2=R2
                 	.DEF R0X3=R3
                 	.DEF R0X4=R4
                 	.DEF R0X5=R5
                 	.DEF R0X6=R6
                 	.DEF R0X7=R7
                 	.DEF R0X8=R8
                 	.DEF R0X9=R9
                 	.DEF R0XA=R10
                 	.DEF R0XB=R11
                 	.DEF R0XC=R12
                 	.DEF R0XD=R13
                 	.DEF R0XE=R14
                 	.DEF R0XF=R15
                 	.DEF R0X10=R16
                 	.DEF R0X11=R17
                 	.DEF R0X12=R18
                 	.DEF R0X13=R19
                 	.DEF R0X14=R20
                 	.DEF R0X15=R21
                 	.DEF R0X16=R22
                 	.DEF R0X17=R23
                 	.DEF R0X18=R24
                 	.DEF R0X19=R25
                 	.DEF R0X1A=R26
                 	.DEF R0X1B=R27
                 	.DEF R0X1C=R28
                 	.DEF R0X1D=R29
                 	.DEF R0X1E=R30
                 	.DEF R0X1F=R31
                 
                 	.EQU __SRAM_START=0x0060
                 	.EQU __SRAM_END=0x085F
                 	.EQU __DSTACK_SIZE=0x0200
                 	.EQU __HEAP_SIZE=0x0000
                 	.EQU __CLEAR_SRAM_SIZE=__SRAM_END-__SRAM_START+1
                 
                 	.MACRO __CPD1N
                 	CPI  R30,LOW(@0)
                 	LDI  R26,HIGH(@0)
                 	CPC  R31,R26
                 	LDI  R26,BYTE3(@0)
                 	CPC  R22,R26
                 	LDI  R26,BYTE4(@0)
                 	CPC  R23,R26
                 	.ENDM
                 
                 	.MACRO __CPD2N
                 	CPI  R26,LOW(@0)
                 	LDI  R30,HIGH(@0)
                 	CPC  R27,R30
                 	LDI  R30,BYTE3(@0)
                 	CPC  R24,R30
                 	LDI  R30,BYTE4(@0)
                 	CPC  R25,R30
                 	.ENDM
                 
                 	.MACRO __CPWRR
                 	CP   R@0,R@2
                 	CPC  R@1,R@3
                 	.ENDM
                 
                 	.MACRO __CPWRN
                 	CPI  R@0,LOW(@2)
                 	LDI  R30,HIGH(@2)
                 	CPC  R@1,R30
                 	.ENDM
                 
                 	.MACRO __ADDB1MN
                 	SUBI R30,LOW(-@0-(@1))
                 	.ENDM
                 
                 	.MACRO __ADDB2MN
                 	SUBI R26,LOW(-@0-(@1))
                 	.ENDM
                 
                 	.MACRO __ADDW1MN
                 	SUBI R30,LOW(-@0-(@1))
                 	SBCI R31,HIGH(-@0-(@1))
                 	.ENDM
                 
                 	.MACRO __ADDW2MN
                 	SUBI R26,LOW(-@0-(@1))
                 	SBCI R27,HIGH(-@0-(@1))
                 	.ENDM
                 
                 	.MACRO __ADDW1FN
                 	SUBI R30,LOW(-2*@0-(@1))
                 	SBCI R31,HIGH(-2*@0-(@1))
                 	.ENDM
                 
                 	.MACRO __ADDD1FN
                 	SUBI R30,LOW(-2*@0-(@1))
                 	SBCI R31,HIGH(-2*@0-(@1))
                 	SBCI R22,BYTE3(-2*@0-(@1))
                 	.ENDM
                 
                 	.MACRO __ADDD1N
                 	SUBI R30,LOW(-@0)
                 	SBCI R31,HIGH(-@0)
                 	SBCI R22,BYTE3(-@0)
                 	SBCI R23,BYTE4(-@0)
                 	.ENDM
                 
                 	.MACRO __ADDD2N
                 	SUBI R26,LOW(-@0)
                 	SBCI R27,HIGH(-@0)
                 	SBCI R24,BYTE3(-@0)
                 	SBCI R25,BYTE4(-@0)
                 	.ENDM
                 
                 	.MACRO __SUBD1N
                 	SUBI R30,LOW(@0)
                 	SBCI R31,HIGH(@0)
                 	SBCI R22,BYTE3(@0)
                 	SBCI R23,BYTE4(@0)
                 	.ENDM
                 
                 	.MACRO __SUBD2N
                 	SUBI R26,LOW(@0)
                 	SBCI R27,HIGH(@0)
                 	SBCI R24,BYTE3(@0)
                 	SBCI R25,BYTE4(@0)
                 	.ENDM
                 
                 	.MACRO __ANDBMNN
                 	LDS  R30,@0+(@1)
                 	ANDI R30,LOW(@2)
                 	STS  @0+(@1),R30
                 	.ENDM
                 
                 	.MACRO __ANDWMNN
                 	LDS  R30,@0+(@1)
                 	ANDI R30,LOW(@2)
                 	STS  @0+(@1),R30
                 	LDS  R30,@0+(@1)+1
                 	ANDI R30,HIGH(@2)
                 	STS  @0+(@1)+1,R30
                 	.ENDM
                 
                 	.MACRO __ANDD1N
                 	ANDI R30,LOW(@0)
                 	ANDI R31,HIGH(@0)
                 	ANDI R22,BYTE3(@0)
                 	ANDI R23,BYTE4(@0)
                 	.ENDM
                 
                 	.MACRO __ANDD2N
                 	ANDI R26,LOW(@0)
                 	ANDI R27,HIGH(@0)
                 	ANDI R24,BYTE3(@0)
                 	ANDI R25,BYTE4(@0)
                 	.ENDM
                 
                 	.MACRO __ORBMNN
                 	LDS  R30,@0+(@1)
                 	ORI  R30,LOW(@2)
                 	STS  @0+(@1),R30
                 	.ENDM
                 
                 	.MACRO __ORWMNN
                 	LDS  R30,@0+(@1)
                 	ORI  R30,LOW(@2)
                 	STS  @0+(@1),R30
                 	LDS  R30,@0+(@1)+1
                 	ORI  R30,HIGH(@2)
                 	STS  @0+(@1)+1,R30
                 	.ENDM
                 
                 	.MACRO __ORD1N
                 	ORI  R30,LOW(@0)
                 	ORI  R31,HIGH(@0)
                 	ORI  R22,BYTE3(@0)
                 	ORI  R23,BYTE4(@0)
                 	.ENDM
                 
                 	.MACRO __ORD2N
                 	ORI  R26,LOW(@0)
                 	ORI  R27,HIGH(@0)
                 	ORI  R24,BYTE3(@0)
                 	ORI  R25,BYTE4(@0)
                 	.ENDM
                 
                 	.MACRO __DELAY_USB
                 	LDI  R24,LOW(@0)
                 __DELAY_USB_LOOP:
                 	DEC  R24
                 	BRNE __DELAY_USB_LOOP
                 	.ENDM
                 
                 	.MACRO __DELAY_USW
                 	LDI  R24,LOW(@0)
                 	LDI  R25,HIGH(@0)
                 __DELAY_USW_LOOP:
                 	SBIW R24,1
                 	BRNE __DELAY_USW_LOOP
                 	.ENDM
                 
                 	.MACRO __GETD1S
                 	LDD  R30,Y+@0
                 	LDD  R31,Y+@0+1
                 	LDD  R22,Y+@0+2
                 	LDD  R23,Y+@0+3
                 	.ENDM
                 
                 	.MACRO __GETD2S
                 	LDD  R26,Y+@0
                 	LDD  R27,Y+@0+1
                 	LDD  R24,Y+@0+2
                 	LDD  R25,Y+@0+3
                 	.ENDM
                 
                 	.MACRO __PUTD1S
                 	STD  Y+@0,R30
                 	STD  Y+@0+1,R31
                 	STD  Y+@0+2,R22
                 	STD  Y+@0+3,R23
                 	.ENDM
                 
                 	.MACRO __PUTD2S
                 	STD  Y+@0,R26
                 	STD  Y+@0+1,R27
                 	STD  Y+@0+2,R24
                 	STD  Y+@0+3,R25
                 	.ENDM
                 
                 	.MACRO __PUTDZ2
                 	STD  Z+@0,R26
                 	STD  Z+@0+1,R27
                 	STD  Z+@0+2,R24
                 	STD  Z+@0+3,R25
                 	.ENDM
                 
                 	.MACRO __CLRD1S
                 	STD  Y+@0,R30
                 	STD  Y+@0+1,R30
                 	STD  Y+@0+2,R30
                 	STD  Y+@0+3,R30
                 	.ENDM
                 
                 	.MACRO __POINTB1MN
                 	LDI  R30,LOW(@0+(@1))
                 	.ENDM
                 
                 	.MACRO __POINTW1MN
                 	LDI  R30,LOW(@0+(@1))
                 	LDI  R31,HIGH(@0+(@1))
                 	.ENDM
                 
                 	.MACRO __POINTD1M
                 	LDI  R30,LOW(@0)
                 	LDI  R31,HIGH(@0)
                 	LDI  R22,BYTE3(@0)
                 	LDI  R23,BYTE4(@0)
                 	.ENDM
                 
                 	.MACRO __POINTW1FN
                 	LDI  R30,LOW(2*@0+(@1))
                 	LDI  R31,HIGH(2*@0+(@1))
                 	.ENDM
                 
                 	.MACRO __POINTD1FN
                 	LDI  R30,LOW(2*@0+(@1))
                 	LDI  R31,HIGH(2*@0+(@1))
                 	LDI  R22,BYTE3(2*@0+(@1))
                 	LDI  R23,BYTE4(2*@0+(@1))
                 	.ENDM
                 
                 	.MACRO __POINTB2MN
                 	LDI  R26,LOW(@0+(@1))
                 	.ENDM
                 
                 	.MACRO __POINTW2MN
                 	LDI  R26,LOW(@0+(@1))
                 	LDI  R27,HIGH(@0+(@1))
                 	.ENDM
                 
                 	.MACRO __POINTW2FN
                 	LDI  R26,LOW(2*@0+(@1))
                 	LDI  R27,HIGH(2*@0+(@1))
                 	.ENDM
                 
                 	.MACRO __POINTD2FN
                 	LDI  R26,LOW(2*@0+(@1))
                 	LDI  R27,HIGH(2*@0+(@1))
                 	LDI  R24,BYTE3(2*@0+(@1))
                 	LDI  R25,BYTE4(2*@0+(@1))
                 	.ENDM
                 
                 	.MACRO __POINTBRM
                 	LDI  R@0,LOW(@1)
                 	.ENDM
                 
                 	.MACRO __POINTWRM
                 	LDI  R@0,LOW(@2)
                 	LDI  R@1,HIGH(@2)
                 	.ENDM
                 
                 	.MACRO __POINTBRMN
                 	LDI  R@0,LOW(@1+(@2))
                 	.ENDM
                 
                 	.MACRO __POINTWRMN
                 	LDI  R@0,LOW(@2+(@3))
                 	LDI  R@1,HIGH(@2+(@3))
                 	.ENDM
                 
                 	.MACRO __POINTWRFN
                 	LDI  R@0,LOW(@2*2+(@3))
                 	LDI  R@1,HIGH(@2*2+(@3))
                 	.ENDM
                 
                 	.MACRO __GETD1N
                 	LDI  R30,LOW(@0)
                 	LDI  R31,HIGH(@0)
                 	LDI  R22,BYTE3(@0)
                 	LDI  R23,BYTE4(@0)
                 	.ENDM
                 
                 	.MACRO __GETD2N
                 	LDI  R26,LOW(@0)
                 	LDI  R27,HIGH(@0)
                 	LDI  R24,BYTE3(@0)
                 	LDI  R25,BYTE4(@0)
                 	.ENDM
                 
                 	.MACRO __GETB1MN
                 	LDS  R30,@0+(@1)
                 	.ENDM
                 
                 	.MACRO __GETB1HMN
                 	LDS  R31,@0+(@1)
                 	.ENDM
                 
                 	.MACRO __GETW1MN
                 	LDS  R30,@0+(@1)
                 	LDS  R31,@0+(@1)+1
                 	.ENDM
                 
                 	.MACRO __GETD1MN
                 	LDS  R30,@0+(@1)
                 	LDS  R31,@0+(@1)+1
                 	LDS  R22,@0+(@1)+2
                 	LDS  R23,@0+(@1)+3
                 	.ENDM
                 
                 	.MACRO __GETBRMN
                 	LDS  R@0,@1+(@2)
                 	.ENDM
                 
                 	.MACRO __GETWRMN
                 	LDS  R@0,@2+(@3)
                 	LDS  R@1,@2+(@3)+1
                 	.ENDM
                 
                 	.MACRO __GETWRZ
                 	LDD  R@0,Z+@2
                 	LDD  R@1,Z+@2+1
                 	.ENDM
                 
                 	.MACRO __GETD2Z
                 	LDD  R26,Z+@0
                 	LDD  R27,Z+@0+1
                 	LDD  R24,Z+@0+2
                 	LDD  R25,Z+@0+3
                 	.ENDM
                 
                 	.MACRO __GETB2MN
                 	LDS  R26,@0+(@1)
                 	.ENDM
                 
                 	.MACRO __GETW2MN
                 	LDS  R26,@0+(@1)
                 	LDS  R27,@0+(@1)+1
                 	.ENDM
                 
                 	.MACRO __GETD2MN
                 	LDS  R26,@0+(@1)
                 	LDS  R27,@0+(@1)+1
                 	LDS  R24,@0+(@1)+2
                 	LDS  R25,@0+(@1)+3
                 	.ENDM
                 
                 	.MACRO __PUTB1MN
                 	STS  @0+(@1),R30
                 	.ENDM
                 
                 	.MACRO __PUTW1MN
                 	STS  @0+(@1),R30
                 	STS  @0+(@1)+1,R31
                 	.ENDM
                 
                 	.MACRO __PUTD1MN
                 	STS  @0+(@1),R30
                 	STS  @0+(@1)+1,R31
                 	STS  @0+(@1)+2,R22
                 	STS  @0+(@1)+3,R23
                 	.ENDM
                 
                 	.MACRO __PUTB1EN
                 	LDI  R26,LOW(@0+(@1))
                 	LDI  R27,HIGH(@0+(@1))
                 	CALL __EEPROMWRB
                 	.ENDM
                 
                 	.MACRO __PUTW1EN
                 	LDI  R26,LOW(@0+(@1))
                 	LDI  R27,HIGH(@0+(@1))
                 	CALL __EEPROMWRW
                 	.ENDM
                 
                 	.MACRO __PUTD1EN
                 	LDI  R26,LOW(@0+(@1))
                 	LDI  R27,HIGH(@0+(@1))
                 	CALL __EEPROMWRD
                 	.ENDM
                 
                 	.MACRO __PUTBR0MN
                 	STS  @0+(@1),R0
                 	.ENDM
                 
                 	.MACRO __PUTBMRN
                 	STS  @0+(@1),R@2
                 	.ENDM
                 
                 	.MACRO __PUTWMRN
                 	STS  @0+(@1),R@2
                 	STS  @0+(@1)+1,R@3
                 	.ENDM
                 
                 	.MACRO __PUTBZR
                 	STD  Z+@1,R@0
                 	.ENDM
                 
                 	.MACRO __PUTWZR
                 	STD  Z+@2,R@0
                 	STD  Z+@2+1,R@1
                 	.ENDM
                 
                 	.MACRO __GETW1R
                 	MOV  R30,R@0
                 	MOV  R31,R@1
                 	.ENDM
                 
                 	.MACRO __GETW2R
                 	MOV  R26,R@0
                 	MOV  R27,R@1
                 	.ENDM
                 
                 	.MACRO __GETWRN
                 	LDI  R@0,LOW(@2)
                 	LDI  R@1,HIGH(@2)
                 	.ENDM
                 
                 	.MACRO __PUTW1R
                 	MOV  R@0,R30
                 	MOV  R@1,R31
                 	.ENDM
                 
                 	.MACRO __PUTW2R
                 	MOV  R@0,R26
                 	MOV  R@1,R27
                 	.ENDM
                 
                 	.MACRO __ADDWRN
                 	SUBI R@0,LOW(-@2)
                 	SBCI R@1,HIGH(-@2)
                 	.ENDM
                 
                 	.MACRO __ADDWRR
                 	ADD  R@0,R@2
                 	ADC  R@1,R@3
                 	.ENDM
                 
                 	.MACRO __SUBWRN
                 	SUBI R@0,LOW(@2)
                 	SBCI R@1,HIGH(@2)
                 	.ENDM
                 
                 	.MACRO __SUBWRR
                 	SUB  R@0,R@2
                 	SBC  R@1,R@3
                 	.ENDM
                 
                 	.MACRO __ANDWRN
                 	ANDI R@0,LOW(@2)
                 	ANDI R@1,HIGH(@2)
                 	.ENDM
                 
                 	.MACRO __ANDWRR
                 	AND  R@0,R@2
                 	AND  R@1,R@3
                 	.ENDM
                 
                 	.MACRO __ORWRN
                 	ORI  R@0,LOW(@2)
                 	ORI  R@1,HIGH(@2)
                 	.ENDM
                 
                 	.MACRO __ORWRR
                 	OR   R@0,R@2
                 	OR   R@1,R@3
                 	.ENDM
                 
                 	.MACRO __EORWRR
                 	EOR  R@0,R@2
                 	EOR  R@1,R@3
                 	.ENDM
                 
                 	.MACRO __GETWRS
                 	LDD  R@0,Y+@2
                 	LDD  R@1,Y+@2+1
                 	.ENDM
                 
                 	.MACRO __PUTBSR
                 	STD  Y+@1,R@0
                 	.ENDM
                 
                 	.MACRO __PUTWSR
                 	STD  Y+@2,R@0
                 	STD  Y+@2+1,R@1
                 	.ENDM
                 
                 	.MACRO __MOVEWRR
                 	MOV  R@0,R@2
                 	MOV  R@1,R@3
                 	.ENDM
                 
                 	.MACRO __INWR
                 	IN   R@0,@2
                 	IN   R@1,@2+1
                 	.ENDM
                 
                 	.MACRO __OUTWR
                 	OUT  @2+1,R@1
                 	OUT  @2,R@0
                 	.ENDM
                 
                 	.MACRO __CALL1MN
                 	LDS  R30,@0+(@1)
                 	LDS  R31,@0+(@1)+1
                 	ICALL
                 	.ENDM
                 
                 	.MACRO __CALL1FN
                 	LDI  R30,LOW(2*@0+(@1))
                 	LDI  R31,HIGH(2*@0+(@1))
                 	CALL __GETW1PF
                 	ICALL
                 	.ENDM
                 
                 	.MACRO __CALL2EN
                 	PUSH R26
                 	PUSH R27
                 	LDI  R26,LOW(@0+(@1))
                 	LDI  R27,HIGH(@0+(@1))
                 	CALL __EEPROMRDW
                 	POP  R27
                 	POP  R26
                 	ICALL
                 	.ENDM
                 
                 	.MACRO __CALL2EX
                 	SUBI R26,LOW(-@0)
                 	SBCI R27,HIGH(-@0)
                 	CALL __EEPROMRDD
                 	ICALL
                 	.ENDM
                 
                 	.MACRO __GETW1STACK
                 	IN   R30,SPL
                 	IN   R31,SPH
                 	ADIW R30,@0+1
                 	LD   R0,Z+
                 	LD   R31,Z
                 	MOV  R30,R0
                 	.ENDM
                 
                 	.MACRO __GETD1STACK
                 	IN   R30,SPL
                 	IN   R31,SPH
                 	ADIW R30,@0+1
                 	LD   R0,Z+
                 	LD   R1,Z+
                 	LD   R22,Z
                 	MOVW R30,R0
                 	.ENDM
                 
                 	.MACRO __NBST
                 	BST  R@0,@1
                 	IN   R30,SREG
                 	LDI  R31,0x40
                 	EOR  R30,R31
                 	OUT  SREG,R30
                 	.ENDM
                 
                 
                 	.MACRO __PUTB1SN
                 	LDD  R26,Y+@0
                 	LDD  R27,Y+@0+1
                 	SUBI R26,LOW(-@1)
                 	SBCI R27,HIGH(-@1)
                 	ST   X,R30
                 	.ENDM
                 
                 	.MACRO __PUTW1SN
                 	LDD  R26,Y+@0
                 	LDD  R27,Y+@0+1
                 	SUBI R26,LOW(-@1)
                 	SBCI R27,HIGH(-@1)
                 	ST   X+,R30
                 	ST   X,R31
                 	.ENDM
                 
                 	.MACRO __PUTD1SN
                 	LDD  R26,Y+@0
                 	LDD  R27,Y+@0+1
                 	SUBI R26,LOW(-@1)
                 	SBCI R27,HIGH(-@1)
                 	CALL __PUTDP1
                 	.ENDM
                 
                 	.MACRO __PUTB1SNS
                 	LDD  R26,Y+@0
                 	LDD  R27,Y+@0+1
                 	ADIW R26,@1
                 	ST   X,R30
                 	.ENDM
                 
                 	.MACRO __PUTW1SNS
                 	LDD  R26,Y+@0
                 	LDD  R27,Y+@0+1
                 	ADIW R26,@1
                 	ST   X+,R30
                 	ST   X,R31
                 	.ENDM
                 
                 	.MACRO __PUTD1SNS
                 	LDD  R26,Y+@0
                 	LDD  R27,Y+@0+1
                 	ADIW R26,@1
                 	CALL __PUTDP1
                 	.ENDM
                 
                 	.MACRO __PUTB1PMN
                 	LDS  R26,@0
                 	LDS  R27,@0+1
                 	SUBI R26,LOW(-@1)
                 	SBCI R27,HIGH(-@1)
                 	ST   X,R30
                 	.ENDM
                 
                 	.MACRO __PUTW1PMN
                 	LDS  R26,@0
                 	LDS  R27,@0+1
                 	SUBI R26,LOW(-@1)
                 	SBCI R27,HIGH(-@1)
                 	ST   X+,R30
                 	ST   X,R31
                 	.ENDM
                 
                 	.MACRO __PUTD1PMN
                 	LDS  R26,@0
                 	LDS  R27,@0+1
                 	SUBI R26,LOW(-@1)
                 	SBCI R27,HIGH(-@1)
                 	CALL __PUTDP1
                 	.ENDM
                 
                 	.MACRO __PUTB1PMNS
                 	LDS  R26,@0
                 	LDS  R27,@0+1
                 	ADIW R26,@1
                 	ST   X,R30
                 	.ENDM
                 
                 	.MACRO __PUTW1PMNS
                 	LDS  R26,@0
                 	LDS  R27,@0+1
                 	ADIW R26,@1
                 	ST   X+,R30
                 	ST   X,R31
                 	.ENDM
                 
                 	.MACRO __PUTD1PMNS
                 	LDS  R26,@0
                 	LDS  R27,@0+1
                 	ADIW R26,@1
                 	CALL __PUTDP1
                 	.ENDM
                 
                 	.MACRO __PUTB1RN
                 	MOVW R26,R@0
                 	SUBI R26,LOW(-@1)
                 	SBCI R27,HIGH(-@1)
                 	ST   X,R30
                 	.ENDM
                 
                 	.MACRO __PUTW1RN
                 	MOVW R26,R@0
                 	SUBI R26,LOW(-@1)
                 	SBCI R27,HIGH(-@1)
                 	ST   X+,R30
                 	ST   X,R31
                 	.ENDM
                 
                 	.MACRO __PUTD1RN
                 	MOVW R26,R@0
                 	SUBI R26,LOW(-@1)
                 	SBCI R27,HIGH(-@1)
                 	CALL __PUTDP1
                 	.ENDM
                 
                 	.MACRO __PUTB1RNS
                 	MOVW R26,R@0
                 	ADIW R26,@1
                 	ST   X,R30
                 	.ENDM
                 
                 	.MACRO __PUTW1RNS
                 	MOVW R26,R@0
                 	ADIW R26,@1
                 	ST   X+,R30
                 	ST   X,R31
                 	.ENDM
                 
                 	.MACRO __PUTD1RNS
                 	MOVW R26,R@0
                 	ADIW R26,@1
                 	CALL __PUTDP1
                 	.ENDM
                 
                 	.MACRO __PUTB1RON
                 	MOV  R26,R@0
                 	MOV  R27,R@1
                 	SUBI R26,LOW(-@2)
                 	SBCI R27,HIGH(-@2)
                 	ST   X,R30
                 	.ENDM
                 
                 	.MACRO __PUTW1RON
                 	MOV  R26,R@0
                 	MOV  R27,R@1
                 	SUBI R26,LOW(-@2)
                 	SBCI R27,HIGH(-@2)
                 	ST   X+,R30
                 	ST   X,R31
                 	.ENDM
                 
                 	.MACRO __PUTD1RON
                 	MOV  R26,R@0
                 	MOV  R27,R@1
                 	SUBI R26,LOW(-@2)
                 	SBCI R27,HIGH(-@2)
                 	CALL __PUTDP1
                 	.ENDM
                 
                 	.MACRO __PUTB1RONS
                 	MOV  R26,R@0
                 	MOV  R27,R@1
                 	ADIW R26,@2
                 	ST   X,R30
                 	.ENDM
                 
                 	.MACRO __PUTW1RONS
                 	MOV  R26,R@0
                 	MOV  R27,R@1
                 	ADIW R26,@2
                 	ST   X+,R30
                 	ST   X,R31
                 	.ENDM
                 
                 	.MACRO __PUTD1RONS
                 	MOV  R26,R@0
                 	MOV  R27,R@1
                 	ADIW R26,@2
                 	CALL __PUTDP1
                 	.ENDM
                 
                 
                 	.MACRO __GETB1SX
                 	MOVW R30,R28
                 	SUBI R30,LOW(-@0)
                 	SBCI R31,HIGH(-@0)
                 	LD   R30,Z
                 	.ENDM
                 
                 	.MACRO __GETB1HSX
                 	MOVW R30,R28
                 	SUBI R30,LOW(-@0)
                 	SBCI R31,HIGH(-@0)
                 	LD   R31,Z
                 	.ENDM
                 
                 	.MACRO __GETW1SX
                 	MOVW R30,R28
                 	SUBI R30,LOW(-@0)
                 	SBCI R31,HIGH(-@0)
                 	LD   R0,Z+
                 	LD   R31,Z
                 	MOV  R30,R0
                 	.ENDM
                 
                 	.MACRO __GETD1SX
                 	MOVW R30,R28
                 	SUBI R30,LOW(-@0)
                 	SBCI R31,HIGH(-@0)
                 	LD   R0,Z+
                 	LD   R1,Z+
                 	LD   R22,Z+
                 	LD   R23,Z
                 	MOVW R30,R0
                 	.ENDM
                 
                 	.MACRO __GETB2SX
                 	MOVW R26,R28
                 	SUBI R26,LOW(-@0)
                 	SBCI R27,HIGH(-@0)
                 	LD   R26,X
                 	.ENDM
                 
                 	.MACRO __GETW2SX
                 	MOVW R26,R28
                 	SUBI R26,LOW(-@0)
                 	SBCI R27,HIGH(-@0)
                 	LD   R0,X+
                 	LD   R27,X
                 	MOV  R26,R0
                 	.ENDM
                 
                 	.MACRO __GETD2SX
                 	MOVW R26,R28
                 	SUBI R26,LOW(-@0)
                 	SBCI R27,HIGH(-@0)
                 	LD   R0,X+
                 	LD   R1,X+
                 	LD   R24,X+
                 	LD   R25,X
                 	MOVW R26,R0
                 	.ENDM
                 
                 	.MACRO __GETBRSX
                 	MOVW R30,R28
                 	SUBI R30,LOW(-@1)
                 	SBCI R31,HIGH(-@1)
                 	LD   R@0,Z
                 	.ENDM
                 
                 	.MACRO __GETWRSX
                 	MOVW R30,R28
                 	SUBI R30,LOW(-@2)
                 	SBCI R31,HIGH(-@2)
                 	LD   R@0,Z+
                 	LD   R@1,Z
                 	.ENDM
                 
                 	.MACRO __GETBRSX2
                 	MOVW R26,R28
                 	SUBI R26,LOW(-@1)
                 	SBCI R27,HIGH(-@1)
                 	LD   R@0,X
                 	.ENDM
                 
                 	.MACRO __GETWRSX2
                 	MOVW R26,R28
                 	SUBI R26,LOW(-@2)
                 	SBCI R27,HIGH(-@2)
                 	LD   R@0,X+
                 	LD   R@1,X
                 	.ENDM
                 
                 	.MACRO __LSLW8SX
                 	MOVW R30,R28
                 	SUBI R30,LOW(-@0)
                 	SBCI R31,HIGH(-@0)
                 	LD   R31,Z
                 	CLR  R30
                 	.ENDM
                 
                 	.MACRO __PUTB1SX
                 	MOVW R26,R28
                 	SUBI R26,LOW(-@0)
                 	SBCI R27,HIGH(-@0)
                 	ST   X,R30
                 	.ENDM
                 
                 	.MACRO __PUTW1SX
                 	MOVW R26,R28
                 	SUBI R26,LOW(-@0)
                 	SBCI R27,HIGH(-@0)
                 	ST   X+,R30
                 	ST   X,R31
                 	.ENDM
                 
                 	.MACRO __PUTD1SX
                 	MOVW R26,R28
                 	SUBI R26,LOW(-@0)
                 	SBCI R27,HIGH(-@0)
                 	ST   X+,R30
                 	ST   X+,R31
                 	ST   X+,R22
                 	ST   X,R23
                 	.ENDM
                 
                 	.MACRO __CLRW1SX
                 	MOVW R26,R28
                 	SUBI R26,LOW(-@0)
                 	SBCI R27,HIGH(-@0)
                 	ST   X+,R30
                 	ST   X,R30
                 	.ENDM
                 
                 	.MACRO __CLRD1SX
                 	MOVW R26,R28
                 	SUBI R26,LOW(-@0)
                 	SBCI R27,HIGH(-@0)
                 	ST   X+,R30
                 	ST   X+,R30
                 	ST   X+,R30
                 	ST   X,R30
                 	.ENDM
                 
                 	.MACRO __PUTB2SX
                 	MOVW R30,R28
                 	SUBI R30,LOW(-@0)
                 	SBCI R31,HIGH(-@0)
                 	ST   Z,R26
                 	.ENDM
                 
                 	.MACRO __PUTW2SX
                 	MOVW R30,R28
                 	SUBI R30,LOW(-@0)
                 	SBCI R31,HIGH(-@0)
                 	ST   Z+,R26
                 	ST   Z,R27
                 	.ENDM
                 
                 	.MACRO __PUTD2SX
                 	MOVW R30,R28
                 	SUBI R30,LOW(-@0)
                 	SBCI R31,HIGH(-@0)
                 	ST   Z+,R26
                 	ST   Z+,R27
                 	ST   Z+,R24
                 	ST   Z,R25
                 	.ENDM
                 
                 	.MACRO __PUTBSRX
                 	MOVW R30,R28
                 	SUBI R30,LOW(-@1)
                 	SBCI R31,HIGH(-@1)
                 	ST   Z,R@0
                 	.ENDM
                 
                 	.MACRO __PUTWSRX
                 	MOVW R30,R28
                 	SUBI R30,LOW(-@2)
                 	SBCI R31,HIGH(-@2)
                 	ST   Z+,R@0
                 	ST   Z,R@1
                 	.ENDM
                 
                 	.MACRO __PUTB1SNX
                 	MOVW R26,R28
                 	SUBI R26,LOW(-@0)
                 	SBCI R27,HIGH(-@0)
                 	LD   R0,X+
                 	LD   R27,X
                 	MOV  R26,R0
                 	SUBI R26,LOW(-@1)
                 	SBCI R27,HIGH(-@1)
                 	ST   X,R30
                 	.ENDM
                 
                 	.MACRO __PUTW1SNX
                 	MOVW R26,R28
                 	SUBI R26,LOW(-@0)
                 	SBCI R27,HIGH(-@0)
                 	LD   R0,X+
                 	LD   R27,X
                 	MOV  R26,R0
                 	SUBI R26,LOW(-@1)
                 	SBCI R27,HIGH(-@1)
                 	ST   X+,R30
                 	ST   X,R31
                 	.ENDM
                 
                 	.MACRO __PUTD1SNX
                 	MOVW R26,R28
                 	SUBI R26,LOW(-@0)
                 	SBCI R27,HIGH(-@0)
                 	LD   R0,X+
                 	LD   R27,X
                 	MOV  R26,R0
                 	SUBI R26,LOW(-@1)
                 	SBCI R27,HIGH(-@1)
                 	ST   X+,R30
                 	ST   X+,R31
                 	ST   X+,R22
                 	ST   X,R23
                 	.ENDM
                 
                 	.MACRO __MULBRR
                 	MULS R@0,R@1
                 	MOVW R30,R0
                 	.ENDM
                 
                 	.MACRO __MULBRRU
                 	MUL  R@0,R@1
                 	MOVW R30,R0
                 	.ENDM
                 
                 	.MACRO __MULBRR0
                 	MULS R@0,R@1
                 	.ENDM
                 
                 	.MACRO __MULBRRU0
                 	MUL  R@0,R@1
                 	.ENDM
                 
                 	.MACRO __MULBNWRU
                 	LDI  R26,@2
                 	MUL  R26,R@0
                 	MOVW R30,R0
                 	MUL  R26,R@1
                 	ADD  R31,R0
                 	.ENDM
                 
                 ;NAME DEFINITIONS FOR GLOBAL VARIABLES ALLOCATED TO REGISTERS
                 	.DEF _k=R5
                 	.DEF __lcd_x=R4
                 	.DEF __lcd_y=R7
                 	.DEF __lcd_maxx=R6
                 
                 	.CSEG
                 	.ORG 0x00
                 
                 ;START OF CODE MARKER
                 __START_OF_CODE:
                 
                 ;INTERRUPT VECTORS
000000 940c 004e 	JMP  __RESET
000002 940c 0000 	JMP  0x00
000004 940c 0000 	JMP  0x00
000006 940c 0000 	JMP  0x00
000008 940c 0000 	JMP  0x00
00000a 940c 0000 	JMP  0x00
00000c 940c 0000 	JMP  0x00
00000e 940c 0000 	JMP  0x00
000010 940c 0000 	JMP  0x00
000012 940c 0000 	JMP  0x00
000014 940c 0000 	JMP  0x00
000016 940c 0000 	JMP  0x00
000018 940c 0000 	JMP  0x00
00001a 940c 0000 	JMP  0x00
00001c 940c 0000 	JMP  0x00
00001e 940c 0000 	JMP  0x00
000020 940c 0000 	JMP  0x00
000022 940c 0000 	JMP  0x00
000024 940c 0000 	JMP  0x00
000026 940c 0000 	JMP  0x00
000028 940c 0000 	JMP  0x00
                 
                 _tbl10_G100:
00002a 2710
00002b 03e8
00002c 0064
00002d 000a      	.DB  0x10,0x27,0xE8,0x3,0x64,0x0,0xA,0x0
00002e 0001      	.DB  0x1,0x0
                 _tbl16_G100:
00002f 1000
000030 0100
000031 0010
000032 0001      	.DB  0x0,0x10,0x0,0x1,0x10,0x0,0x1,0x0
                 
                 _0x0:
000033 6425
000034 2f00
000035 2a00
000036 2d00      	.DB  0x25,0x64,0x0,0x2F,0x0,0x2A,0x0,0x2D
000037 2b00
000038 3d00
C:\Users\Student\Desktop\KeyPad\Debug\List\KP.asm(1130): warning: .cseg .db misalignment - padding zero byte
000039 0000      	.DB  0x0,0x2B,0x0,0x3D,0x0
                 _0x2020003:
00003a c080      	.DB  0x80,0xC0
                 
                 __GLOBAL_INI_TBL:
00003b 0002      	.DW  0x02
00003c 0260      	.DW  _0x5D
00003d 0069      	.DW  _0x0*2+3
                 
00003e 0002      	.DW  0x02
00003f 0262      	.DW  _0x5D+2
000040 006b      	.DW  _0x0*2+5
                 
000041 0002      	.DW  0x02
000042 0264      	.DW  _0x5D+4
000043 006d      	.DW  _0x0*2+7
                 
000044 0002      	.DW  0x02
000045 0266      	.DW  _0x5D+6
000046 006f      	.DW  _0x0*2+9
                 
000047 0002      	.DW  0x02
000048 0268      	.DW  _0x5D+8
000049 0071      	.DW  _0x0*2+11
                 
00004a 0002      	.DW  0x02
00004b 027a      	.DW  __base_y_G101
00004c 0074      	.DW  _0x2020003*2
                 
                 _0xFFFFFFFF:
00004d 0000      	.DW  0
                 
                 #define __GLOBAL_INI_TBL_PRESENT 1
                 
                 __RESET:
00004e 94f8      	CLI
00004f 27ee      	CLR  R30
000050 bbec      	OUT  EECR,R30
                 
                 ;INTERRUPT VECTORS ARE PLACED
                 ;AT THE START OF FLASH
000051 e0f1      	LDI  R31,1
000052 bffb      	OUT  GICR,R31
000053 bfeb      	OUT  GICR,R30
000054 bfe5      	OUT  MCUCR,R30
                 
                 ;CLEAR R2-R14
000055 e08d      	LDI  R24,(14-2)+1
000056 e0a2      	LDI  R26,2
000057 27bb      	CLR  R27
                 __CLEAR_REG:
000058 93ed      	ST   X+,R30
000059 958a      	DEC  R24
00005a f7e9      	BRNE __CLEAR_REG
                 
                 ;CLEAR SRAM
00005b e080      	LDI  R24,LOW(__CLEAR_SRAM_SIZE)
00005c e098      	LDI  R25,HIGH(__CLEAR_SRAM_SIZE)
00005d e6a0      	LDI  R26,__SRAM_START
                 __CLEAR_SRAM:
00005e 93ed      	ST   X+,R30
00005f 9701      	SBIW R24,1
000060 f7e9      	BRNE __CLEAR_SRAM
                 
                 ;GLOBAL VARIABLES INITIALIZATION
000061 e7e6      	LDI  R30,LOW(__GLOBAL_INI_TBL*2)
000062 e0f0      	LDI  R31,HIGH(__GLOBAL_INI_TBL*2)
                 __GLOBAL_INI_NEXT:
000063 9185      	LPM  R24,Z+
000064 9195      	LPM  R25,Z+
000065 9700      	SBIW R24,0
000066 f061      	BREQ __GLOBAL_INI_END
000067 91a5      	LPM  R26,Z+
000068 91b5      	LPM  R27,Z+
000069 9005      	LPM  R0,Z+
00006a 9015      	LPM  R1,Z+
00006b 01bf      	MOVW R22,R30
00006c 01f0      	MOVW R30,R0
                 __GLOBAL_INI_LOOP:
00006d 9005      	LPM  R0,Z+
00006e 920d      	ST   X+,R0
00006f 9701      	SBIW R24,1
000070 f7e1      	BRNE __GLOBAL_INI_LOOP
000071 01fb      	MOVW R30,R22
000072 cff0      	RJMP __GLOBAL_INI_NEXT
                 __GLOBAL_INI_END:
                 
                 ;HARDWARE STACK POINTER INITIALIZATION
000073 e5ef      	LDI  R30,LOW(__SRAM_END-__HEAP_SIZE)
000074 bfed      	OUT  SPL,R30
000075 e0e8      	LDI  R30,HIGH(__SRAM_END-__HEAP_SIZE)
000076 bfee      	OUT  SPH,R30
                 
                 ;DATA STACK POINTER INITIALIZATION
000077 e6c0      	LDI  R28,LOW(__SRAM_START+__DSTACK_SIZE)
000078 e0d2      	LDI  R29,HIGH(__SRAM_START+__DSTACK_SIZE)
                 
000079 940c 00e0 	JMP  _main
                 
                 	.ESEG
                 	.ORG 0
                 
                 	.DSEG
                 	.ORG 0x260
                 
                 	.CSEG
                 ;/*******************************************************
                 ;This program was created by the
                 ;CodeWizardAVR V3.12 Advanced
                 ;Automatic Program Generator
                 ;© Copyright 1998-2014 Pavel Haiduc, HP InfoTech s.r.l.
                 ;http://www.hpinfotech.com
                 ;
                 ;Project :
                 ;Version :
                 ;Date    : 7/25/2025
                 ;Author  :
                 ;Company :
                 ;Comments:
                 ;
                 ;
                 ;Chip type               : ATmega32
                 ;Program type            : Application
                 ;AVR Core Clock frequency: 1.000000 MHz
                 ;Memory model            : Small
                 ;External RAM size       : 0
                 ;Data Stack size         : 512
                 ;*******************************************************/
                 ;
                 ;#include <mega32.h>
                 	#ifndef __SLEEP_DEFINED__
                 	#define __SLEEP_DEFINED__
                 	.EQU __se_bit=0x80
                 	.EQU __sm_mask=0x70
                 	.EQU __sm_powerdown=0x20
                 	.EQU __sm_powersave=0x30
                 	.EQU __sm_standby=0x60
                 	.EQU __sm_ext_standby=0x70
                 	.EQU __sm_adc_noise_red=0x10
                 	.SET power_ctrl_reg=mcucr
                 	#endif
                 ;#include <delay.h>
                 ;#include <stdio.h>
                 ;
                 ;// Alphanumeric LCD functions
                 ;#include <alcd.h>
                 ;
                 ;#define R1 PORTC.3
                 ;#define R2 PORTC.2
                 ;#define R3 PORTC.1
                 ;#define R4 PORTC.0
                 ;
                 ;#define C1 PINC.7
                 ;#define C2 PINC.6
                 ;#define C3 PINC.5
                 ;#define C4 PINC.4
                 ;
                 ;
                 ;
                 ;// Declare your global variables here
                 ;unsigned char k;
                 ;char t[16];
                 ;
                 ;unsigned char kb(void)
                 ; 0000 0030 {
                 
                 	.CSEG
                 _kb:
                 ; .FSTART _kb
                 ; 0000 0031  unsigned char k=16;
                 ; 0000 0032 
                 ; 0000 0033        //--------- ROW_1 ------------
                 ; 0000 0034        R1=0;
00007b 931a      	ST   -Y,R17
                 ;	k -> R17
00007c e110      	LDI  R17,16
00007d 98ab      	CBI  0x15,3
                 ; 0000 0035        delay_ms(3);
00007e 940e 03b6 	CALL SUBOPT_0x0
                 ; 0000 0036        if(C1==0){k=1;while(C1==0);}
000080 999f      	SBIC 0x13,7
000081 c003      	RJMP _0x5
000082 e011      	LDI  R17,LOW(1)
                 _0x6:
000083 9b9f      	SBIS 0x13,7
000084 cffe      	RJMP _0x6
                 ; 0000 0037        if(C2==0){k=2;while(C2==0);}
                 _0x5:
000085 999e      	SBIC 0x13,6
000086 c003      	RJMP _0x9
000087 e012      	LDI  R17,LOW(2)
                 _0xA:
000088 9b9e      	SBIS 0x13,6
000089 cffe      	RJMP _0xA
                 ; 0000 0038        if(C3==0){k=3;while(C3==0);}
                 _0x9:
00008a 999d      	SBIC 0x13,5
00008b c003      	RJMP _0xD
00008c e013      	LDI  R17,LOW(3)
                 _0xE:
00008d 9b9d      	SBIS 0x13,5
00008e cffe      	RJMP _0xE
                 ; 0000 0039        if(C4==0){k=10;while(C4==0);}
                 _0xD:
00008f 999c      	SBIC 0x13,4
000090 c003      	RJMP _0x11
000091 e01a      	LDI  R17,LOW(10)
                 _0x12:
000092 9b9c      	SBIS 0x13,4
000093 cffe      	RJMP _0x12
                 ; 0000 003A        R1=1;
                 _0x11:
000094 9aab      	SBI  0x15,3
                 ; 0000 003B        //--------- ROW_2 ------------
                 ; 0000 003C        R2=0;
000095 98aa      	CBI  0x15,2
                 ; 0000 003D        delay_ms(3);
000096 940e 03b6 	CALL SUBOPT_0x0
                 ; 0000 003E        if(C1==0){k=4;while(C1==0);}
000098 999f      	SBIC 0x13,7
000099 c003      	RJMP _0x19
00009a e014      	LDI  R17,LOW(4)
                 _0x1A:
00009b 9b9f      	SBIS 0x13,7
00009c cffe      	RJMP _0x1A
                 ; 0000 003F        if(C2==0){k=5;while(C2==0);}
                 _0x19:
00009d 999e      	SBIC 0x13,6
00009e c003      	RJMP _0x1D
00009f e015      	LDI  R17,LOW(5)
                 _0x1E:
0000a0 9b9e      	SBIS 0x13,6
0000a1 cffe      	RJMP _0x1E
                 ; 0000 0040        if(C3==0){k=6;while(C3==0);}
                 _0x1D:
0000a2 999d      	SBIC 0x13,5
0000a3 c003      	RJMP _0x21
0000a4 e016      	LDI  R17,LOW(6)
                 _0x22:
0000a5 9b9d      	SBIS 0x13,5
0000a6 cffe      	RJMP _0x22
                 ; 0000 0041        if(C4==0){k=11;while(C4==0);}
                 _0x21:
0000a7 999c      	SBIC 0x13,4
0000a8 c003      	RJMP _0x25
0000a9 e01b      	LDI  R17,LOW(11)
                 _0x26:
0000aa 9b9c      	SBIS 0x13,4
0000ab cffe      	RJMP _0x26
                 ; 0000 0042        R2=1;
                 _0x25:
0000ac 9aaa      	SBI  0x15,2
                 ; 0000 0043        //--------- ROW_3 ------------
                 ; 0000 0044        R3=0;
0000ad 98a9      	CBI  0x15,1
                 ; 0000 0045        delay_ms(3);
0000ae 940e 03b6 	CALL SUBOPT_0x0
                 ; 0000 0046        if(C1==0){k=7;while(C1==0);}
0000b0 999f      	SBIC 0x13,7
0000b1 c003      	RJMP _0x2D
0000b2 e017      	LDI  R17,LOW(7)
                 _0x2E:
0000b3 9b9f      	SBIS 0x13,7
0000b4 cffe      	RJMP _0x2E
                 ; 0000 0047        if(C2==0){k=8;while(C2==0);}
                 _0x2D:
0000b5 999e      	SBIC 0x13,6
0000b6 c003      	RJMP _0x31
0000b7 e018      	LDI  R17,LOW(8)
                 _0x32:
0000b8 9b9e      	SBIS 0x13,6
0000b9 cffe      	RJMP _0x32
                 ; 0000 0048        if(C3==0){k=9;while(C3==0);}
                 _0x31:
0000ba 999d      	SBIC 0x13,5
0000bb c003      	RJMP _0x35
0000bc e019      	LDI  R17,LOW(9)
                 _0x36:
0000bd 9b9d      	SBIS 0x13,5
0000be cffe      	RJMP _0x36
                 ; 0000 0049        if(C4==0){k=12;while(C4==0);}
                 _0x35:
0000bf 999c      	SBIC 0x13,4
0000c0 c003      	RJMP _0x39
0000c1 e01c      	LDI  R17,LOW(12)
                 _0x3A:
0000c2 9b9c      	SBIS 0x13,4
0000c3 cffe      	RJMP _0x3A
                 ; 0000 004A        R3=1;
                 _0x39:
0000c4 9aa9      	SBI  0x15,1
                 ; 0000 004B        //--------- ROW_4 ------------
                 ; 0000 004C        R4=0;
0000c5 98a8      	CBI  0x15,0
                 ; 0000 004D        delay_ms(3);
0000c6 940e 03b6 	CALL SUBOPT_0x0
                 ; 0000 004E        if(C1==0){k=15;while(C1==0);}
0000c8 999f      	SBIC 0x13,7
0000c9 c003      	RJMP _0x41
0000ca e01f      	LDI  R17,LOW(15)
                 _0x42:
0000cb 9b9f      	SBIS 0x13,7
0000cc cffe      	RJMP _0x42
                 ; 0000 004F        if(C2==0){k=0;while(C2==0);}
                 _0x41:
0000cd 999e      	SBIC 0x13,6
0000ce c003      	RJMP _0x45
0000cf e010      	LDI  R17,LOW(0)
                 _0x46:
0000d0 9b9e      	SBIS 0x13,6
0000d1 cffe      	RJMP _0x46
                 ; 0000 0050        if(C3==0){k=14;while(C3==0);}
                 _0x45:
0000d2 999d      	SBIC 0x13,5
0000d3 c003      	RJMP _0x49
0000d4 e01e      	LDI  R17,LOW(14)
                 _0x4A:
0000d5 9b9d      	SBIS 0x13,5
0000d6 cffe      	RJMP _0x4A
                 ; 0000 0051        if(C4==0){k=13;while(C4==0);}
                 _0x49:
0000d7 999c      	SBIC 0x13,4
0000d8 c003      	RJMP _0x4D
0000d9 e01d      	LDI  R17,LOW(13)
                 _0x4E:
0000da 9b9c      	SBIS 0x13,4
0000db cffe      	RJMP _0x4E
                 ; 0000 0052        R4=1;
                 _0x4D:
0000dc 9aa8      	SBI  0x15,0
                 ; 0000 0053        //------------------------------
                 ; 0000 0054        return k;
0000dd 2fe1      	MOV  R30,R17
0000de 9119      	LD   R17,Y+
0000df 9508      	RET
                 ; 0000 0055 }
                 ; .FEND
                 ;void main(void)
                 ; 0000 0057 {
                 _main:
                 ; .FSTART _main
                 ; 0000 0058 char a,b;
                 ; 0000 0059 
                 ; 0000 005A DDRD = 0xff;
                 ;	a -> R17
                 ;	b -> R16
0000e0 efef      	LDI  R30,LOW(255)
0000e1 bbe1      	OUT  0x11,R30
                 ; 0000 005B 
                 ; 0000 005C 
                 ; 0000 005D // Input/Output Ports initialization
                 ; 0000 005E // Port A initialization
                 ; 0000 005F // Function: Bit7=In Bit6=In Bit5=In Bit4=In Bit3=In Bit2=In Bit1=In Bit0=In
                 ; 0000 0060 DDRA=(0<<DDA7) | (0<<DDA6) | (0<<DDA5) | (0<<DDA4) | (0<<DDA3) | (0<<DDA2) | (0<<DDA1) | (0<<DDA0);
0000e2 e0e0      	LDI  R30,LOW(0)
0000e3 bbea      	OUT  0x1A,R30
                 ; 0000 0061 // State: Bit7=T Bit6=T Bit5=T Bit4=T Bit3=T Bit2=T Bit1=T Bit0=T
                 ; 0000 0062 PORTA=(0<<PORTA7) | (0<<PORTA6) | (0<<PORTA5) | (0<<PORTA4) | (0<<PORTA3) | (0<<PORTA2) | (0<<PORTA1) | (0<<PORTA0);
0000e4 bbeb      	OUT  0x1B,R30
                 ; 0000 0063 
                 ; 0000 0064 // Port B initialization
                 ; 0000 0065 // Function: Bit7=In Bit6=In Bit5=In Bit4=In Bit3=In Bit2=In Bit1=In Bit0=In
                 ; 0000 0066 DDRB=(0<<DDB7) | (0<<DDB6) | (0<<DDB5) | (0<<DDB4) | (0<<DDB3) | (0<<DDB2) | (0<<DDB1) | (0<<DDB0);
0000e5 bbe7      	OUT  0x17,R30
                 ; 0000 0067 // State: Bit7=T Bit6=T Bit5=T Bit4=T Bit3=T Bit2=T Bit1=T Bit0=T
                 ; 0000 0068 PORTB=(0<<PORTB7) | (0<<PORTB6) | (0<<PORTB5) | (0<<PORTB4) | (0<<PORTB3) | (0<<PORTB2) | (0<<PORTB1) | (0<<PORTB0);
0000e6 bbe8      	OUT  0x18,R30
                 ; 0000 0069 
                 ; 0000 006A // Port C initialization
                 ; 0000 006B // Function: Bit7=In Bit6=In Bit5=In Bit4=In Bit3=Out Bit2=Out Bit1=Out Bit0=Out
                 ; 0000 006C DDRC=(0<<DDC7) | (0<<DDC6) | (0<<DDC5) | (0<<DDC4) | (1<<DDC3) | (1<<DDC2) | (1<<DDC1) | (1<<DDC0);
0000e7 e0ef      	LDI  R30,LOW(15)
0000e8 bbe4      	OUT  0x14,R30
                 ; 0000 006D // State: Bit7=P Bit6=P Bit5=P Bit4=P Bit3=1 Bit2=1 Bit1=1 Bit0=1
                 ; 0000 006E PORTC=(1<<PORTC7) | (1<<PORTC6) | (1<<PORTC5) | (1<<PORTC4) | (1<<PORTC3) | (1<<PORTC2) | (1<<PORTC1) | (1<<PORTC0);
0000e9 efef      	LDI  R30,LOW(255)
0000ea bbe5      	OUT  0x15,R30
                 ; 0000 006F 
                 ; 0000 0070 // Port D initialization
                 ; 0000 0071 // Function: Bit7=Out Bit6=In Bit5=In Bit4=In Bit3=In Bit2=In Bit1=In Bit0=In
                 ; 0000 0072 DDRD=(1<<DDD7) | (0<<DDD6) | (0<<DDD5) | (0<<DDD4) | (0<<DDD3) | (0<<DDD2) | (0<<DDD1) | (0<<DDD0);
0000eb e8e0      	LDI  R30,LOW(128)
0000ec bbe1      	OUT  0x11,R30
                 ; 0000 0073 // State: Bit7=0 Bit6=T Bit5=T Bit4=T Bit3=T Bit2=T Bit1=T Bit0=T
                 ; 0000 0074 PORTD=(0<<PORTD7) | (0<<PORTD6) | (0<<PORTD5) | (0<<PORTD4) | (0<<PORTD3) | (0<<PORTD2) | (0<<PORTD1) | (0<<PORTD0);
0000ed e0e0      	LDI  R30,LOW(0)
0000ee bbe2      	OUT  0x12,R30
                 ; 0000 0075 
                 ; 0000 0076 // Timer/Counter 0 initialization
                 ; 0000 0077 // Clock source: System Clock
                 ; 0000 0078 // Clock value: Timer 0 Stopped
                 ; 0000 0079 // Mode: Normal top=0xFF
                 ; 0000 007A // OC0 output: Disconnected
                 ; 0000 007B TCCR0=(0<<WGM00) | (0<<COM01) | (0<<COM00) | (0<<WGM01) | (0<<CS02) | (0<<CS01) | (0<<CS00);
0000ef bfe3      	OUT  0x33,R30
                 ; 0000 007C TCNT0=0x00;
0000f0 bfe2      	OUT  0x32,R30
                 ; 0000 007D OCR0=0x00;
0000f1 bfec      	OUT  0x3C,R30
                 ; 0000 007E 
                 ; 0000 007F // Timer/Counter 1 initialization
                 ; 0000 0080 // Clock source: System Clock
                 ; 0000 0081 // Clock value: Timer1 Stopped
                 ; 0000 0082 // Mode: Normal top=0xFFFF
                 ; 0000 0083 // OC1A output: Disconnected
                 ; 0000 0084 // OC1B output: Disconnected
                 ; 0000 0085 // Noise Canceler: Off
                 ; 0000 0086 // Input Capture on Falling Edge
                 ; 0000 0087 // Timer1 Overflow Interrupt: Off
                 ; 0000 0088 // Input Capture Interrupt: Off
                 ; 0000 0089 // Compare A Match Interrupt: Off
                 ; 0000 008A // Compare B Match Interrupt: Off
                 ; 0000 008B TCCR1A=(0<<COM1A1) | (0<<COM1A0) | (0<<COM1B1) | (0<<COM1B0) | (0<<WGM11) | (0<<WGM10);
0000f2 bdef      	OUT  0x2F,R30
                 ; 0000 008C TCCR1B=(0<<ICNC1) | (0<<ICES1) | (0<<WGM13) | (0<<WGM12) | (0<<CS12) | (0<<CS11) | (0<<CS10);
0000f3 bdee      	OUT  0x2E,R30
                 ; 0000 008D TCNT1H=0x00;
0000f4 bded      	OUT  0x2D,R30
                 ; 0000 008E TCNT1L=0x00;
0000f5 bdec      	OUT  0x2C,R30
                 ; 0000 008F ICR1H=0x00;
0000f6 bde7      	OUT  0x27,R30
                 ; 0000 0090 ICR1L=0x00;
0000f7 bde6      	OUT  0x26,R30
                 ; 0000 0091 OCR1AH=0x00;
0000f8 bdeb      	OUT  0x2B,R30
                 ; 0000 0092 OCR1AL=0x00;
0000f9 bdea      	OUT  0x2A,R30
                 ; 0000 0093 OCR1BH=0x00;
0000fa bde9      	OUT  0x29,R30
                 ; 0000 0094 OCR1BL=0x00;
0000fb bde8      	OUT  0x28,R30
                 ; 0000 0095 
                 ; 0000 0096 // Timer/Counter 2 initialization
                 ; 0000 0097 // Clock source: System Clock
                 ; 0000 0098 // Clock value: Timer2 Stopped
                 ; 0000 0099 // Mode: Normal top=0xFF
                 ; 0000 009A // OC2 output: Disconnected
                 ; 0000 009B ASSR=0<<AS2;
0000fc bde2      	OUT  0x22,R30
                 ; 0000 009C TCCR2=(0<<PWM2) | (0<<COM21) | (0<<COM20) | (0<<CTC2) | (0<<CS22) | (0<<CS21) | (0<<CS20);
0000fd bde5      	OUT  0x25,R30
                 ; 0000 009D TCNT2=0x00;
0000fe bde4      	OUT  0x24,R30
                 ; 0000 009E OCR2=0x00;
0000ff bde3      	OUT  0x23,R30
                 ; 0000 009F 
                 ; 0000 00A0 // Timer(s)/Counter(s) Interrupt(s) initialization
                 ; 0000 00A1 TIMSK=(0<<OCIE2) | (0<<TOIE2) | (0<<TICIE1) | (0<<OCIE1A) | (0<<OCIE1B) | (0<<TOIE1) | (0<<OCIE0) | (0<<TOIE0);
000100 bfe9      	OUT  0x39,R30
                 ; 0000 00A2 
                 ; 0000 00A3 // External Interrupt(s) initialization
                 ; 0000 00A4 // INT0: Off
                 ; 0000 00A5 // INT1: Off
                 ; 0000 00A6 // INT2: Off
                 ; 0000 00A7 MCUCR=(0<<ISC11) | (0<<ISC10) | (0<<ISC01) | (0<<ISC00);
000101 bfe5      	OUT  0x35,R30
                 ; 0000 00A8 MCUCSR=(0<<ISC2);
000102 bfe4      	OUT  0x34,R30
                 ; 0000 00A9 
                 ; 0000 00AA // USART initialization
                 ; 0000 00AB // USART disabled
                 ; 0000 00AC UCSRB=(0<<RXCIE) | (0<<TXCIE) | (0<<UDRIE) | (0<<RXEN) | (0<<TXEN) | (0<<UCSZ2) | (0<<RXB8) | (0<<TXB8);
000103 b9ea      	OUT  0xA,R30
                 ; 0000 00AD 
                 ; 0000 00AE // Analog Comparator initialization
                 ; 0000 00AF // Analog Comparator: Off
                 ; 0000 00B0 // The Analog Comparator's positive input is
                 ; 0000 00B1 // connected to the AIN0 pin
                 ; 0000 00B2 // The Analog Comparator's negative input is
                 ; 0000 00B3 // connected to the AIN1 pin
                 ; 0000 00B4 ACSR=(1<<ACD) | (0<<ACBG) | (0<<ACO) | (0<<ACI) | (0<<ACIE) | (0<<ACIC) | (0<<ACIS1) | (0<<ACIS0);
000104 e8e0      	LDI  R30,LOW(128)
000105 b9e8      	OUT  0x8,R30
                 ; 0000 00B5 SFIOR=(0<<ACME);
000106 e0e0      	LDI  R30,LOW(0)
000107 bfe0      	OUT  0x30,R30
                 ; 0000 00B6 
                 ; 0000 00B7 // ADC initialization
                 ; 0000 00B8 // ADC disabled
                 ; 0000 00B9 ADCSRA=(0<<ADEN) | (0<<ADSC) | (0<<ADATE) | (0<<ADIF) | (0<<ADIE) | (0<<ADPS2) | (0<<ADPS1) | (0<<ADPS0);
000108 b9e6      	OUT  0x6,R30
                 ; 0000 00BA 
                 ; 0000 00BB // SPI initialization
                 ; 0000 00BC // SPI disabled
                 ; 0000 00BD SPCR=(0<<SPIE) | (0<<SPE) | (0<<DORD) | (0<<MSTR) | (0<<CPOL) | (0<<CPHA) | (0<<SPR1) | (0<<SPR0);
000109 b9ed      	OUT  0xD,R30
                 ; 0000 00BE 
                 ; 0000 00BF // TWI initialization
                 ; 0000 00C0 // TWI disabled
                 ; 0000 00C1 TWCR=(0<<TWEA) | (0<<TWSTA) | (0<<TWSTO) | (0<<TWEN) | (0<<TWIE);
00010a bfe6      	OUT  0x36,R30
                 ; 0000 00C2 
                 ; 0000 00C3 // Alphanumeric LCD initialization
                 ; 0000 00C4 // Connections are specified in the
                 ; 0000 00C5 // Project|Configure|C Compiler|Libraries|Alphanumeric LCD menu:
                 ; 0000 00C6 // RS - PORTA Bit 0
                 ; 0000 00C7 // RD - PORTA Bit 1
                 ; 0000 00C8 // EN - PORTA Bit 2
                 ; 0000 00C9 // D4 - PORTA Bit 4
                 ; 0000 00CA // D5 - PORTA Bit 5
                 ; 0000 00CB // D6 - PORTA Bit 6
                 ; 0000 00CC // D7 - PORTA Bit 7
                 ; 0000 00CD // Characters/line: 16
                 ; 0000 00CE lcd_init(16);
00010b e1a0      	LDI  R26,LOW(16)
00010c 940e 0370 	CALL _lcd_init
                 ; 0000 00CF _lcd_write_data(0xf);
00010e e0af      	LDI  R26,LOW(15)
00010f 940e 0323 	CALL __lcd_write_data
                 ; 0000 00D0 while (1)
                 _0x53:
                 ; 0000 00D1       {
                 ; 0000 00D2        k=kb();
000111 df69      	RCALL _kb
000112 2e5e      	MOV  R5,R30
                 ; 0000 00D3        if(k!=16)
000113 e1e0      	LDI  R30,LOW(16)
000114 15e5      	CP   R30,R5
000115 f409      	BRNE PC+2
000116 c04e      	RJMP _0x56
                 ; 0000 00D4        {
                 ; 0000 00D5 
                 ; 0000 00D6         if(k<10)
000117 e0ea      	LDI  R30,LOW(10)
000118 165e      	CP   R5,R30
000119 f4c0      	BRSH _0x57
                 ; 0000 00D7         {
                 ; 0000 00D8         sprintf(t,"%d",k);
00011a e6ea      	LDI  R30,LOW(_t)
00011b e0f2      	LDI  R31,HIGH(_t)
00011c 93fa      	ST   -Y,R31
00011d 93ea      	ST   -Y,R30
                +
00011e e6e6     +LDI R30 , LOW ( 2 * _0x0 + ( 0 ) )
00011f e0f0     +LDI R31 , HIGH ( 2 * _0x0 + ( 0 ) )
                 	__POINTW1FN _0x0,0
000120 93fa      	ST   -Y,R31
000121 93ea      	ST   -Y,R30
000122 2de5      	MOV  R30,R5
000123 27ff      	CLR  R31
000124 2766      	CLR  R22
000125 2777      	CLR  R23
000126 940e 040e 	CALL __PUTPARD1
000128 e084      	LDI  R24,4
000129 940e 02db 	CALL _sprintf
00012b 9628      	ADIW R28,8
                 ; 0000 00D9         lcd_puts(t);
00012c e6aa      	LDI  R26,LOW(_t)
00012d e0b2      	LDI  R27,HIGH(_t)
00012e 940e 035f 	CALL _lcd_puts
                 ; 0000 00DA         PORTD.7 = 1;
000130 940e 03ba 	CALL SUBOPT_0x1
                 ; 0000 00DB         delay_ms(50);
                 ; 0000 00DC         PORTD.7 = 0;
                 ; 0000 00DD         }
                 ; 0000 00DE         if(k==10) lcd_puts("/");
                 _0x57:
000132 e0ea      	LDI  R30,LOW(10)
000133 15e5      	CP   R30,R5
000134 f421      	BRNE _0x5C
                +
000135 e6a0     +LDI R26 , LOW ( _0x5D + ( 0 ) )
000136 e0b2     +LDI R27 , HIGH ( _0x5D + ( 0 ) )
                 	__POINTW2MN _0x5D,0
000137 940e 035f 	CALL _lcd_puts
                 ; 0000 00DF         if(k==11) lcd_puts("*");
                 _0x5C:
000139 e0eb      	LDI  R30,LOW(11)
00013a 15e5      	CP   R30,R5
00013b f421      	BRNE _0x5E
                +
00013c e6a2     +LDI R26 , LOW ( _0x5D + ( 2 ) )
00013d e0b2     +LDI R27 , HIGH ( _0x5D + ( 2 ) )
                 	__POINTW2MN _0x5D,2
00013e 940e 035f 	CALL _lcd_puts
                 ; 0000 00E0         if(k==12) lcd_puts("-");
                 _0x5E:
000140 e0ec      	LDI  R30,LOW(12)
000141 15e5      	CP   R30,R5
000142 f421      	BRNE _0x5F
                +
000143 e6a4     +LDI R26 , LOW ( _0x5D + ( 4 ) )
000144 e0b2     +LDI R27 , HIGH ( _0x5D + ( 4 ) )
                 	__POINTW2MN _0x5D,4
000145 940e 035f 	CALL _lcd_puts
                 ; 0000 00E1         if(k==13) lcd_puts("+");
                 _0x5F:
000147 e0ed      	LDI  R30,LOW(13)
000148 15e5      	CP   R30,R5
000149 f421      	BRNE _0x60
                +
00014a e6a6     +LDI R26 , LOW ( _0x5D + ( 6 ) )
00014b e0b2     +LDI R27 , HIGH ( _0x5D + ( 6 ) )
                 	__POINTW2MN _0x5D,6
00014c 940e 035f 	CALL _lcd_puts
                 ; 0000 00E2         if(k==14) lcd_puts("=");
                 _0x60:
00014e e0ee      	LDI  R30,LOW(14)
00014f 15e5      	CP   R30,R5
000150 f421      	BRNE _0x61
                +
000151 e6a8     +LDI R26 , LOW ( _0x5D + ( 8 ) )
000152 e0b2     +LDI R27 , HIGH ( _0x5D + ( 8 ) )
                 	__POINTW2MN _0x5D,8
000153 940e 035f 	CALL _lcd_puts
                 ; 0000 00E3 
                 ; 0000 00E4         PORTD.7 = 1;
                 _0x61:
000155 940e 03ba 	CALL SUBOPT_0x1
                 ; 0000 00E5         delay_ms(50);
                 ; 0000 00E6         PORTD.7 = 0;
                 ; 0000 00E7 
                 ; 0000 00E8 
                 ; 0000 00E9         if(k==15) {
000157 e0ef      	LDI  R30,LOW(15)
000158 15e5      	CP   R30,R5
000159 f459      	BRNE _0x66
                 ; 0000 00EA 
                 ; 0000 00EB         lcd_clear();
00015a 940e 033c 	CALL _lcd_clear
                 ; 0000 00EC         PORTD.7 = 1;
00015c 9a97      	SBI  0x12,7
                 ; 0000 00ED         delay_ms(100);
00015d e6a4      	LDI  R26,LOW(100)
00015e e0b0      	LDI  R27,0
00015f 940e 03f4 	CALL _delay_ms
                 ; 0000 00EE         PORTD.7 = 0;
000161 9897      	CBI  0x12,7
                 ; 0000 00EF         _lcd_write_data(0xf);
000162 e0af      	LDI  R26,LOW(15)
000163 940e 0323 	CALL __lcd_write_data
                 ; 0000 00F0         }
                 ; 0000 00F1        }
                 _0x66:
                 ; 0000 00F2       }
                 _0x56:
000165 cfab      	RJMP _0x53
                 ; 0000 00F3 }
                 _0x6B:
000166 cfff      	RJMP _0x6B
                 ; .FEND
                 
                 	.DSEG
                 _0x5D:
000260           	.BYTE 0xA
                 	#ifndef __SLEEP_DEFINED__
                 	#endif
                 
                 	.CSEG
                 _put_buff_G100:
                 ; .FSTART _put_buff_G100
000167 93ba      	ST   -Y,R27
000168 93aa      	ST   -Y,R26
000169 931a      	ST   -Y,R17
00016a 930a      	ST   -Y,R16
00016b 81aa      	LDD  R26,Y+2
00016c 81bb      	LDD  R27,Y+2+1
00016d 9612      	ADIW R26,2
00016e 940e 0406 	CALL __GETW1P
000170 9730      	SBIW R30,0
000171 f159      	BREQ _0x2000010
000172 81aa      	LDD  R26,Y+2
000173 81bb      	LDD  R27,Y+2+1
000174 9614      	ADIW R26,4
000175 940e 0406 	CALL __GETW1P
000177 018f      	MOVW R16,R30
000178 9730      	SBIW R30,0
000179 f061      	BREQ _0x2000012
                +
00017a 3002     +CPI R16 , LOW ( 2 )
00017b e0e0     +LDI R30 , HIGH ( 2 )
00017c 071e     +CPC R17 , R30
                 	__CPWRN 16,17,2
00017d f098      	BRLO _0x2000013
00017e 01f8      	MOVW R30,R16
00017f 9731      	SBIW R30,1
000180 018f      	MOVW R16,R30
                +
000181 81aa     +LDD R26 , Y + 2
000182 81bb     +LDD R27 , Y + 2 + 1
000183 9614     +ADIW R26 , 4
000184 93ed     +ST X + , R30
000185 93fc     +ST X , R31
                 	__PUTW1SNS 2,4
                 _0x2000012:
000186 81aa      	LDD  R26,Y+2
000187 81bb      	LDD  R27,Y+2+1
000188 9612      	ADIW R26,2
000189 91ed      	LD   R30,X+
00018a 91fd      	LD   R31,X+
00018b 9631      	ADIW R30,1
00018c 93fe      	ST   -X,R31
00018d 93ee      	ST   -X,R30
00018e 9731      	SBIW R30,1
00018f 81ac      	LDD  R26,Y+4
000190 83a0      	STD  Z+0,R26
                 _0x2000013:
000191 81aa      	LDD  R26,Y+2
000192 81bb      	LDD  R27,Y+2+1
000193 940e 0406 	CALL __GETW1P
000195 23ff      	TST  R31
000196 f02a      	BRMI _0x2000014
000197 91ed      	LD   R30,X+
000198 91fd      	LD   R31,X+
000199 9631      	ADIW R30,1
00019a 93fe      	ST   -X,R31
00019b 93ee      	ST   -X,R30
                 _0x2000014:
00019c c006      	RJMP _0x2000015
                 _0x2000010:
00019d 81aa      	LDD  R26,Y+2
00019e 81bb      	LDD  R27,Y+2+1
00019f efef      	LDI  R30,LOW(65535)
0001a0 efff      	LDI  R31,HIGH(65535)
0001a1 93ed      	ST   X+,R30
0001a2 93fc      	ST   X,R31
                 _0x2000015:
0001a3 8119      	LDD  R17,Y+1
0001a4 8108      	LDD  R16,Y+0
0001a5 9625      	ADIW R28,5
0001a6 9508      	RET
                 ; .FEND
                 __print_G100:
                 ; .FSTART __print_G100
0001a7 93ba      	ST   -Y,R27
0001a8 93aa      	ST   -Y,R26
0001a9 9726      	SBIW R28,6
0001aa 940e 0413 	CALL __SAVELOCR6
0001ac e010      	LDI  R17,0
0001ad 85ac      	LDD  R26,Y+12
0001ae 85bd      	LDD  R27,Y+12+1
0001af e0e0      	LDI  R30,LOW(0)
0001b0 e0f0      	LDI  R31,HIGH(0)
0001b1 93ed      	ST   X+,R30
0001b2 93fc      	ST   X,R31
                 _0x2000016:
0001b3 89ea      	LDD  R30,Y+18
0001b4 89fb      	LDD  R31,Y+18+1
0001b5 9631      	ADIW R30,1
0001b6 8bea      	STD  Y+18,R30
0001b7 8bfb      	STD  Y+18+1,R31
0001b8 9731      	SBIW R30,1
0001b9 91e4      	LPM  R30,Z
0001ba 2f2e      	MOV  R18,R30
0001bb 30e0      	CPI  R30,0
0001bc f409      	BRNE PC+2
0001bd c115      	RJMP _0x2000018
0001be 2fe1      	MOV  R30,R17
0001bf 30e0      	CPI  R30,0
0001c0 f439      	BRNE _0x200001C
0001c1 3225      	CPI  R18,37
0001c2 f411      	BRNE _0x200001D
0001c3 e011      	LDI  R17,LOW(1)
0001c4 c002      	RJMP _0x200001E
                 _0x200001D:
0001c5 940e 03c1 	CALL SUBOPT_0x2
                 _0x200001E:
0001c7 c10a      	RJMP _0x200001B
                 _0x200001C:
0001c8 30e1      	CPI  R30,LOW(0x1)
0001c9 f4a9      	BRNE _0x200001F
0001ca 3225      	CPI  R18,37
0001cb f419      	BRNE _0x2000020
0001cc 940e 03c1 	CALL SUBOPT_0x2
0001ce c102      	RJMP _0x20000CC
                 _0x2000020:
0001cf e012      	LDI  R17,LOW(2)
0001d0 e040      	LDI  R20,LOW(0)
0001d1 e000      	LDI  R16,LOW(0)
0001d2 322d      	CPI  R18,45
0001d3 f411      	BRNE _0x2000021
0001d4 e001      	LDI  R16,LOW(1)
0001d5 c0fc      	RJMP _0x200001B
                 _0x2000021:
0001d6 322b      	CPI  R18,43
0001d7 f411      	BRNE _0x2000022
0001d8 e24b      	LDI  R20,LOW(43)
0001d9 c0f8      	RJMP _0x200001B
                 _0x2000022:
0001da 3220      	CPI  R18,32
0001db f411      	BRNE _0x2000023
0001dc e240      	LDI  R20,LOW(32)
0001dd c0f4      	RJMP _0x200001B
                 _0x2000023:
0001de c002      	RJMP _0x2000024
                 _0x200001F:
0001df 30e2      	CPI  R30,LOW(0x2)
0001e0 f439      	BRNE _0x2000025
                 _0x2000024:
0001e1 e050      	LDI  R21,LOW(0)
0001e2 e013      	LDI  R17,LOW(3)
0001e3 3320      	CPI  R18,48
0001e4 f411      	BRNE _0x2000026
0001e5 6800      	ORI  R16,LOW(128)
0001e6 c0eb      	RJMP _0x200001B
                 _0x2000026:
0001e7 c003      	RJMP _0x2000027
                 _0x2000025:
0001e8 30e3      	CPI  R30,LOW(0x3)
0001e9 f009      	BREQ PC+2
0001ea c0e7      	RJMP _0x200001B
                 _0x2000027:
0001eb 3320      	CPI  R18,48
0001ec f010      	BRLO _0x200002A
0001ed 332a      	CPI  R18,58
0001ee f008      	BRLO _0x200002B
                 _0x200002A:
0001ef c007      	RJMP _0x2000029
                 _0x200002B:
0001f0 e0aa      	LDI  R26,LOW(10)
0001f1 9f5a      	MUL  R21,R26
0001f2 2d50      	MOV  R21,R0
0001f3 2fe2      	MOV  R30,R18
0001f4 53e0      	SUBI R30,LOW(48)
0001f5 0f5e      	ADD  R21,R30
0001f6 c0db      	RJMP _0x200001B
                 _0x2000029:
0001f7 2fe2      	MOV  R30,R18
0001f8 36e3      	CPI  R30,LOW(0x63)
0001f9 f449      	BRNE _0x200002F
0001fa 940e 03c8 	CALL SUBOPT_0x3
0001fc 89e8      	LDD  R30,Y+16
0001fd 89f9      	LDD  R31,Y+16+1
0001fe 81a4      	LDD  R26,Z+4
0001ff 93aa      	ST   -Y,R26
000200 940e 03ce 	CALL SUBOPT_0x4
000202 c0ce      	RJMP _0x2000030
                 _0x200002F:
000203 37e3      	CPI  R30,LOW(0x73)
000204 f441      	BRNE _0x2000032
000205 940e 03c8 	CALL SUBOPT_0x3
000207 940e 03d4 	CALL SUBOPT_0x5
000209 940e 039d 	CALL _strlen
00020b 2f1e      	MOV  R17,R30
00020c c00a      	RJMP _0x2000033
                 _0x2000032:
00020d 37e0      	CPI  R30,LOW(0x70)
00020e f461      	BRNE _0x2000035
00020f 940e 03c8 	CALL SUBOPT_0x3
000211 940e 03d4 	CALL SUBOPT_0x5
000213 940e 03a9 	CALL _strlenf
000215 2f1e      	MOV  R17,R30
000216 6008      	ORI  R16,LOW(8)
                 _0x2000033:
000217 6002      	ORI  R16,LOW(2)
000218 770f      	ANDI R16,LOW(127)
000219 e030      	LDI  R19,LOW(0)
00021a c034      	RJMP _0x2000036
                 _0x2000035:
00021b 36e4      	CPI  R30,LOW(0x64)
00021c f011      	BREQ _0x2000039
00021d 36e9      	CPI  R30,LOW(0x69)
00021e f411      	BRNE _0x200003A
                 _0x2000039:
00021f 6004      	ORI  R16,LOW(4)
000220 c002      	RJMP _0x200003B
                 _0x200003A:
000221 37e5      	CPI  R30,LOW(0x75)
000222 f431      	BRNE _0x200003C
                 _0x200003B:
000223 e5e4      	LDI  R30,LOW(_tbl10_G100*2)
000224 e0f0      	LDI  R31,HIGH(_tbl10_G100*2)
000225 83ee      	STD  Y+6,R30
000226 83ff      	STD  Y+6+1,R31
000227 e015      	LDI  R17,LOW(5)
000228 c00c      	RJMP _0x200003D
                 _0x200003C:
000229 35e8      	CPI  R30,LOW(0x58)
00022a f411      	BRNE _0x200003F
00022b 6008      	ORI  R16,LOW(8)
00022c c003      	RJMP _0x2000040
                 _0x200003F:
00022d 37e8      	CPI  R30,LOW(0x78)
00022e f009      	BREQ PC+2
00022f c0a1      	RJMP _0x2000071
                 _0x2000040:
000230 e5ee      	LDI  R30,LOW(_tbl16_G100*2)
000231 e0f0      	LDI  R31,HIGH(_tbl16_G100*2)
000232 83ee      	STD  Y+6,R30
000233 83ff      	STD  Y+6+1,R31
000234 e014      	LDI  R17,LOW(4)
                 _0x200003D:
000235 ff02      	SBRS R16,2
000236 c014      	RJMP _0x2000042
000237 940e 03c8 	CALL SUBOPT_0x3
000239 940e 03de 	CALL SUBOPT_0x6
00023b 85ab      	LDD  R26,Y+11
00023c 23aa      	TST  R26
00023d f43a      	BRPL _0x2000043
00023e 85ea      	LDD  R30,Y+10
00023f 85fb      	LDD  R31,Y+10+1
000240 940e 0402 	CALL __ANEGW1
000242 87ea      	STD  Y+10,R30
000243 87fb      	STD  Y+10+1,R31
000244 e24d      	LDI  R20,LOW(45)
                 _0x2000043:
000245 3040      	CPI  R20,0
000246 f011      	BREQ _0x2000044
000247 5f1f      	SUBI R17,-LOW(1)
000248 c001      	RJMP _0x2000045
                 _0x2000044:
000249 7f0b      	ANDI R16,LOW(251)
                 _0x2000045:
00024a c004      	RJMP _0x2000046
                 _0x2000042:
00024b 940e 03c8 	CALL SUBOPT_0x3
00024d 940e 03de 	CALL SUBOPT_0x6
                 _0x2000046:
                 _0x2000036:
00024f fd00      	SBRC R16,0
000250 c011      	RJMP _0x2000047
                 _0x2000048:
000251 1715      	CP   R17,R21
000252 f478      	BRSH _0x200004A
000253 ff07      	SBRS R16,7
000254 c008      	RJMP _0x200004B
000255 ff02      	SBRS R16,2
000256 c004      	RJMP _0x200004C
000257 7f0b      	ANDI R16,LOW(251)
000258 2f24      	MOV  R18,R20
000259 5011      	SUBI R17,LOW(1)
00025a c001      	RJMP _0x200004D
                 _0x200004C:
00025b e320      	LDI  R18,LOW(48)
                 _0x200004D:
00025c c001      	RJMP _0x200004E
                 _0x200004B:
00025d e220      	LDI  R18,LOW(32)
                 _0x200004E:
00025e 940e 03c1 	CALL SUBOPT_0x2
000260 5051      	SUBI R21,LOW(1)
000261 cfef      	RJMP _0x2000048
                 _0x200004A:
                 _0x2000047:
000262 2f31      	MOV  R19,R17
000263 ff01      	SBRS R16,1
000264 c017      	RJMP _0x200004F
                 _0x2000050:
000265 3030      	CPI  R19,0
000266 f0a1      	BREQ _0x2000052
000267 ff03      	SBRS R16,3
000268 c006      	RJMP _0x2000053
000269 81ee      	LDD  R30,Y+6
00026a 81ff      	LDD  R31,Y+6+1
00026b 9125      	LPM  R18,Z+
00026c 83ee      	STD  Y+6,R30
00026d 83ff      	STD  Y+6+1,R31
00026e c005      	RJMP _0x2000054
                 _0x2000053:
00026f 81ae      	LDD  R26,Y+6
000270 81bf      	LDD  R27,Y+6+1
000271 912d      	LD   R18,X+
000272 83ae      	STD  Y+6,R26
000273 83bf      	STD  Y+6+1,R27
                 _0x2000054:
000274 940e 03c1 	CALL SUBOPT_0x2
000276 3050      	CPI  R21,0
000277 f009      	BREQ _0x2000055
000278 5051      	SUBI R21,LOW(1)
                 _0x2000055:
000279 5031      	SUBI R19,LOW(1)
00027a cfea      	RJMP _0x2000050
                 _0x2000052:
00027b c04b      	RJMP _0x2000056
                 _0x200004F:
                 _0x2000058:
00027c e320      	LDI  R18,LOW(48)
00027d 81ee      	LDD  R30,Y+6
00027e 81ff      	LDD  R31,Y+6+1
00027f 940e 040a 	CALL __GETW1PF
000281 87e8      	STD  Y+8,R30
000282 87f9      	STD  Y+8+1,R31
000283 81ee      	LDD  R30,Y+6
000284 81ff      	LDD  R31,Y+6+1
000285 9632      	ADIW R30,2
000286 83ee      	STD  Y+6,R30
000287 83ff      	STD  Y+6+1,R31
                 _0x200005A:
000288 85e8      	LDD  R30,Y+8
000289 85f9      	LDD  R31,Y+8+1
00028a 85aa      	LDD  R26,Y+10
00028b 85bb      	LDD  R27,Y+10+1
00028c 17ae      	CP   R26,R30
00028d 07bf      	CPC  R27,R31
00028e f050      	BRLO _0x200005C
00028f 5f2f      	SUBI R18,-LOW(1)
000290 85a8      	LDD  R26,Y+8
000291 85b9      	LDD  R27,Y+8+1
000292 85ea      	LDD  R30,Y+10
000293 85fb      	LDD  R31,Y+10+1
000294 1bea      	SUB  R30,R26
000295 0bfb      	SBC  R31,R27
000296 87ea      	STD  Y+10,R30
000297 87fb      	STD  Y+10+1,R31
000298 cfef      	RJMP _0x200005A
                 _0x200005C:
000299 332a      	CPI  R18,58
00029a f028      	BRLO _0x200005D
00029b ff03      	SBRS R16,3
00029c c002      	RJMP _0x200005E
00029d 5f29      	SUBI R18,-LOW(7)
00029e c001      	RJMP _0x200005F
                 _0x200005E:
00029f 5d29      	SUBI R18,-LOW(39)
                 _0x200005F:
                 _0x200005D:
0002a0 fd04      	SBRC R16,4
0002a1 c01a      	RJMP _0x2000061
0002a2 3321      	CPI  R18,49
0002a3 f420      	BRSH _0x2000063
0002a4 85a8      	LDD  R26,Y+8
0002a5 85b9      	LDD  R27,Y+8+1
0002a6 9711      	SBIW R26,1
0002a7 f409      	BRNE _0x2000062
                 _0x2000063:
0002a8 c009      	RJMP _0x20000CD
                 _0x2000062:
0002a9 1753      	CP   R21,R19
0002aa f010      	BRLO _0x2000067
0002ab ff00      	SBRS R16,0
0002ac c001      	RJMP _0x2000068
                 _0x2000067:
0002ad c013      	RJMP _0x2000066
                 _0x2000068:
0002ae e220      	LDI  R18,LOW(32)
0002af ff07      	SBRS R16,7
0002b0 c00b      	RJMP _0x2000069
0002b1 e320      	LDI  R18,LOW(48)
                 _0x20000CD:
0002b2 6100      	ORI  R16,LOW(16)
0002b3 ff02      	SBRS R16,2
0002b4 c007      	RJMP _0x200006A
0002b5 7f0b      	ANDI R16,LOW(251)
0002b6 934a      	ST   -Y,R20
0002b7 940e 03ce 	CALL SUBOPT_0x4
0002b9 3050      	CPI  R21,0
0002ba f009      	BREQ _0x200006B
0002bb 5051      	SUBI R21,LOW(1)
                 _0x200006B:
                 _0x200006A:
                 _0x2000069:
                 _0x2000061:
0002bc 940e 03c1 	CALL SUBOPT_0x2
0002be 3050      	CPI  R21,0
0002bf f009      	BREQ _0x200006C
0002c0 5051      	SUBI R21,LOW(1)
                 _0x200006C:
                 _0x2000066:
0002c1 5031      	SUBI R19,LOW(1)
0002c2 85a8      	LDD  R26,Y+8
0002c3 85b9      	LDD  R27,Y+8+1
0002c4 9712      	SBIW R26,2
0002c5 f008      	BRLO _0x2000059
0002c6 cfb5      	RJMP _0x2000058
                 _0x2000059:
                 _0x2000056:
0002c7 ff00      	SBRS R16,0
0002c8 c008      	RJMP _0x200006D
                 _0x200006E:
0002c9 3050      	CPI  R21,0
0002ca f031      	BREQ _0x2000070
0002cb 5051      	SUBI R21,LOW(1)
0002cc e2e0      	LDI  R30,LOW(32)
0002cd 93ea      	ST   -Y,R30
0002ce 940e 03ce 	CALL SUBOPT_0x4
0002d0 cff8      	RJMP _0x200006E
                 _0x2000070:
                 _0x200006D:
                 _0x2000071:
                 _0x2000030:
                 _0x20000CC:
0002d1 e010      	LDI  R17,LOW(0)
                 _0x200001B:
0002d2 cee0      	RJMP _0x2000016
                 _0x2000018:
0002d3 85ac      	LDD  R26,Y+12
0002d4 85bd      	LDD  R27,Y+12+1
0002d5 940e 0406 	CALL __GETW1P
0002d7 940e 041a 	CALL __LOADLOCR6
0002d9 9664      	ADIW R28,20
0002da 9508      	RET
                 ; .FEND
                 _sprintf:
                 ; .FSTART _sprintf
0002db 92ff      	PUSH R15
0002dc 2ef8      	MOV  R15,R24
0002dd 9726      	SBIW R28,6
0002de 940e 0415 	CALL __SAVELOCR4
0002e0 940e 03e6 	CALL SUBOPT_0x7
0002e2 9730      	SBIW R30,0
0002e3 f419      	BRNE _0x2000072
0002e4 efef      	LDI  R30,LOW(65535)
0002e5 efff      	LDI  R31,HIGH(65535)
0002e6 c023      	RJMP _0x2080002
                 _0x2000072:
0002e7 01de      	MOVW R26,R28
0002e8 9616      	ADIW R26,6
0002e9 940e 03fe 	CALL __ADDW2R15
0002eb 018d      	MOVW R16,R26
0002ec 940e 03e6 	CALL SUBOPT_0x7
0002ee 83ee      	STD  Y+6,R30
0002ef 83ff      	STD  Y+6+1,R31
0002f0 e0e0      	LDI  R30,LOW(0)
0002f1 87e8      	STD  Y+8,R30
0002f2 87e9      	STD  Y+8+1,R30
0002f3 01de      	MOVW R26,R28
0002f4 961a      	ADIW R26,10
0002f5 940e 03fe 	CALL __ADDW2R15
0002f7 940e 0406 	CALL __GETW1P
0002f9 93fa      	ST   -Y,R31
0002fa 93ea      	ST   -Y,R30
0002fb 931a      	ST   -Y,R17
0002fc 930a      	ST   -Y,R16
0002fd e6e7      	LDI  R30,LOW(_put_buff_G100)
0002fe e0f1      	LDI  R31,HIGH(_put_buff_G100)
0002ff 93fa      	ST   -Y,R31
000300 93ea      	ST   -Y,R30
000301 01de      	MOVW R26,R28
000302 961a      	ADIW R26,10
000303 dea3      	RCALL __print_G100
000304 019f      	MOVW R18,R30
000305 81ae      	LDD  R26,Y+6
000306 81bf      	LDD  R27,Y+6+1
000307 e0e0      	LDI  R30,LOW(0)
000308 93ec      	ST   X,R30
000309 01f9      	MOVW R30,R18
                 _0x2080002:
00030a 940e 041c 	CALL __LOADLOCR4
00030c 962a      	ADIW R28,10
00030d 90ff      	POP  R15
00030e 9508      	RET
                 ; .FEND
                 	#ifndef __SLEEP_DEFINED__
                 	#endif
                 
                 	.DSEG
                 
                 	.CSEG
                 __lcd_write_nibble_G101:
                 ; .FSTART __lcd_write_nibble_G101
00030f 93aa      	ST   -Y,R26
000310 b3eb      	IN   R30,0x1B
000311 70ef      	ANDI R30,LOW(0xF)
000312 2fae      	MOV  R26,R30
000313 81e8      	LD   R30,Y
000314 7fe0      	ANDI R30,LOW(0xF0)
000315 2bea      	OR   R30,R26
000316 bbeb      	OUT  0x1B,R30
                +
000317 e082     +LDI R24 , LOW ( 2 )
                +__DELAY_USB_LOOP :
000318 958a     +DEC R24
000319 f7f1     +BRNE __DELAY_USB_LOOP
                 	__DELAY_USB 2
00031a 9ada      	SBI  0x1B,2
                +
00031b e082     +LDI R24 , LOW ( 2 )
                +__DELAY_USB_LOOP :
00031c 958a     +DEC R24
00031d f7f1     +BRNE __DELAY_USB_LOOP
                 	__DELAY_USB 2
00031e 98da      	CBI  0x1B,2
                +
00031f e082     +LDI R24 , LOW ( 2 )
                +__DELAY_USB_LOOP :
000320 958a     +DEC R24
000321 f7f1     +BRNE __DELAY_USB_LOOP
                 	__DELAY_USB 2
000322 c078      	RJMP _0x2080001
                 ; .FEND
                 __lcd_write_data:
                 ; .FSTART __lcd_write_data
000323 93aa      	ST   -Y,R26
000324 81a8      	LD   R26,Y
000325 dfe9      	RCALL __lcd_write_nibble_G101
000326 81e8          ld    r30,y
000327 95e2          swap  r30
000328 83e8          st    y,r30
000329 81a8      	LD   R26,Y
00032a dfe4      	RCALL __lcd_write_nibble_G101
                +
00032b e181     +LDI R24 , LOW ( 17 )
                +__DELAY_USB_LOOP :
00032c 958a     +DEC R24
00032d f7f1     +BRNE __DELAY_USB_LOOP
                 	__DELAY_USB 17
00032e c06c      	RJMP _0x2080001
                 ; .FEND
                 _lcd_gotoxy:
                 ; .FSTART _lcd_gotoxy
00032f 93aa      	ST   -Y,R26
000330 81e8      	LD   R30,Y
000331 e0f0      	LDI  R31,0
000332 58e6      	SUBI R30,LOW(-__base_y_G101)
000333 4ffd      	SBCI R31,HIGH(-__base_y_G101)
000334 81e0      	LD   R30,Z
000335 81a9      	LDD  R26,Y+1
000336 0fae      	ADD  R26,R30
000337 dfeb      	RCALL __lcd_write_data
000338 8049      	LDD  R4,Y+1
000339 8078      	LDD  R7,Y+0
00033a 9622      	ADIW R28,2
00033b 9508      	RET
                 ; .FEND
                 _lcd_clear:
                 ; .FSTART _lcd_clear
00033c e0a2      	LDI  R26,LOW(2)
00033d dfe5      	RCALL __lcd_write_data
00033e 940e 03b6 	CALL SUBOPT_0x0
000340 e0ac      	LDI  R26,LOW(12)
000341 dfe1      	RCALL __lcd_write_data
000342 e0a1      	LDI  R26,LOW(1)
000343 dfdf      	RCALL __lcd_write_data
000344 940e 03b6 	CALL SUBOPT_0x0
000346 e0e0      	LDI  R30,LOW(0)
000347 2e7e      	MOV  R7,R30
000348 2e4e      	MOV  R4,R30
000349 9508      	RET
                 ; .FEND
                 _lcd_putchar:
                 ; .FSTART _lcd_putchar
00034a 93aa      	ST   -Y,R26
00034b 81a8      	LD   R26,Y
00034c 30aa      	CPI  R26,LOW(0xA)
00034d f011      	BREQ _0x2020005
00034e 1446      	CP   R4,R6
00034f f048      	BRLO _0x2020004
                 _0x2020005:
000350 e0e0      	LDI  R30,LOW(0)
000351 93ea      	ST   -Y,R30
000352 9473      	INC  R7
000353 2da7      	MOV  R26,R7
000354 dfda      	RCALL _lcd_gotoxy
000355 81a8      	LD   R26,Y
000356 30aa      	CPI  R26,LOW(0xA)
000357 f409      	BRNE _0x2020007
000358 c042      	RJMP _0x2080001
                 _0x2020007:
                 _0x2020004:
000359 9443      	INC  R4
00035a 9ad8      	SBI  0x1B,0
00035b 81a8      	LD   R26,Y
00035c dfc6      	RCALL __lcd_write_data
00035d 98d8      	CBI  0x1B,0
00035e c03c      	RJMP _0x2080001
                 ; .FEND
                 _lcd_puts:
                 ; .FSTART _lcd_puts
00035f 93ba      	ST   -Y,R27
000360 93aa      	ST   -Y,R26
000361 931a      	ST   -Y,R17
                 _0x2020008:
000362 81a9      	LDD  R26,Y+1
000363 81ba      	LDD  R27,Y+1+1
000364 91ed      	LD   R30,X+
000365 83a9      	STD  Y+1,R26
000366 83ba      	STD  Y+1+1,R27
000367 2f1e      	MOV  R17,R30
000368 30e0      	CPI  R30,0
000369 f019      	BREQ _0x202000A
00036a 2fa1      	MOV  R26,R17
00036b dfde      	RCALL _lcd_putchar
00036c cff5      	RJMP _0x2020008
                 _0x202000A:
00036d 8118      	LDD  R17,Y+0
00036e 9623      	ADIW R28,3
00036f 9508      	RET
                 ; .FEND
                 _lcd_init:
                 ; .FSTART _lcd_init
000370 93aa      	ST   -Y,R26
000371 b3ea      	IN   R30,0x1A
000372 6fe0      	ORI  R30,LOW(0xF0)
000373 bbea      	OUT  0x1A,R30
000374 9ad2      	SBI  0x1A,2
000375 9ad0      	SBI  0x1A,0
000376 9ad1      	SBI  0x1A,1
000377 98da      	CBI  0x1B,2
000378 98d8      	CBI  0x1B,0
000379 98d9      	CBI  0x1B,1
00037a 8068      	LDD  R6,Y+0
00037b 81e8      	LD   R30,Y
00037c 58e0      	SUBI R30,-LOW(128)
                +
00037d 93e0 027c+STS __base_y_G101 + ( 2 ) , R30
                 	__PUTB1MN __base_y_G101,2
00037f 81e8      	LD   R30,Y
000380 54e0      	SUBI R30,-LOW(192)
                +
000381 93e0 027d+STS __base_y_G101 + ( 3 ) , R30
                 	__PUTB1MN __base_y_G101,3
000383 e1a4      	LDI  R26,LOW(20)
000384 e0b0      	LDI  R27,0
000385 940e 03f4 	CALL _delay_ms
000387 940e 03ed 	CALL SUBOPT_0x8
000389 940e 03ed 	CALL SUBOPT_0x8
00038b 940e 03ed 	CALL SUBOPT_0x8
00038d e2a0      	LDI  R26,LOW(32)
00038e df80      	RCALL __lcd_write_nibble_G101
                +
00038f e281     +LDI R24 , LOW ( 33 )
                +__DELAY_USB_LOOP :
000390 958a     +DEC R24
000391 f7f1     +BRNE __DELAY_USB_LOOP
                 	__DELAY_USB 33
000392 e2a8      	LDI  R26,LOW(40)
000393 df8f      	RCALL __lcd_write_data
000394 e0a4      	LDI  R26,LOW(4)
000395 df8d      	RCALL __lcd_write_data
000396 e8a5      	LDI  R26,LOW(133)
000397 df8b      	RCALL __lcd_write_data
000398 e0a6      	LDI  R26,LOW(6)
000399 df89      	RCALL __lcd_write_data
00039a dfa1      	RCALL _lcd_clear
                 _0x2080001:
00039b 9621      	ADIW R28,1
00039c 9508      	RET
                 ; .FEND
                 
                 	.CSEG
                 
                 	.CSEG
                 _strlen:
                 ; .FSTART _strlen
00039d 93ba      	ST   -Y,R27
00039e 93aa      	ST   -Y,R26
00039f 91a9          ld   r26,y+
0003a0 91b9          ld   r27,y+
0003a1 27ee          clr  r30
0003a2 27ff          clr  r31
                 strlen0:
0003a3 916d          ld   r22,x+
0003a4 2366          tst  r22
0003a5 f011          breq strlen1
0003a6 9631          adiw r30,1
0003a7 cffb          rjmp strlen0
                 strlen1:
0003a8 9508          ret
                 ; .FEND
                 _strlenf:
                 ; .FSTART _strlenf
0003a9 93ba      	ST   -Y,R27
0003aa 93aa      	ST   -Y,R26
0003ab 27aa          clr  r26
0003ac 27bb          clr  r27
0003ad 91e9          ld   r30,y+
0003ae 91f9          ld   r31,y+
                 strlenf0:
0003af 9005      	lpm  r0,z+
0003b0 2000          tst  r0
0003b1 f011          breq strlenf1
0003b2 9611          adiw r26,1
0003b3 cffb          rjmp strlenf0
                 strlenf1:
0003b4 01fd          movw r30,r26
0003b5 9508          ret
                 ; .FEND
                 
                 	.DSEG
                 _t:
00026a           	.BYTE 0x10
                 __base_y_G101:
00027a           	.BYTE 0x4
                 
                 	.CSEG
                 ;OPTIMIZER ADDED SUBROUTINE, CALLED 6 TIMES, CODE SIZE REDUCTION:7 WORDS
                 SUBOPT_0x0:
0003b6 e0a3      	LDI  R26,LOW(3)
0003b7 e0b0      	LDI  R27,0
0003b8 940c 03f4 	JMP  _delay_ms
                 
                 ;OPTIMIZER ADDED SUBROUTINE, CALLED 2 TIMES, CODE SIZE REDUCTION:1 WORDS
                 SUBOPT_0x1:
0003ba 9a97      	SBI  0x12,7
0003bb e3a2      	LDI  R26,LOW(50)
0003bc e0b0      	LDI  R27,0
0003bd 940e 03f4 	CALL _delay_ms
0003bf 9897      	CBI  0x12,7
0003c0 9508      	RET
                 
                 ;OPTIMIZER ADDED SUBROUTINE, CALLED 5 TIMES, CODE SIZE REDUCTION:13 WORDS
                 SUBOPT_0x2:
0003c1 932a      	ST   -Y,R18
0003c2 85ad      	LDD  R26,Y+13
0003c3 85be      	LDD  R27,Y+13+1
0003c4 85ef      	LDD  R30,Y+15
0003c5 89f8      	LDD  R31,Y+15+1
0003c6 9509      	ICALL
0003c7 9508      	RET
                 
                 ;OPTIMIZER ADDED SUBROUTINE, CALLED 5 TIMES, CODE SIZE REDUCTION:9 WORDS
                 SUBOPT_0x3:
0003c8 89e8      	LDD  R30,Y+16
0003c9 89f9      	LDD  R31,Y+16+1
0003ca 9734      	SBIW R30,4
0003cb 8be8      	STD  Y+16,R30
0003cc 8bf9      	STD  Y+16+1,R31
0003cd 9508      	RET
                 
                 ;OPTIMIZER ADDED SUBROUTINE, CALLED 3 TIMES, CODE SIZE REDUCTION:3 WORDS
                 SUBOPT_0x4:
0003ce 85ad      	LDD  R26,Y+13
0003cf 85be      	LDD  R27,Y+13+1
0003d0 85ef      	LDD  R30,Y+15
0003d1 89f8      	LDD  R31,Y+15+1
0003d2 9509      	ICALL
0003d3 9508      	RET
                 
                 ;OPTIMIZER ADDED SUBROUTINE, CALLED 2 TIMES, CODE SIZE REDUCTION:4 WORDS
                 SUBOPT_0x5:
0003d4 89a8      	LDD  R26,Y+16
0003d5 89b9      	LDD  R27,Y+16+1
0003d6 9614      	ADIW R26,4
0003d7 940e 0406 	CALL __GETW1P
0003d9 83ee      	STD  Y+6,R30
0003da 83ff      	STD  Y+6+1,R31
0003db 81ae      	LDD  R26,Y+6
0003dc 81bf      	LDD  R27,Y+6+1
0003dd 9508      	RET
                 
                 ;OPTIMIZER ADDED SUBROUTINE, CALLED 2 TIMES, CODE SIZE REDUCTION:2 WORDS
                 SUBOPT_0x6:
0003de 89a8      	LDD  R26,Y+16
0003df 89b9      	LDD  R27,Y+16+1
0003e0 9614      	ADIW R26,4
0003e1 940e 0406 	CALL __GETW1P
0003e3 87ea      	STD  Y+10,R30
0003e4 87fb      	STD  Y+10+1,R31
0003e5 9508      	RET
                 
                 ;OPTIMIZER ADDED SUBROUTINE, CALLED 2 TIMES, CODE SIZE REDUCTION:1 WORDS
                 SUBOPT_0x7:
0003e6 01de      	MOVW R26,R28
0003e7 961c      	ADIW R26,12
0003e8 940e 03fe 	CALL __ADDW2R15
0003ea 940e 0406 	CALL __GETW1P
0003ec 9508      	RET
                 
                 ;OPTIMIZER ADDED SUBROUTINE, CALLED 3 TIMES, CODE SIZE REDUCTION:5 WORDS
                 SUBOPT_0x8:
0003ed e3a0      	LDI  R26,LOW(48)
0003ee 940e 030f 	CALL __lcd_write_nibble_G101
                +
0003f0 e281     +LDI R24 , LOW ( 33 )
                +__DELAY_USB_LOOP :
0003f1 958a     +DEC R24
0003f2 f7f1     +BRNE __DELAY_USB_LOOP
                 	__DELAY_USB 33
0003f3 9508      	RET
                 
                 
                 	.CSEG
                 _delay_ms:
0003f4 9610      	adiw r26,0
0003f5 f039      	breq __delay_ms1
                 __delay_ms0:
                +
0003f6 ef8a     +LDI R24 , LOW ( 0xFA )
0003f7 e090     +LDI R25 , HIGH ( 0xFA )
                +__DELAY_USW_LOOP :
0003f8 9701     +SBIW R24 , 1
0003f9 f7f1     +BRNE __DELAY_USW_LOOP
                 	__DELAY_USW 0xFA
0003fa 95a8      	wdr
0003fb 9711      	sbiw r26,1
0003fc f7c9      	brne __delay_ms0
                 __delay_ms1:
0003fd 9508      	ret
                 
                 __ADDW2R15:
0003fe 2400      	CLR  R0
0003ff 0daf      	ADD  R26,R15
000400 1db0      	ADC  R27,R0
000401 9508      	RET
                 
                 __ANEGW1:
000402 95f1      	NEG  R31
000403 95e1      	NEG  R30
000404 40f0      	SBCI R31,0
000405 9508      	RET
                 
                 __GETW1P:
000406 91ed      	LD   R30,X+
000407 91fc      	LD   R31,X
000408 9711      	SBIW R26,1
000409 9508      	RET
                 
                 __GETW1PF:
00040a 9005      	LPM  R0,Z+
00040b 91f4      	LPM  R31,Z
00040c 2de0      	MOV  R30,R0
00040d 9508      	RET
                 
                 __PUTPARD1:
00040e 937a      	ST   -Y,R23
00040f 936a      	ST   -Y,R22
000410 93fa      	ST   -Y,R31
000411 93ea      	ST   -Y,R30
000412 9508      	RET
                 
                 __SAVELOCR6:
000413 935a      	ST   -Y,R21
                 __SAVELOCR5:
000414 934a      	ST   -Y,R20
                 __SAVELOCR4:
000415 933a      	ST   -Y,R19
                 __SAVELOCR3:
000416 932a      	ST   -Y,R18
                 __SAVELOCR2:
000417 931a      	ST   -Y,R17
000418 930a      	ST   -Y,R16
000419 9508      	RET
                 
                 __LOADLOCR6:
00041a 815d      	LDD  R21,Y+5
                 __LOADLOCR5:
00041b 814c      	LDD  R20,Y+4
                 __LOADLOCR4:
00041c 813b      	LDD  R19,Y+3
                 __LOADLOCR3:
00041d 812a      	LDD  R18,Y+2
                 __LOADLOCR2:
00041e 8119      	LDD  R17,Y+1
00041f 8108      	LD   R16,Y
000420 9508      	RET
                 
                 ;END OF CODE MARKER
                 __END_OF_CODE:


RESOURCE USE INFORMATION
------------------------

Notice:
The register and instruction counts are symbol table hit counts,
and hence implicitly used resources are not counted, eg, the
'lpm' instruction without operands implicitly uses r0 and z,
none of which are counted.

x,y,z are separate entities in the symbol table and are
counted separately from r26..r31 here.

.dseg memory usage only counts static data declared with .byte

ATmega32 register use summary:
r0 :  11 r1 :   1 r2 :   0 r3 :   0 r4 :   4 r5 :  10 r6 :   2 r7 :   4 
r8 :   0 r9 :   0 r10:   0 r11:   0 r12:   0 r13:   0 r14:   0 r15:   4 
r16:  34 r17:  44 r18:  29 r19:   8 r20:   9 r21:  17 r22:   6 r23:   2 
r24:  23 r25:   3 r26: 105 r27:  44 r28:  14 r29:   1 r30: 206 r31:  58 
x  :  23 y  : 167 z  :  15 
Registers used: 26 out of 35 (74.3%)

ATmega32 instruction use summary:
.lds  :   0 .lds.l:   0 .sts  :   0 .sts.l:   0 adc   :   1 add   :   3 
adiw  :  24 and   :   0 andi  :   6 asr   :   0 bclr  :   0 bld   :   0 
brbc  :   0 brbs  :   0 brcc  :   0 brcs  :   0 break :   0 breq  :  17 
brge  :   0 brhc  :   0 brhs  :   0 brid  :   0 brie  :   0 brlo  :   8 
brlt  :   0 brmi  :   1 brne  :  37 brpl  :   1 brsh  :   3 brtc  :   0 
brts  :   0 brvc  :   0 brvs  :   0 bset  :   0 bst   :   0 call  :  65 
cbi   :  11 cbr   :   0 clc   :   0 clh   :   0 cli   :   1 cln   :   0 
clr   :  10 cls   :   0 clt   :   0 clv   :   0 clz   :   0 com   :   0 
cp    :  12 cpc   :   2 cpi   :  33 cpse  :   0 dec   :   7 des   :   0 
eor   :   0 fmul  :   0 fmuls :   0 fmulsu:   0 icall :   2 ijmp  :   0 
in    :   2 inc   :   2 jmp   :  23 ld    :  26 ldd   :  77 ldi   : 130 
lds   :   0 lpm   :  14 lsl   :   0 lsr   :   0 mov   :  20 movw  :  14 
mul   :   1 muls  :   0 mulsu :   0 neg   :   2 nop   :   0 or    :   1 
ori   :   7 out   :  43 pop   :   1 push  :   1 rcall :  17 ret   :  26 
reti  :   0 rjmp  :  92 rol   :   0 ror   :   0 sbc   :   1 sbci  :   2 
sbi   :  11 sbic  :  16 sbis  :  16 sbiw  :  17 sbr   :   0 sbrc  :   2 
sbrs  :  10 sec   :   0 seh   :   0 sei   :   0 sen   :   0 ser   :   0 
ses   :   0 set   :   0 sev   :   0 sez   :   0 sleep :   0 spm   :   0 
st    :  59 std   :  31 sts   :   2 sub   :   1 subi  :  16 swap  :   1 
tst   :   4 wdr   :   1 
Instructions used: 54 out of 116 (46.6%)

ATmega32 memory use summary [bytes]:
Segment   Begin    End      Code   Data   Used    Size   Use%
---------------------------------------------------------------
[.cseg] 0x000000 0x000842   2042     72   2114   32768   6.5%
[.dseg] 0x000060 0x00027e      0     30     30    2048   1.5%
[.eseg] 0x000000 0x000000      0      0      0    1024   0.0%

Assembly complete, 0 errors, 5 warnings
