
AVRASM ver. 2.1.30  C:\Users\Bardia\Desktop\shhrivar7\ds1307\Debug\List\ds.asm Fri Aug 29 11:44:03 2025

C:\Users\Bardia\Desktop\shhrivar7\ds1307\Debug\List\ds.asm(1088): warning: Register r5 already defined by the .DEF directive
C:\Users\Bardia\Desktop\shhrivar7\ds1307\Debug\List\ds.asm(1089): warning: Register r4 already defined by the .DEF directive
C:\Users\Bardia\Desktop\shhrivar7\ds1307\Debug\List\ds.asm(1090): warning: Register r7 already defined by the .DEF directive
C:\Users\Bardia\Desktop\shhrivar7\ds1307\Debug\List\ds.asm(1091): warning: Register r6 already defined by the .DEF directive
C:\Users\Bardia\Desktop\shhrivar7\ds1307\Debug\List\ds.asm(1092): warning: Register r9 already defined by the .DEF directive
C:\Users\Bardia\Desktop\shhrivar7\ds1307\Debug\List\ds.asm(1093): warning: Register r8 already defined by the .DEF directive
                 
                 
                 ;CodeVisionAVR C Compiler V3.12 Advanced
                 ;(C) Copyright 1998-2014 Pavel Haiduc, HP InfoTech s.r.l.
                 ;http://www.hpinfotech.com
                 
                 ;Build configuration    : Debug
                 ;Chip type              : ATmega32
                 ;Program type           : Application
                 ;Clock frequency        : 1.000000 MHz
                 ;Memory model           : Small
                 ;Optimize for           : Size
                 ;(s)printf features     : int, width
                 ;(s)scanf features      : int, width
                 ;External RAM size      : 0
                 ;Data Stack size        : 512 byte(s)
                 ;Heap size              : 0 byte(s)
                 ;Promote 'char' to 'int': Yes
                 ;'char' is unsigned     : Yes
                 ;8 bit enums            : Yes
                 ;Global 'const' stored in FLASH: Yes
                 ;Enhanced function parameter passing: Yes
                 ;Enhanced core instructions: On
                 ;Automatic register allocation for global variables: On
                 ;Smart register allocation: On
                 
                 	#define _MODEL_SMALL_
                 
                 	#pragma AVRPART ADMIN PART_NAME ATmega32
                 	#pragma AVRPART MEMORY PROG_FLASH 32768
                 	#pragma AVRPART MEMORY EEPROM 1024
                 	#pragma AVRPART MEMORY INT_SRAM SIZE 2048
                 	#pragma AVRPART MEMORY INT_SRAM START_ADDR 0x60
                 
                 	#define CALL_SUPPORTED 1
                 
                 	.LISTMAC
                 	.EQU UDRE=0x5
                 	.EQU RXC=0x7
                 	.EQU USR=0xB
                 	.EQU UDR=0xC
                 	.EQU SPSR=0xE
                 	.EQU SPDR=0xF
                 	.EQU EERE=0x0
                 	.EQU EEWE=0x1
                 	.EQU EEMWE=0x2
                 	.EQU EECR=0x1C
                 	.EQU EEDR=0x1D
                 	.EQU EEARL=0x1E
                 	.EQU EEARH=0x1F
                 	.EQU WDTCR=0x21
                 	.EQU MCUCR=0x35
                 	.EQU GICR=0x3B
                 	.EQU SPL=0x3D
                 	.EQU SPH=0x3E
                 	.EQU SREG=0x3F
                 
                 	.DEF R0X0=R0
                 	.DEF R0X1=R1
                 	.DEF R0X2=R2
                 	.DEF R0X3=R3
                 	.DEF R0X4=R4
                 	.DEF R0X5=R5
                 	.DEF R0X6=R6
                 	.DEF R0X7=R7
                 	.DEF R0X8=R8
                 	.DEF R0X9=R9
                 	.DEF R0XA=R10
                 	.DEF R0XB=R11
                 	.DEF R0XC=R12
                 	.DEF R0XD=R13
                 	.DEF R0XE=R14
                 	.DEF R0XF=R15
                 	.DEF R0X10=R16
                 	.DEF R0X11=R17
                 	.DEF R0X12=R18
                 	.DEF R0X13=R19
                 	.DEF R0X14=R20
                 	.DEF R0X15=R21
                 	.DEF R0X16=R22
                 	.DEF R0X17=R23
                 	.DEF R0X18=R24
                 	.DEF R0X19=R25
                 	.DEF R0X1A=R26
                 	.DEF R0X1B=R27
                 	.DEF R0X1C=R28
                 	.DEF R0X1D=R29
                 	.DEF R0X1E=R30
                 	.DEF R0X1F=R31
                 
                 	.EQU __SRAM_START=0x0060
                 	.EQU __SRAM_END=0x085F
                 	.EQU __DSTACK_SIZE=0x0200
                 	.EQU __HEAP_SIZE=0x0000
                 	.EQU __CLEAR_SRAM_SIZE=__SRAM_END-__SRAM_START+1
                 
                 	.MACRO __CPD1N
                 	CPI  R30,LOW(@0)
                 	LDI  R26,HIGH(@0)
                 	CPC  R31,R26
                 	LDI  R26,BYTE3(@0)
                 	CPC  R22,R26
                 	LDI  R26,BYTE4(@0)
                 	CPC  R23,R26
                 	.ENDM
                 
                 	.MACRO __CPD2N
                 	CPI  R26,LOW(@0)
                 	LDI  R30,HIGH(@0)
                 	CPC  R27,R30
                 	LDI  R30,BYTE3(@0)
                 	CPC  R24,R30
                 	LDI  R30,BYTE4(@0)
                 	CPC  R25,R30
                 	.ENDM
                 
                 	.MACRO __CPWRR
                 	CP   R@0,R@2
                 	CPC  R@1,R@3
                 	.ENDM
                 
                 	.MACRO __CPWRN
                 	CPI  R@0,LOW(@2)
                 	LDI  R30,HIGH(@2)
                 	CPC  R@1,R30
                 	.ENDM
                 
                 	.MACRO __ADDB1MN
                 	SUBI R30,LOW(-@0-(@1))
                 	.ENDM
                 
                 	.MACRO __ADDB2MN
                 	SUBI R26,LOW(-@0-(@1))
                 	.ENDM
                 
                 	.MACRO __ADDW1MN
                 	SUBI R30,LOW(-@0-(@1))
                 	SBCI R31,HIGH(-@0-(@1))
                 	.ENDM
                 
                 	.MACRO __ADDW2MN
                 	SUBI R26,LOW(-@0-(@1))
                 	SBCI R27,HIGH(-@0-(@1))
                 	.ENDM
                 
                 	.MACRO __ADDW1FN
                 	SUBI R30,LOW(-2*@0-(@1))
                 	SBCI R31,HIGH(-2*@0-(@1))
                 	.ENDM
                 
                 	.MACRO __ADDD1FN
                 	SUBI R30,LOW(-2*@0-(@1))
                 	SBCI R31,HIGH(-2*@0-(@1))
                 	SBCI R22,BYTE3(-2*@0-(@1))
                 	.ENDM
                 
                 	.MACRO __ADDD1N
                 	SUBI R30,LOW(-@0)
                 	SBCI R31,HIGH(-@0)
                 	SBCI R22,BYTE3(-@0)
                 	SBCI R23,BYTE4(-@0)
                 	.ENDM
                 
                 	.MACRO __ADDD2N
                 	SUBI R26,LOW(-@0)
                 	SBCI R27,HIGH(-@0)
                 	SBCI R24,BYTE3(-@0)
                 	SBCI R25,BYTE4(-@0)
                 	.ENDM
                 
                 	.MACRO __SUBD1N
                 	SUBI R30,LOW(@0)
                 	SBCI R31,HIGH(@0)
                 	SBCI R22,BYTE3(@0)
                 	SBCI R23,BYTE4(@0)
                 	.ENDM
                 
                 	.MACRO __SUBD2N
                 	SUBI R26,LOW(@0)
                 	SBCI R27,HIGH(@0)
                 	SBCI R24,BYTE3(@0)
                 	SBCI R25,BYTE4(@0)
                 	.ENDM
                 
                 	.MACRO __ANDBMNN
                 	LDS  R30,@0+(@1)
                 	ANDI R30,LOW(@2)
                 	STS  @0+(@1),R30
                 	.ENDM
                 
                 	.MACRO __ANDWMNN
                 	LDS  R30,@0+(@1)
                 	ANDI R30,LOW(@2)
                 	STS  @0+(@1),R30
                 	LDS  R30,@0+(@1)+1
                 	ANDI R30,HIGH(@2)
                 	STS  @0+(@1)+1,R30
                 	.ENDM
                 
                 	.MACRO __ANDD1N
                 	ANDI R30,LOW(@0)
                 	ANDI R31,HIGH(@0)
                 	ANDI R22,BYTE3(@0)
                 	ANDI R23,BYTE4(@0)
                 	.ENDM
                 
                 	.MACRO __ANDD2N
                 	ANDI R26,LOW(@0)
                 	ANDI R27,HIGH(@0)
                 	ANDI R24,BYTE3(@0)
                 	ANDI R25,BYTE4(@0)
                 	.ENDM
                 
                 	.MACRO __ORBMNN
                 	LDS  R30,@0+(@1)
                 	ORI  R30,LOW(@2)
                 	STS  @0+(@1),R30
                 	.ENDM
                 
                 	.MACRO __ORWMNN
                 	LDS  R30,@0+(@1)
                 	ORI  R30,LOW(@2)
                 	STS  @0+(@1),R30
                 	LDS  R30,@0+(@1)+1
                 	ORI  R30,HIGH(@2)
                 	STS  @0+(@1)+1,R30
                 	.ENDM
                 
                 	.MACRO __ORD1N
                 	ORI  R30,LOW(@0)
                 	ORI  R31,HIGH(@0)
                 	ORI  R22,BYTE3(@0)
                 	ORI  R23,BYTE4(@0)
                 	.ENDM
                 
                 	.MACRO __ORD2N
                 	ORI  R26,LOW(@0)
                 	ORI  R27,HIGH(@0)
                 	ORI  R24,BYTE3(@0)
                 	ORI  R25,BYTE4(@0)
                 	.ENDM
                 
                 	.MACRO __DELAY_USB
                 	LDI  R24,LOW(@0)
                 __DELAY_USB_LOOP:
                 	DEC  R24
                 	BRNE __DELAY_USB_LOOP
                 	.ENDM
                 
                 	.MACRO __DELAY_USW
                 	LDI  R24,LOW(@0)
                 	LDI  R25,HIGH(@0)
                 __DELAY_USW_LOOP:
                 	SBIW R24,1
                 	BRNE __DELAY_USW_LOOP
                 	.ENDM
                 
                 	.MACRO __GETD1S
                 	LDD  R30,Y+@0
                 	LDD  R31,Y+@0+1
                 	LDD  R22,Y+@0+2
                 	LDD  R23,Y+@0+3
                 	.ENDM
                 
                 	.MACRO __GETD2S
                 	LDD  R26,Y+@0
                 	LDD  R27,Y+@0+1
                 	LDD  R24,Y+@0+2
                 	LDD  R25,Y+@0+3
                 	.ENDM
                 
                 	.MACRO __PUTD1S
                 	STD  Y+@0,R30
                 	STD  Y+@0+1,R31
                 	STD  Y+@0+2,R22
                 	STD  Y+@0+3,R23
                 	.ENDM
                 
                 	.MACRO __PUTD2S
                 	STD  Y+@0,R26
                 	STD  Y+@0+1,R27
                 	STD  Y+@0+2,R24
                 	STD  Y+@0+3,R25
                 	.ENDM
                 
                 	.MACRO __PUTDZ2
                 	STD  Z+@0,R26
                 	STD  Z+@0+1,R27
                 	STD  Z+@0+2,R24
                 	STD  Z+@0+3,R25
                 	.ENDM
                 
                 	.MACRO __CLRD1S
                 	STD  Y+@0,R30
                 	STD  Y+@0+1,R30
                 	STD  Y+@0+2,R30
                 	STD  Y+@0+3,R30
                 	.ENDM
                 
                 	.MACRO __POINTB1MN
                 	LDI  R30,LOW(@0+(@1))
                 	.ENDM
                 
                 	.MACRO __POINTW1MN
                 	LDI  R30,LOW(@0+(@1))
                 	LDI  R31,HIGH(@0+(@1))
                 	.ENDM
                 
                 	.MACRO __POINTD1M
                 	LDI  R30,LOW(@0)
                 	LDI  R31,HIGH(@0)
                 	LDI  R22,BYTE3(@0)
                 	LDI  R23,BYTE4(@0)
                 	.ENDM
                 
                 	.MACRO __POINTW1FN
                 	LDI  R30,LOW(2*@0+(@1))
                 	LDI  R31,HIGH(2*@0+(@1))
                 	.ENDM
                 
                 	.MACRO __POINTD1FN
                 	LDI  R30,LOW(2*@0+(@1))
                 	LDI  R31,HIGH(2*@0+(@1))
                 	LDI  R22,BYTE3(2*@0+(@1))
                 	LDI  R23,BYTE4(2*@0+(@1))
                 	.ENDM
                 
                 	.MACRO __POINTB2MN
                 	LDI  R26,LOW(@0+(@1))
                 	.ENDM
                 
                 	.MACRO __POINTW2MN
                 	LDI  R26,LOW(@0+(@1))
                 	LDI  R27,HIGH(@0+(@1))
                 	.ENDM
                 
                 	.MACRO __POINTW2FN
                 	LDI  R26,LOW(2*@0+(@1))
                 	LDI  R27,HIGH(2*@0+(@1))
                 	.ENDM
                 
                 	.MACRO __POINTD2FN
                 	LDI  R26,LOW(2*@0+(@1))
                 	LDI  R27,HIGH(2*@0+(@1))
                 	LDI  R24,BYTE3(2*@0+(@1))
                 	LDI  R25,BYTE4(2*@0+(@1))
                 	.ENDM
                 
                 	.MACRO __POINTBRM
                 	LDI  R@0,LOW(@1)
                 	.ENDM
                 
                 	.MACRO __POINTWRM
                 	LDI  R@0,LOW(@2)
                 	LDI  R@1,HIGH(@2)
                 	.ENDM
                 
                 	.MACRO __POINTBRMN
                 	LDI  R@0,LOW(@1+(@2))
                 	.ENDM
                 
                 	.MACRO __POINTWRMN
                 	LDI  R@0,LOW(@2+(@3))
                 	LDI  R@1,HIGH(@2+(@3))
                 	.ENDM
                 
                 	.MACRO __POINTWRFN
                 	LDI  R@0,LOW(@2*2+(@3))
                 	LDI  R@1,HIGH(@2*2+(@3))
                 	.ENDM
                 
                 	.MACRO __GETD1N
                 	LDI  R30,LOW(@0)
                 	LDI  R31,HIGH(@0)
                 	LDI  R22,BYTE3(@0)
                 	LDI  R23,BYTE4(@0)
                 	.ENDM
                 
                 	.MACRO __GETD2N
                 	LDI  R26,LOW(@0)
                 	LDI  R27,HIGH(@0)
                 	LDI  R24,BYTE3(@0)
                 	LDI  R25,BYTE4(@0)
                 	.ENDM
                 
                 	.MACRO __GETB1MN
                 	LDS  R30,@0+(@1)
                 	.ENDM
                 
                 	.MACRO __GETB1HMN
                 	LDS  R31,@0+(@1)
                 	.ENDM
                 
                 	.MACRO __GETW1MN
                 	LDS  R30,@0+(@1)
                 	LDS  R31,@0+(@1)+1
                 	.ENDM
                 
                 	.MACRO __GETD1MN
                 	LDS  R30,@0+(@1)
                 	LDS  R31,@0+(@1)+1
                 	LDS  R22,@0+(@1)+2
                 	LDS  R23,@0+(@1)+3
                 	.ENDM
                 
                 	.MACRO __GETBRMN
                 	LDS  R@0,@1+(@2)
                 	.ENDM
                 
                 	.MACRO __GETWRMN
                 	LDS  R@0,@2+(@3)
                 	LDS  R@1,@2+(@3)+1
                 	.ENDM
                 
                 	.MACRO __GETWRZ
                 	LDD  R@0,Z+@2
                 	LDD  R@1,Z+@2+1
                 	.ENDM
                 
                 	.MACRO __GETD2Z
                 	LDD  R26,Z+@0
                 	LDD  R27,Z+@0+1
                 	LDD  R24,Z+@0+2
                 	LDD  R25,Z+@0+3
                 	.ENDM
                 
                 	.MACRO __GETB2MN
                 	LDS  R26,@0+(@1)
                 	.ENDM
                 
                 	.MACRO __GETW2MN
                 	LDS  R26,@0+(@1)
                 	LDS  R27,@0+(@1)+1
                 	.ENDM
                 
                 	.MACRO __GETD2MN
                 	LDS  R26,@0+(@1)
                 	LDS  R27,@0+(@1)+1
                 	LDS  R24,@0+(@1)+2
                 	LDS  R25,@0+(@1)+3
                 	.ENDM
                 
                 	.MACRO __PUTB1MN
                 	STS  @0+(@1),R30
                 	.ENDM
                 
                 	.MACRO __PUTW1MN
                 	STS  @0+(@1),R30
                 	STS  @0+(@1)+1,R31
                 	.ENDM
                 
                 	.MACRO __PUTD1MN
                 	STS  @0+(@1),R30
                 	STS  @0+(@1)+1,R31
                 	STS  @0+(@1)+2,R22
                 	STS  @0+(@1)+3,R23
                 	.ENDM
                 
                 	.MACRO __PUTB1EN
                 	LDI  R26,LOW(@0+(@1))
                 	LDI  R27,HIGH(@0+(@1))
                 	CALL __EEPROMWRB
                 	.ENDM
                 
                 	.MACRO __PUTW1EN
                 	LDI  R26,LOW(@0+(@1))
                 	LDI  R27,HIGH(@0+(@1))
                 	CALL __EEPROMWRW
                 	.ENDM
                 
                 	.MACRO __PUTD1EN
                 	LDI  R26,LOW(@0+(@1))
                 	LDI  R27,HIGH(@0+(@1))
                 	CALL __EEPROMWRD
                 	.ENDM
                 
                 	.MACRO __PUTBR0MN
                 	STS  @0+(@1),R0
                 	.ENDM
                 
                 	.MACRO __PUTBMRN
                 	STS  @0+(@1),R@2
                 	.ENDM
                 
                 	.MACRO __PUTWMRN
                 	STS  @0+(@1),R@2
                 	STS  @0+(@1)+1,R@3
                 	.ENDM
                 
                 	.MACRO __PUTBZR
                 	STD  Z+@1,R@0
                 	.ENDM
                 
                 	.MACRO __PUTWZR
                 	STD  Z+@2,R@0
                 	STD  Z+@2+1,R@1
                 	.ENDM
                 
                 	.MACRO __GETW1R
                 	MOV  R30,R@0
                 	MOV  R31,R@1
                 	.ENDM
                 
                 	.MACRO __GETW2R
                 	MOV  R26,R@0
                 	MOV  R27,R@1
                 	.ENDM
                 
                 	.MACRO __GETWRN
                 	LDI  R@0,LOW(@2)
                 	LDI  R@1,HIGH(@2)
                 	.ENDM
                 
                 	.MACRO __PUTW1R
                 	MOV  R@0,R30
                 	MOV  R@1,R31
                 	.ENDM
                 
                 	.MACRO __PUTW2R
                 	MOV  R@0,R26
                 	MOV  R@1,R27
                 	.ENDM
                 
                 	.MACRO __ADDWRN
                 	SUBI R@0,LOW(-@2)
                 	SBCI R@1,HIGH(-@2)
                 	.ENDM
                 
                 	.MACRO __ADDWRR
                 	ADD  R@0,R@2
                 	ADC  R@1,R@3
                 	.ENDM
                 
                 	.MACRO __SUBWRN
                 	SUBI R@0,LOW(@2)
                 	SBCI R@1,HIGH(@2)
                 	.ENDM
                 
                 	.MACRO __SUBWRR
                 	SUB  R@0,R@2
                 	SBC  R@1,R@3
                 	.ENDM
                 
                 	.MACRO __ANDWRN
                 	ANDI R@0,LOW(@2)
                 	ANDI R@1,HIGH(@2)
                 	.ENDM
                 
                 	.MACRO __ANDWRR
                 	AND  R@0,R@2
                 	AND  R@1,R@3
                 	.ENDM
                 
                 	.MACRO __ORWRN
                 	ORI  R@0,LOW(@2)
                 	ORI  R@1,HIGH(@2)
                 	.ENDM
                 
                 	.MACRO __ORWRR
                 	OR   R@0,R@2
                 	OR   R@1,R@3
                 	.ENDM
                 
                 	.MACRO __EORWRR
                 	EOR  R@0,R@2
                 	EOR  R@1,R@3
                 	.ENDM
                 
                 	.MACRO __GETWRS
                 	LDD  R@0,Y+@2
                 	LDD  R@1,Y+@2+1
                 	.ENDM
                 
                 	.MACRO __PUTBSR
                 	STD  Y+@1,R@0
                 	.ENDM
                 
                 	.MACRO __PUTWSR
                 	STD  Y+@2,R@0
                 	STD  Y+@2+1,R@1
                 	.ENDM
                 
                 	.MACRO __MOVEWRR
                 	MOV  R@0,R@2
                 	MOV  R@1,R@3
                 	.ENDM
                 
                 	.MACRO __INWR
                 	IN   R@0,@2
                 	IN   R@1,@2+1
                 	.ENDM
                 
                 	.MACRO __OUTWR
                 	OUT  @2+1,R@1
                 	OUT  @2,R@0
                 	.ENDM
                 
                 	.MACRO __CALL1MN
                 	LDS  R30,@0+(@1)
                 	LDS  R31,@0+(@1)+1
                 	ICALL
                 	.ENDM
                 
                 	.MACRO __CALL1FN
                 	LDI  R30,LOW(2*@0+(@1))
                 	LDI  R31,HIGH(2*@0+(@1))
                 	CALL __GETW1PF
                 	ICALL
                 	.ENDM
                 
                 	.MACRO __CALL2EN
                 	PUSH R26
                 	PUSH R27
                 	LDI  R26,LOW(@0+(@1))
                 	LDI  R27,HIGH(@0+(@1))
                 	CALL __EEPROMRDW
                 	POP  R27
                 	POP  R26
                 	ICALL
                 	.ENDM
                 
                 	.MACRO __CALL2EX
                 	SUBI R26,LOW(-@0)
                 	SBCI R27,HIGH(-@0)
                 	CALL __EEPROMRDD
                 	ICALL
                 	.ENDM
                 
                 	.MACRO __GETW1STACK
                 	IN   R30,SPL
                 	IN   R31,SPH
                 	ADIW R30,@0+1
                 	LD   R0,Z+
                 	LD   R31,Z
                 	MOV  R30,R0
                 	.ENDM
                 
                 	.MACRO __GETD1STACK
                 	IN   R30,SPL
                 	IN   R31,SPH
                 	ADIW R30,@0+1
                 	LD   R0,Z+
                 	LD   R1,Z+
                 	LD   R22,Z
                 	MOVW R30,R0
                 	.ENDM
                 
                 	.MACRO __NBST
                 	BST  R@0,@1
                 	IN   R30,SREG
                 	LDI  R31,0x40
                 	EOR  R30,R31
                 	OUT  SREG,R30
                 	.ENDM
                 
                 
                 	.MACRO __PUTB1SN
                 	LDD  R26,Y+@0
                 	LDD  R27,Y+@0+1
                 	SUBI R26,LOW(-@1)
                 	SBCI R27,HIGH(-@1)
                 	ST   X,R30
                 	.ENDM
                 
                 	.MACRO __PUTW1SN
                 	LDD  R26,Y+@0
                 	LDD  R27,Y+@0+1
                 	SUBI R26,LOW(-@1)
                 	SBCI R27,HIGH(-@1)
                 	ST   X+,R30
                 	ST   X,R31
                 	.ENDM
                 
                 	.MACRO __PUTD1SN
                 	LDD  R26,Y+@0
                 	LDD  R27,Y+@0+1
                 	SUBI R26,LOW(-@1)
                 	SBCI R27,HIGH(-@1)
                 	CALL __PUTDP1
                 	.ENDM
                 
                 	.MACRO __PUTB1SNS
                 	LDD  R26,Y+@0
                 	LDD  R27,Y+@0+1
                 	ADIW R26,@1
                 	ST   X,R30
                 	.ENDM
                 
                 	.MACRO __PUTW1SNS
                 	LDD  R26,Y+@0
                 	LDD  R27,Y+@0+1
                 	ADIW R26,@1
                 	ST   X+,R30
                 	ST   X,R31
                 	.ENDM
                 
                 	.MACRO __PUTD1SNS
                 	LDD  R26,Y+@0
                 	LDD  R27,Y+@0+1
                 	ADIW R26,@1
                 	CALL __PUTDP1
                 	.ENDM
                 
                 	.MACRO __PUTB1PMN
                 	LDS  R26,@0
                 	LDS  R27,@0+1
                 	SUBI R26,LOW(-@1)
                 	SBCI R27,HIGH(-@1)
                 	ST   X,R30
                 	.ENDM
                 
                 	.MACRO __PUTW1PMN
                 	LDS  R26,@0
                 	LDS  R27,@0+1
                 	SUBI R26,LOW(-@1)
                 	SBCI R27,HIGH(-@1)
                 	ST   X+,R30
                 	ST   X,R31
                 	.ENDM
                 
                 	.MACRO __PUTD1PMN
                 	LDS  R26,@0
                 	LDS  R27,@0+1
                 	SUBI R26,LOW(-@1)
                 	SBCI R27,HIGH(-@1)
                 	CALL __PUTDP1
                 	.ENDM
                 
                 	.MACRO __PUTB1PMNS
                 	LDS  R26,@0
                 	LDS  R27,@0+1
                 	ADIW R26,@1
                 	ST   X,R30
                 	.ENDM
                 
                 	.MACRO __PUTW1PMNS
                 	LDS  R26,@0
                 	LDS  R27,@0+1
                 	ADIW R26,@1
                 	ST   X+,R30
                 	ST   X,R31
                 	.ENDM
                 
                 	.MACRO __PUTD1PMNS
                 	LDS  R26,@0
                 	LDS  R27,@0+1
                 	ADIW R26,@1
                 	CALL __PUTDP1
                 	.ENDM
                 
                 	.MACRO __PUTB1RN
                 	MOVW R26,R@0
                 	SUBI R26,LOW(-@1)
                 	SBCI R27,HIGH(-@1)
                 	ST   X,R30
                 	.ENDM
                 
                 	.MACRO __PUTW1RN
                 	MOVW R26,R@0
                 	SUBI R26,LOW(-@1)
                 	SBCI R27,HIGH(-@1)
                 	ST   X+,R30
                 	ST   X,R31
                 	.ENDM
                 
                 	.MACRO __PUTD1RN
                 	MOVW R26,R@0
                 	SUBI R26,LOW(-@1)
                 	SBCI R27,HIGH(-@1)
                 	CALL __PUTDP1
                 	.ENDM
                 
                 	.MACRO __PUTB1RNS
                 	MOVW R26,R@0
                 	ADIW R26,@1
                 	ST   X,R30
                 	.ENDM
                 
                 	.MACRO __PUTW1RNS
                 	MOVW R26,R@0
                 	ADIW R26,@1
                 	ST   X+,R30
                 	ST   X,R31
                 	.ENDM
                 
                 	.MACRO __PUTD1RNS
                 	MOVW R26,R@0
                 	ADIW R26,@1
                 	CALL __PUTDP1
                 	.ENDM
                 
                 	.MACRO __PUTB1RON
                 	MOV  R26,R@0
                 	MOV  R27,R@1
                 	SUBI R26,LOW(-@2)
                 	SBCI R27,HIGH(-@2)
                 	ST   X,R30
                 	.ENDM
                 
                 	.MACRO __PUTW1RON
                 	MOV  R26,R@0
                 	MOV  R27,R@1
                 	SUBI R26,LOW(-@2)
                 	SBCI R27,HIGH(-@2)
                 	ST   X+,R30
                 	ST   X,R31
                 	.ENDM
                 
                 	.MACRO __PUTD1RON
                 	MOV  R26,R@0
                 	MOV  R27,R@1
                 	SUBI R26,LOW(-@2)
                 	SBCI R27,HIGH(-@2)
                 	CALL __PUTDP1
                 	.ENDM
                 
                 	.MACRO __PUTB1RONS
                 	MOV  R26,R@0
                 	MOV  R27,R@1
                 	ADIW R26,@2
                 	ST   X,R30
                 	.ENDM
                 
                 	.MACRO __PUTW1RONS
                 	MOV  R26,R@0
                 	MOV  R27,R@1
                 	ADIW R26,@2
                 	ST   X+,R30
                 	ST   X,R31
                 	.ENDM
                 
                 	.MACRO __PUTD1RONS
                 	MOV  R26,R@0
                 	MOV  R27,R@1
                 	ADIW R26,@2
                 	CALL __PUTDP1
                 	.ENDM
                 
                 
                 	.MACRO __GETB1SX
                 	MOVW R30,R28
                 	SUBI R30,LOW(-@0)
                 	SBCI R31,HIGH(-@0)
                 	LD   R30,Z
                 	.ENDM
                 
                 	.MACRO __GETB1HSX
                 	MOVW R30,R28
                 	SUBI R30,LOW(-@0)
                 	SBCI R31,HIGH(-@0)
                 	LD   R31,Z
                 	.ENDM
                 
                 	.MACRO __GETW1SX
                 	MOVW R30,R28
                 	SUBI R30,LOW(-@0)
                 	SBCI R31,HIGH(-@0)
                 	LD   R0,Z+
                 	LD   R31,Z
                 	MOV  R30,R0
                 	.ENDM
                 
                 	.MACRO __GETD1SX
                 	MOVW R30,R28
                 	SUBI R30,LOW(-@0)
                 	SBCI R31,HIGH(-@0)
                 	LD   R0,Z+
                 	LD   R1,Z+
                 	LD   R22,Z+
                 	LD   R23,Z
                 	MOVW R30,R0
                 	.ENDM
                 
                 	.MACRO __GETB2SX
                 	MOVW R26,R28
                 	SUBI R26,LOW(-@0)
                 	SBCI R27,HIGH(-@0)
                 	LD   R26,X
                 	.ENDM
                 
                 	.MACRO __GETW2SX
                 	MOVW R26,R28
                 	SUBI R26,LOW(-@0)
                 	SBCI R27,HIGH(-@0)
                 	LD   R0,X+
                 	LD   R27,X
                 	MOV  R26,R0
                 	.ENDM
                 
                 	.MACRO __GETD2SX
                 	MOVW R26,R28
                 	SUBI R26,LOW(-@0)
                 	SBCI R27,HIGH(-@0)
                 	LD   R0,X+
                 	LD   R1,X+
                 	LD   R24,X+
                 	LD   R25,X
                 	MOVW R26,R0
                 	.ENDM
                 
                 	.MACRO __GETBRSX
                 	MOVW R30,R28
                 	SUBI R30,LOW(-@1)
                 	SBCI R31,HIGH(-@1)
                 	LD   R@0,Z
                 	.ENDM
                 
                 	.MACRO __GETWRSX
                 	MOVW R30,R28
                 	SUBI R30,LOW(-@2)
                 	SBCI R31,HIGH(-@2)
                 	LD   R@0,Z+
                 	LD   R@1,Z
                 	.ENDM
                 
                 	.MACRO __GETBRSX2
                 	MOVW R26,R28
                 	SUBI R26,LOW(-@1)
                 	SBCI R27,HIGH(-@1)
                 	LD   R@0,X
                 	.ENDM
                 
                 	.MACRO __GETWRSX2
                 	MOVW R26,R28
                 	SUBI R26,LOW(-@2)
                 	SBCI R27,HIGH(-@2)
                 	LD   R@0,X+
                 	LD   R@1,X
                 	.ENDM
                 
                 	.MACRO __LSLW8SX
                 	MOVW R30,R28
                 	SUBI R30,LOW(-@0)
                 	SBCI R31,HIGH(-@0)
                 	LD   R31,Z
                 	CLR  R30
                 	.ENDM
                 
                 	.MACRO __PUTB1SX
                 	MOVW R26,R28
                 	SUBI R26,LOW(-@0)
                 	SBCI R27,HIGH(-@0)
                 	ST   X,R30
                 	.ENDM
                 
                 	.MACRO __PUTW1SX
                 	MOVW R26,R28
                 	SUBI R26,LOW(-@0)
                 	SBCI R27,HIGH(-@0)
                 	ST   X+,R30
                 	ST   X,R31
                 	.ENDM
                 
                 	.MACRO __PUTD1SX
                 	MOVW R26,R28
                 	SUBI R26,LOW(-@0)
                 	SBCI R27,HIGH(-@0)
                 	ST   X+,R30
                 	ST   X+,R31
                 	ST   X+,R22
                 	ST   X,R23
                 	.ENDM
                 
                 	.MACRO __CLRW1SX
                 	MOVW R26,R28
                 	SUBI R26,LOW(-@0)
                 	SBCI R27,HIGH(-@0)
                 	ST   X+,R30
                 	ST   X,R30
                 	.ENDM
                 
                 	.MACRO __CLRD1SX
                 	MOVW R26,R28
                 	SUBI R26,LOW(-@0)
                 	SBCI R27,HIGH(-@0)
                 	ST   X+,R30
                 	ST   X+,R30
                 	ST   X+,R30
                 	ST   X,R30
                 	.ENDM
                 
                 	.MACRO __PUTB2SX
                 	MOVW R30,R28
                 	SUBI R30,LOW(-@0)
                 	SBCI R31,HIGH(-@0)
                 	ST   Z,R26
                 	.ENDM
                 
                 	.MACRO __PUTW2SX
                 	MOVW R30,R28
                 	SUBI R30,LOW(-@0)
                 	SBCI R31,HIGH(-@0)
                 	ST   Z+,R26
                 	ST   Z,R27
                 	.ENDM
                 
                 	.MACRO __PUTD2SX
                 	MOVW R30,R28
                 	SUBI R30,LOW(-@0)
                 	SBCI R31,HIGH(-@0)
                 	ST   Z+,R26
                 	ST   Z+,R27
                 	ST   Z+,R24
                 	ST   Z,R25
                 	.ENDM
                 
                 	.MACRO __PUTBSRX
                 	MOVW R30,R28
                 	SUBI R30,LOW(-@1)
                 	SBCI R31,HIGH(-@1)
                 	ST   Z,R@0
                 	.ENDM
                 
                 	.MACRO __PUTWSRX
                 	MOVW R30,R28
                 	SUBI R30,LOW(-@2)
                 	SBCI R31,HIGH(-@2)
                 	ST   Z+,R@0
                 	ST   Z,R@1
                 	.ENDM
                 
                 	.MACRO __PUTB1SNX
                 	MOVW R26,R28
                 	SUBI R26,LOW(-@0)
                 	SBCI R27,HIGH(-@0)
                 	LD   R0,X+
                 	LD   R27,X
                 	MOV  R26,R0
                 	SUBI R26,LOW(-@1)
                 	SBCI R27,HIGH(-@1)
                 	ST   X,R30
                 	.ENDM
                 
                 	.MACRO __PUTW1SNX
                 	MOVW R26,R28
                 	SUBI R26,LOW(-@0)
                 	SBCI R27,HIGH(-@0)
                 	LD   R0,X+
                 	LD   R27,X
                 	MOV  R26,R0
                 	SUBI R26,LOW(-@1)
                 	SBCI R27,HIGH(-@1)
                 	ST   X+,R30
                 	ST   X,R31
                 	.ENDM
                 
                 	.MACRO __PUTD1SNX
                 	MOVW R26,R28
                 	SUBI R26,LOW(-@0)
                 	SBCI R27,HIGH(-@0)
                 	LD   R0,X+
                 	LD   R27,X
                 	MOV  R26,R0
                 	SUBI R26,LOW(-@1)
                 	SBCI R27,HIGH(-@1)
                 	ST   X+,R30
                 	ST   X+,R31
                 	ST   X+,R22
                 	ST   X,R23
                 	.ENDM
                 
                 	.MACRO __MULBRR
                 	MULS R@0,R@1
                 	MOVW R30,R0
                 	.ENDM
                 
                 	.MACRO __MULBRRU
                 	MUL  R@0,R@1
                 	MOVW R30,R0
                 	.ENDM
                 
                 	.MACRO __MULBRR0
                 	MULS R@0,R@1
                 	.ENDM
                 
                 	.MACRO __MULBRRU0
                 	MUL  R@0,R@1
                 	.ENDM
                 
                 	.MACRO __MULBNWRU
                 	LDI  R26,@2
                 	MUL  R26,R@0
                 	MOVW R30,R0
                 	MUL  R26,R@1
                 	ADD  R31,R0
                 	.ENDM
                 
                 ;NAME DEFINITIONS FOR GLOBAL VARIABLES ALLOCATED TO REGISTERS
                 	.DEF _h=R5
                 	.DEF _m=R4
                 	.DEF _s=R7
                 	.DEF __lcd_x=R6
                 	.DEF __lcd_y=R9
                 	.DEF __lcd_maxx=R8
                 
                 	.CSEG
                 	.ORG 0x00
                 
                 ;START OF CODE MARKER
                 __START_OF_CODE:
                 
                 ;INTERRUPT VECTORS
000000 940c 0040 	JMP  __RESET
000002 940c 0000 	JMP  0x00
000004 940c 0000 	JMP  0x00
000006 940c 0000 	JMP  0x00
000008 940c 0000 	JMP  0x00
00000a 940c 0000 	JMP  0x00
00000c 940c 0000 	JMP  0x00
00000e 940c 0000 	JMP  0x00
000010 940c 0000 	JMP  0x00
000012 940c 0000 	JMP  0x00
000014 940c 0000 	JMP  0x00
000016 940c 0000 	JMP  0x00
000018 940c 0000 	JMP  0x00
00001a 940c 0000 	JMP  0x00
00001c 940c 0000 	JMP  0x00
00001e 940c 0000 	JMP  0x00
000020 940c 0000 	JMP  0x00
000022 940c 0000 	JMP  0x00
000024 940c 0000 	JMP  0x00
000026 940c 0000 	JMP  0x00
000028 940c 0000 	JMP  0x00
                 
                 _tbl10_G100:
00002a 2710
00002b 03e8
00002c 0064
00002d 000a      	.DB  0x10,0x27,0xE8,0x3,0x64,0x0,0xA,0x0
00002e 0001      	.DB  0x1,0x0
                 _tbl16_G100:
00002f 1000
000030 0100
000031 0010
000032 0001      	.DB  0x0,0x10,0x0,0x1,0x10,0x0,0x1,0x0
                 
                 _0x0:
000033 3025
000034 6432
000035 253a
000036 3230      	.DB  0x25,0x30,0x32,0x64,0x3A,0x25,0x30,0x32
000037 3a64
000038 3025
000039 6432
C:\Users\Bardia\Desktop\shhrivar7\ds1307\Debug\List\ds.asm(1132): warning: .cseg .db misalignment - padding zero byte
00003a 0000      	.DB  0x64,0x3A,0x25,0x30,0x32,0x64,0x0
                 _0x2040003:
00003b c080      	.DB  0x80,0xC0
                 
                 __GLOBAL_INI_TBL:
00003c 0002      	.DW  0x02
00003d 0270      	.DW  __base_y_G102
00003e 0076      	.DW  _0x2040003*2
                 
                 _0xFFFFFFFF:
00003f 0000      	.DW  0
                 
                 #define __GLOBAL_INI_TBL_PRESENT 1
                 
                 __RESET:
000040 94f8      	CLI
000041 27ee      	CLR  R30
000042 bbec      	OUT  EECR,R30
                 
                 ;INTERRUPT VECTORS ARE PLACED
                 ;AT THE START OF FLASH
000043 e0f1      	LDI  R31,1
000044 bffb      	OUT  GICR,R31
000045 bfeb      	OUT  GICR,R30
000046 bfe5      	OUT  MCUCR,R30
                 
                 ;CLEAR R2-R14
000047 e08d      	LDI  R24,(14-2)+1
000048 e0a2      	LDI  R26,2
000049 27bb      	CLR  R27
                 __CLEAR_REG:
00004a 93ed      	ST   X+,R30
00004b 958a      	DEC  R24
00004c f7e9      	BRNE __CLEAR_REG
                 
                 ;CLEAR SRAM
00004d e080      	LDI  R24,LOW(__CLEAR_SRAM_SIZE)
00004e e098      	LDI  R25,HIGH(__CLEAR_SRAM_SIZE)
00004f e6a0      	LDI  R26,__SRAM_START
                 __CLEAR_SRAM:
000050 93ed      	ST   X+,R30
000051 9701      	SBIW R24,1
000052 f7e9      	BRNE __CLEAR_SRAM
                 
                 ;GLOBAL VARIABLES INITIALIZATION
000053 e7e8      	LDI  R30,LOW(__GLOBAL_INI_TBL*2)
000054 e0f0      	LDI  R31,HIGH(__GLOBAL_INI_TBL*2)
                 __GLOBAL_INI_NEXT:
000055 9185      	LPM  R24,Z+
000056 9195      	LPM  R25,Z+
000057 9700      	SBIW R24,0
000058 f061      	BREQ __GLOBAL_INI_END
000059 91a5      	LPM  R26,Z+
00005a 91b5      	LPM  R27,Z+
00005b 9005      	LPM  R0,Z+
00005c 9015      	LPM  R1,Z+
00005d 01bf      	MOVW R22,R30
00005e 01f0      	MOVW R30,R0
                 __GLOBAL_INI_LOOP:
00005f 9005      	LPM  R0,Z+
000060 920d      	ST   X+,R0
000061 9701      	SBIW R24,1
000062 f7e1      	BRNE __GLOBAL_INI_LOOP
000063 01fb      	MOVW R30,R22
000064 cff0      	RJMP __GLOBAL_INI_NEXT
                 __GLOBAL_INI_END:
                 
                 ;HARDWARE STACK POINTER INITIALIZATION
000065 e5ef      	LDI  R30,LOW(__SRAM_END-__HEAP_SIZE)
000066 bfed      	OUT  SPL,R30
000067 e0e8      	LDI  R30,HIGH(__SRAM_END-__HEAP_SIZE)
000068 bfee      	OUT  SPH,R30
                 
                 ;DATA STACK POINTER INITIALIZATION
000069 e6c0      	LDI  R28,LOW(__SRAM_START+__DSTACK_SIZE)
00006a e0d2      	LDI  R29,HIGH(__SRAM_START+__DSTACK_SIZE)
                 
00006b 940c 006d 	JMP  _main
                 
                 	.ESEG
                 	.ORG 0
                 
                 	.DSEG
                 	.ORG 0x260
                 
                 	.CSEG
                 ;/*******************************************************
                 ;This program was created by the
                 ;CodeWizardAVR V3.12 Advanced
                 ;Automatic Program Generator
                 ;© Copyright 1998-2014 Pavel Haiduc, HP InfoTech s.r.l.
                 ;http://www.hpinfotech.com
                 ;
                 ;Project :
                 ;Version :
                 ;Date    : 8/29/2025
                 ;Author  :
                 ;Company :
                 ;Comments:
                 ;
                 ;
                 ;Chip type               : ATmega32
                 ;Program type            : Application
                 ;AVR Core Clock frequency: 1.000000 MHz
                 ;Memory model            : Small
                 ;External RAM size       : 0
                 ;Data Stack size         : 512
                 ;*******************************************************/
                 ;
                 ;#include <mega32.h>
                 	#ifndef __SLEEP_DEFINED__
                 	#define __SLEEP_DEFINED__
                 	.EQU __se_bit=0x80
                 	.EQU __sm_mask=0x70
                 	.EQU __sm_powerdown=0x20
                 	.EQU __sm_powersave=0x30
                 	.EQU __sm_standby=0x60
                 	.EQU __sm_ext_standby=0x70
                 	.EQU __sm_adc_noise_red=0x10
                 	.SET power_ctrl_reg=mcucr
                 	#endif
                 ;#include <delay.h>
                 ;#include <stdio.h>
                 ;// I2C Bus functions
                 ;#include <i2c.h>
                 ;
                 ;// DS1307 Real Time Clock functions
                 ;#include <ds1307.h>
                 ;
                 ;// Alphanumeric LCD functions
                 ;#include <alcd.h>
                 ;unsigned char h,m,s;
                 ;
                 ;char t[16];
                 ;// Declare your global variables here
                 ;
                 ;void main(void)
                 ; 0000 0029 {
                 
                 	.CSEG
                 _main:
                 ; .FSTART _main
                 ; 0000 002A // Declare your local variables here
                 ; 0000 002B 
                 ; 0000 002C // Input/Output Ports initialization
                 ; 0000 002D // Port A initialization
                 ; 0000 002E // Function: Bit7=In Bit6=In Bit5=In Bit4=In Bit3=In Bit2=In Bit1=In Bit0=In
                 ; 0000 002F DDRA=(0<<DDA7) | (0<<DDA6) | (0<<DDA5) | (0<<DDA4) | (0<<DDA3) | (0<<DDA2) | (0<<DDA1) | (0<<DDA0);
00006d e0e0      	LDI  R30,LOW(0)
00006e bbea      	OUT  0x1A,R30
                 ; 0000 0030 // State: Bit7=T Bit6=T Bit5=T Bit4=T Bit3=T Bit2=T Bit1=T Bit0=T
                 ; 0000 0031 PORTA=(0<<PORTA7) | (0<<PORTA6) | (0<<PORTA5) | (0<<PORTA4) | (0<<PORTA3) | (0<<PORTA2) | (0<<PORTA1) | (0<<PORTA0);
00006f bbeb      	OUT  0x1B,R30
                 ; 0000 0032 
                 ; 0000 0033 // Port B initialization
                 ; 0000 0034 // Function: Bit7=In Bit6=In Bit5=In Bit4=In Bit3=In Bit2=In Bit1=In Bit0=In
                 ; 0000 0035 DDRB=(0<<DDB7) | (0<<DDB6) | (0<<DDB5) | (0<<DDB4) | (0<<DDB3) | (0<<DDB2) | (0<<DDB1) | (0<<DDB0);
000070 bbe7      	OUT  0x17,R30
                 ; 0000 0036 // State: Bit7=T Bit6=T Bit5=T Bit4=T Bit3=T Bit2=T Bit1=T Bit0=T
                 ; 0000 0037 PORTB=(0<<PORTB7) | (0<<PORTB6) | (0<<PORTB5) | (0<<PORTB4) | (0<<PORTB3) | (0<<PORTB2) | (0<<PORTB1) | (0<<PORTB0);
000071 bbe8      	OUT  0x18,R30
                 ; 0000 0038 
                 ; 0000 0039 // Port C initialization
                 ; 0000 003A // Function: Bit7=In Bit6=In Bit5=In Bit4=In Bit3=In Bit2=In Bit1=In Bit0=In
                 ; 0000 003B DDRC=(0<<DDC7) | (0<<DDC6) | (0<<DDC5) | (0<<DDC4) | (0<<DDC3) | (0<<DDC2) | (0<<DDC1) | (0<<DDC0);
000072 bbe4      	OUT  0x14,R30
                 ; 0000 003C // State: Bit7=T Bit6=T Bit5=T Bit4=T Bit3=T Bit2=T Bit1=T Bit0=T
                 ; 0000 003D PORTC=(0<<PORTC7) | (0<<PORTC6) | (0<<PORTC5) | (0<<PORTC4) | (0<<PORTC3) | (0<<PORTC2) | (0<<PORTC1) | (0<<PORTC0);
000073 bbe5      	OUT  0x15,R30
                 ; 0000 003E 
                 ; 0000 003F // Port D initialization
                 ; 0000 0040 // Function: Bit7=Out Bit6=In Bit5=In Bit4=In Bit3=In Bit2=In Bit1=In Bit0=In
                 ; 0000 0041 DDRD=(1<<DDD7) | (0<<DDD6) | (0<<DDD5) | (0<<DDD4) | (0<<DDD3) | (0<<DDD2) | (0<<DDD1) | (0<<DDD0);
000074 e8e0      	LDI  R30,LOW(128)
000075 bbe1      	OUT  0x11,R30
                 ; 0000 0042 // State: Bit7=0 Bit6=T Bit5=T Bit4=T Bit3=T Bit2=T Bit1=T Bit0=T
                 ; 0000 0043 PORTD=(0<<PORTD7) | (0<<PORTD6) | (0<<PORTD5) | (0<<PORTD4) | (0<<PORTD3) | (0<<PORTD2) | (0<<PORTD1) | (0<<PORTD0);
000076 e0e0      	LDI  R30,LOW(0)
000077 bbe2      	OUT  0x12,R30
                 ; 0000 0044 
                 ; 0000 0045 // Timer/Counter 0 initialization
                 ; 0000 0046 // Clock source: System Clock
                 ; 0000 0047 // Clock value: Timer 0 Stopped
                 ; 0000 0048 // Mode: Normal top=0xFF
                 ; 0000 0049 // OC0 output: Disconnected
                 ; 0000 004A TCCR0=(0<<WGM00) | (0<<COM01) | (0<<COM00) | (0<<WGM01) | (0<<CS02) | (0<<CS01) | (0<<CS00);
000078 bfe3      	OUT  0x33,R30
                 ; 0000 004B TCNT0=0x00;
000079 bfe2      	OUT  0x32,R30
                 ; 0000 004C OCR0=0x00;
00007a bfec      	OUT  0x3C,R30
                 ; 0000 004D 
                 ; 0000 004E // Timer/Counter 1 initialization
                 ; 0000 004F // Clock source: System Clock
                 ; 0000 0050 // Clock value: Timer1 Stopped
                 ; 0000 0051 // Mode: Normal top=0xFFFF
                 ; 0000 0052 // OC1A output: Disconnected
                 ; 0000 0053 // OC1B output: Disconnected
                 ; 0000 0054 // Noise Canceler: Off
                 ; 0000 0055 // Input Capture on Falling Edge
                 ; 0000 0056 // Timer1 Overflow Interrupt: Off
                 ; 0000 0057 // Input Capture Interrupt: Off
                 ; 0000 0058 // Compare A Match Interrupt: Off
                 ; 0000 0059 // Compare B Match Interrupt: Off
                 ; 0000 005A TCCR1A=(0<<COM1A1) | (0<<COM1A0) | (0<<COM1B1) | (0<<COM1B0) | (0<<WGM11) | (0<<WGM10);
00007b bdef      	OUT  0x2F,R30
                 ; 0000 005B TCCR1B=(0<<ICNC1) | (0<<ICES1) | (0<<WGM13) | (0<<WGM12) | (0<<CS12) | (0<<CS11) | (0<<CS10);
00007c bdee      	OUT  0x2E,R30
                 ; 0000 005C TCNT1H=0x00;
00007d bded      	OUT  0x2D,R30
                 ; 0000 005D TCNT1L=0x00;
00007e bdec      	OUT  0x2C,R30
                 ; 0000 005E ICR1H=0x00;
00007f bde7      	OUT  0x27,R30
                 ; 0000 005F ICR1L=0x00;
000080 bde6      	OUT  0x26,R30
                 ; 0000 0060 OCR1AH=0x00;
000081 bdeb      	OUT  0x2B,R30
                 ; 0000 0061 OCR1AL=0x00;
000082 bdea      	OUT  0x2A,R30
                 ; 0000 0062 OCR1BH=0x00;
000083 bde9      	OUT  0x29,R30
                 ; 0000 0063 OCR1BL=0x00;
000084 bde8      	OUT  0x28,R30
                 ; 0000 0064 
                 ; 0000 0065 // Timer/Counter 2 initialization
                 ; 0000 0066 // Clock source: System Clock
                 ; 0000 0067 // Clock value: Timer2 Stopped
                 ; 0000 0068 // Mode: Normal top=0xFF
                 ; 0000 0069 // OC2 output: Disconnected
                 ; 0000 006A ASSR=0<<AS2;
000085 bde2      	OUT  0x22,R30
                 ; 0000 006B TCCR2=(0<<PWM2) | (0<<COM21) | (0<<COM20) | (0<<CTC2) | (0<<CS22) | (0<<CS21) | (0<<CS20);
000086 bde5      	OUT  0x25,R30
                 ; 0000 006C TCNT2=0x00;
000087 bde4      	OUT  0x24,R30
                 ; 0000 006D OCR2=0x00;
000088 bde3      	OUT  0x23,R30
                 ; 0000 006E 
                 ; 0000 006F // Timer(s)/Counter(s) Interrupt(s) initialization
                 ; 0000 0070 TIMSK=(0<<OCIE2) | (0<<TOIE2) | (0<<TICIE1) | (0<<OCIE1A) | (0<<OCIE1B) | (0<<TOIE1) | (0<<OCIE0) | (0<<TOIE0);
000089 bfe9      	OUT  0x39,R30
                 ; 0000 0071 
                 ; 0000 0072 // External Interrupt(s) initialization
                 ; 0000 0073 // INT0: Off
                 ; 0000 0074 // INT1: Off
                 ; 0000 0075 // INT2: Off
                 ; 0000 0076 MCUCR=(0<<ISC11) | (0<<ISC10) | (0<<ISC01) | (0<<ISC00);
00008a bfe5      	OUT  0x35,R30
                 ; 0000 0077 MCUCSR=(0<<ISC2);
00008b bfe4      	OUT  0x34,R30
                 ; 0000 0078 
                 ; 0000 0079 // USART initialization
                 ; 0000 007A // USART disabled
                 ; 0000 007B UCSRB=(0<<RXCIE) | (0<<TXCIE) | (0<<UDRIE) | (0<<RXEN) | (0<<TXEN) | (0<<UCSZ2) | (0<<RXB8) | (0<<TXB8);
00008c b9ea      	OUT  0xA,R30
                 ; 0000 007C 
                 ; 0000 007D // Analog Comparator initialization
                 ; 0000 007E // Analog Comparator: Off
                 ; 0000 007F // The Analog Comparator's positive input is
                 ; 0000 0080 // connected to the AIN0 pin
                 ; 0000 0081 // The Analog Comparator's negative input is
                 ; 0000 0082 // connected to the AIN1 pin
                 ; 0000 0083 ACSR=(1<<ACD) | (0<<ACBG) | (0<<ACO) | (0<<ACI) | (0<<ACIE) | (0<<ACIC) | (0<<ACIS1) | (0<<ACIS0);
00008d e8e0      	LDI  R30,LOW(128)
00008e b9e8      	OUT  0x8,R30
                 ; 0000 0084 SFIOR=(0<<ACME);
00008f e0e0      	LDI  R30,LOW(0)
000090 bfe0      	OUT  0x30,R30
                 ; 0000 0085 
                 ; 0000 0086 // ADC initialization
                 ; 0000 0087 // ADC disabled
                 ; 0000 0088 ADCSRA=(0<<ADEN) | (0<<ADSC) | (0<<ADATE) | (0<<ADIF) | (0<<ADIE) | (0<<ADPS2) | (0<<ADPS1) | (0<<ADPS0);
000091 b9e6      	OUT  0x6,R30
                 ; 0000 0089 
                 ; 0000 008A // SPI initialization
                 ; 0000 008B // SPI disabled
                 ; 0000 008C SPCR=(0<<SPIE) | (0<<SPE) | (0<<DORD) | (0<<MSTR) | (0<<CPOL) | (0<<CPHA) | (0<<SPR1) | (0<<SPR0);
000092 b9ed      	OUT  0xD,R30
                 ; 0000 008D 
                 ; 0000 008E // TWI initialization
                 ; 0000 008F // TWI disabled
                 ; 0000 0090 TWCR=(0<<TWEA) | (0<<TWSTA) | (0<<TWSTO) | (0<<TWEN) | (0<<TWIE);
000093 bfe6      	OUT  0x36,R30
                 ; 0000 0091 
                 ; 0000 0092 // Bit-Banged I2C Bus initialization
                 ; 0000 0093 // I2C Port: PORTC
                 ; 0000 0094 // I2C SDA bit: 1
                 ; 0000 0095 // I2C SCL bit: 0
                 ; 0000 0096 // Bit Rate: 100 kHz
                 ; 0000 0097 // Note: I2C settings are specified in the
                 ; 0000 0098 // Project|Configure|C Compiler|Libraries|I2C menu.
                 ; 0000 0099 i2c_init();
000094 940e 03de 	CALL _i2c_init
                 ; 0000 009A 
                 ; 0000 009B // DS1307 Real Time Clock initialization
                 ; 0000 009C // Square wave output on pin SQW/OUT: On
                 ; 0000 009D // Square wave frequency: 1Hz
                 ; 0000 009E rtc_init(0,1,0);
000096 e0e0      	LDI  R30,LOW(0)
000097 93ea      	ST   -Y,R30
000098 e0e1      	LDI  R30,LOW(1)
000099 93ea      	ST   -Y,R30
00009a e0a0      	LDI  R26,LOW(0)
00009b 940e 027f 	CALL _rtc_init
                 ; 0000 009F 
                 ; 0000 00A0 // Alphanumeric LCD initialization
                 ; 0000 00A1 // Connections are specified in the
                 ; 0000 00A2 // Project|Configure|C Compiler|Libraries|Alphanumeric LCD menu:
                 ; 0000 00A3 // RS - PORTA Bit 0
                 ; 0000 00A4 // RD - PORTA Bit 1
                 ; 0000 00A5 // EN - PORTA Bit 2
                 ; 0000 00A6 // D4 - PORTA Bit 4
                 ; 0000 00A7 // D5 - PORTA Bit 5
                 ; 0000 00A8 // D6 - PORTA Bit 6
                 ; 0000 00A9 // D7 - PORTA Bit 7
                 ; 0000 00AA // Characters/line: 16
                 ; 0000 00AB lcd_init(16);
00009d e1a0      	LDI  R26,LOW(16)
00009e 940e 0333 	CALL _lcd_init
                 ; 0000 00AC rtc_set_time(11,39,55);
0000a0 e0eb      	LDI  R30,LOW(11)
0000a1 93ea      	ST   -Y,R30
0000a2 e2e7      	LDI  R30,LOW(39)
0000a3 93ea      	ST   -Y,R30
0000a4 e3a7      	LDI  R26,LOW(55)
0000a5 940e 02bb 	CALL _rtc_set_time
                 ; 0000 00AD while (1)
                 _0x3:
                 ; 0000 00AE       {
                 ; 0000 00AF        rtc_get_time(&h,&m,&s);
0000a7 e0e5      	LDI  R30,LOW(5)
0000a8 e0f0      	LDI  R31,HIGH(5)
0000a9 93fa      	ST   -Y,R31
0000aa 93ea      	ST   -Y,R30
0000ab e0e4      	LDI  R30,LOW(4)
0000ac e0f0      	LDI  R31,HIGH(4)
0000ad 93fa      	ST   -Y,R31
0000ae 93ea      	ST   -Y,R30
0000af e0a7      	LDI  R26,LOW(7)
0000b0 e0b0      	LDI  R27,HIGH(7)
0000b1 940e 0298 	CALL _rtc_get_time
                 ; 0000 00B0        sprintf(t,"%02d:%02d:%02d",h,m,s);
0000b3 e6e0      	LDI  R30,LOW(_t)
0000b4 e0f2      	LDI  R31,HIGH(_t)
0000b5 93fa      	ST   -Y,R31
0000b6 93ea      	ST   -Y,R30
                +
0000b7 e6e6     +LDI R30 , LOW ( 2 * _0x0 + ( 0 ) )
0000b8 e0f0     +LDI R31 , HIGH ( 2 * _0x0 + ( 0 ) )
                 	__POINTW1FN _0x0,0
0000b9 93fa      	ST   -Y,R31
0000ba 93ea      	ST   -Y,R30
0000bb 2de5      	MOV  R30,R5
0000bc 940e 0390 	CALL SUBOPT_0x0
0000be 2de4      	MOV  R30,R4
0000bf 940e 0390 	CALL SUBOPT_0x0
0000c1 2de7      	MOV  R30,R7
0000c2 940e 0390 	CALL SUBOPT_0x0
0000c4 e08c      	LDI  R24,12
0000c5 940e 024b 	CALL _sprintf
0000c7 9660      	ADIW R28,16
                 ; 0000 00B1        lcd_gotoxy(4,0);
0000c8 e0e4      	LDI  R30,LOW(4)
0000c9 93ea      	ST   -Y,R30
0000ca e0a0      	LDI  R26,LOW(0)
0000cb 940e 02f4 	CALL _lcd_gotoxy
                 ; 0000 00B2        lcd_puts(t);
0000cd e6a0      	LDI  R26,LOW(_t)
0000ce e0b2      	LDI  R27,HIGH(_t)
0000cf 940e 0322 	CALL _lcd_puts
                 ; 0000 00B3        delay_ms(100);
0000d1 e6a4      	LDI  R26,LOW(100)
0000d2 e0b0      	LDI  R27,0
0000d3 940e 042f 	CALL _delay_ms
                 ; 0000 00B4 
                 ; 0000 00B5       }
0000d5 cfd1      	RJMP _0x3
                 ; 0000 00B6 }
                 _0x6:
0000d6 cfff      	RJMP _0x6
                 ; .FEND
                 	#ifndef __SLEEP_DEFINED__
                 	#endif
                 
                 	.CSEG
                 _put_buff_G100:
                 ; .FSTART _put_buff_G100
0000d7 93ba      	ST   -Y,R27
0000d8 93aa      	ST   -Y,R26
0000d9 931a      	ST   -Y,R17
0000da 930a      	ST   -Y,R16
0000db 81aa      	LDD  R26,Y+2
0000dc 81bb      	LDD  R27,Y+2+1
0000dd 9612      	ADIW R26,2
0000de 940e 0441 	CALL __GETW1P
0000e0 9730      	SBIW R30,0
0000e1 f159      	BREQ _0x2000010
0000e2 81aa      	LDD  R26,Y+2
0000e3 81bb      	LDD  R27,Y+2+1
0000e4 9614      	ADIW R26,4
0000e5 940e 0441 	CALL __GETW1P
0000e7 018f      	MOVW R16,R30
0000e8 9730      	SBIW R30,0
0000e9 f061      	BREQ _0x2000012
                +
0000ea 3002     +CPI R16 , LOW ( 2 )
0000eb e0e0     +LDI R30 , HIGH ( 2 )
0000ec 071e     +CPC R17 , R30
                 	__CPWRN 16,17,2
0000ed f098      	BRLO _0x2000013
0000ee 01f8      	MOVW R30,R16
0000ef 9731      	SBIW R30,1
0000f0 018f      	MOVW R16,R30
                +
0000f1 81aa     +LDD R26 , Y + 2
0000f2 81bb     +LDD R27 , Y + 2 + 1
0000f3 9614     +ADIW R26 , 4
0000f4 93ed     +ST X + , R30
0000f5 93fc     +ST X , R31
                 	__PUTW1SNS 2,4
                 _0x2000012:
0000f6 81aa      	LDD  R26,Y+2
0000f7 81bb      	LDD  R27,Y+2+1
0000f8 9612      	ADIW R26,2
0000f9 91ed      	LD   R30,X+
0000fa 91fd      	LD   R31,X+
0000fb 9631      	ADIW R30,1
0000fc 93fe      	ST   -X,R31
0000fd 93ee      	ST   -X,R30
0000fe 9731      	SBIW R30,1
0000ff 81ac      	LDD  R26,Y+4
000100 83a0      	STD  Z+0,R26
                 _0x2000013:
000101 81aa      	LDD  R26,Y+2
000102 81bb      	LDD  R27,Y+2+1
000103 940e 0441 	CALL __GETW1P
000105 23ff      	TST  R31
000106 f02a      	BRMI _0x2000014
000107 91ed      	LD   R30,X+
000108 91fd      	LD   R31,X+
000109 9631      	ADIW R30,1
00010a 93fe      	ST   -X,R31
00010b 93ee      	ST   -X,R30
                 _0x2000014:
00010c c006      	RJMP _0x2000015
                 _0x2000010:
00010d 81aa      	LDD  R26,Y+2
00010e 81bb      	LDD  R27,Y+2+1
00010f efef      	LDI  R30,LOW(65535)
000110 efff      	LDI  R31,HIGH(65535)
000111 93ed      	ST   X+,R30
000112 93fc      	ST   X,R31
                 _0x2000015:
000113 8119      	LDD  R17,Y+1
000114 8108      	LDD  R16,Y+0
000115 9625      	ADIW R28,5
000116 9508      	RET
                 ; .FEND
                 __print_G100:
                 ; .FSTART __print_G100
000117 93ba      	ST   -Y,R27
000118 93aa      	ST   -Y,R26
000119 9726      	SBIW R28,6
00011a 940e 044e 	CALL __SAVELOCR6
00011c e010      	LDI  R17,0
00011d 85ac      	LDD  R26,Y+12
00011e 85bd      	LDD  R27,Y+12+1
00011f e0e0      	LDI  R30,LOW(0)
000120 e0f0      	LDI  R31,HIGH(0)
000121 93ed      	ST   X+,R30
000122 93fc      	ST   X,R31
                 _0x2000016:
000123 89ea      	LDD  R30,Y+18
000124 89fb      	LDD  R31,Y+18+1
000125 9631      	ADIW R30,1
000126 8bea      	STD  Y+18,R30
000127 8bfb      	STD  Y+18+1,R31
000128 9731      	SBIW R30,1
000129 91e4      	LPM  R30,Z
00012a 2f2e      	MOV  R18,R30
00012b 30e0      	CPI  R30,0
00012c f409      	BRNE PC+2
00012d c115      	RJMP _0x2000018
00012e 2fe1      	MOV  R30,R17
00012f 30e0      	CPI  R30,0
000130 f439      	BRNE _0x200001C
000131 3225      	CPI  R18,37
000132 f411      	BRNE _0x200001D
000133 e011      	LDI  R17,LOW(1)
000134 c002      	RJMP _0x200001E
                 _0x200001D:
000135 940e 0396 	CALL SUBOPT_0x1
                 _0x200001E:
000137 c10a      	RJMP _0x200001B
                 _0x200001C:
000138 30e1      	CPI  R30,LOW(0x1)
000139 f4a9      	BRNE _0x200001F
00013a 3225      	CPI  R18,37
00013b f419      	BRNE _0x2000020
00013c 940e 0396 	CALL SUBOPT_0x1
00013e c102      	RJMP _0x20000CC
                 _0x2000020:
00013f e012      	LDI  R17,LOW(2)
000140 e040      	LDI  R20,LOW(0)
000141 e000      	LDI  R16,LOW(0)
000142 322d      	CPI  R18,45
000143 f411      	BRNE _0x2000021
000144 e001      	LDI  R16,LOW(1)
000145 c0fc      	RJMP _0x200001B
                 _0x2000021:
000146 322b      	CPI  R18,43
000147 f411      	BRNE _0x2000022
000148 e24b      	LDI  R20,LOW(43)
000149 c0f8      	RJMP _0x200001B
                 _0x2000022:
00014a 3220      	CPI  R18,32
00014b f411      	BRNE _0x2000023
00014c e240      	LDI  R20,LOW(32)
00014d c0f4      	RJMP _0x200001B
                 _0x2000023:
00014e c002      	RJMP _0x2000024
                 _0x200001F:
00014f 30e2      	CPI  R30,LOW(0x2)
000150 f439      	BRNE _0x2000025
                 _0x2000024:
000151 e050      	LDI  R21,LOW(0)
000152 e013      	LDI  R17,LOW(3)
000153 3320      	CPI  R18,48
000154 f411      	BRNE _0x2000026
000155 6800      	ORI  R16,LOW(128)
000156 c0eb      	RJMP _0x200001B
                 _0x2000026:
000157 c003      	RJMP _0x2000027
                 _0x2000025:
000158 30e3      	CPI  R30,LOW(0x3)
000159 f009      	BREQ PC+2
00015a c0e7      	RJMP _0x200001B
                 _0x2000027:
00015b 3320      	CPI  R18,48
00015c f010      	BRLO _0x200002A
00015d 332a      	CPI  R18,58
00015e f008      	BRLO _0x200002B
                 _0x200002A:
00015f c007      	RJMP _0x2000029
                 _0x200002B:
000160 e0aa      	LDI  R26,LOW(10)
000161 9f5a      	MUL  R21,R26
000162 2d50      	MOV  R21,R0
000163 2fe2      	MOV  R30,R18
000164 53e0      	SUBI R30,LOW(48)
000165 0f5e      	ADD  R21,R30
000166 c0db      	RJMP _0x200001B
                 _0x2000029:
000167 2fe2      	MOV  R30,R18
000168 36e3      	CPI  R30,LOW(0x63)
000169 f449      	BRNE _0x200002F
00016a 940e 039d 	CALL SUBOPT_0x2
00016c 89e8      	LDD  R30,Y+16
00016d 89f9      	LDD  R31,Y+16+1
00016e 81a4      	LDD  R26,Z+4
00016f 93aa      	ST   -Y,R26
000170 940e 03a3 	CALL SUBOPT_0x3
000172 c0ce      	RJMP _0x2000030
                 _0x200002F:
000173 37e3      	CPI  R30,LOW(0x73)
000174 f441      	BRNE _0x2000032
000175 940e 039d 	CALL SUBOPT_0x2
000177 940e 03a9 	CALL SUBOPT_0x4
000179 940e 0360 	CALL _strlen
00017b 2f1e      	MOV  R17,R30
00017c c00a      	RJMP _0x2000033
                 _0x2000032:
00017d 37e0      	CPI  R30,LOW(0x70)
00017e f461      	BRNE _0x2000035
00017f 940e 039d 	CALL SUBOPT_0x2
000181 940e 03a9 	CALL SUBOPT_0x4
000183 940e 036c 	CALL _strlenf
000185 2f1e      	MOV  R17,R30
000186 6008      	ORI  R16,LOW(8)
                 _0x2000033:
000187 6002      	ORI  R16,LOW(2)
000188 770f      	ANDI R16,LOW(127)
000189 e030      	LDI  R19,LOW(0)
00018a c034      	RJMP _0x2000036
                 _0x2000035:
00018b 36e4      	CPI  R30,LOW(0x64)
00018c f011      	BREQ _0x2000039
00018d 36e9      	CPI  R30,LOW(0x69)
00018e f411      	BRNE _0x200003A
                 _0x2000039:
00018f 6004      	ORI  R16,LOW(4)
000190 c002      	RJMP _0x200003B
                 _0x200003A:
000191 37e5      	CPI  R30,LOW(0x75)
000192 f431      	BRNE _0x200003C
                 _0x200003B:
000193 e5e4      	LDI  R30,LOW(_tbl10_G100*2)
000194 e0f0      	LDI  R31,HIGH(_tbl10_G100*2)
000195 83ee      	STD  Y+6,R30
000196 83ff      	STD  Y+6+1,R31
000197 e015      	LDI  R17,LOW(5)
000198 c00c      	RJMP _0x200003D
                 _0x200003C:
000199 35e8      	CPI  R30,LOW(0x58)
00019a f411      	BRNE _0x200003F
00019b 6008      	ORI  R16,LOW(8)
00019c c003      	RJMP _0x2000040
                 _0x200003F:
00019d 37e8      	CPI  R30,LOW(0x78)
00019e f009      	BREQ PC+2
00019f c0a1      	RJMP _0x2000071
                 _0x2000040:
0001a0 e5ee      	LDI  R30,LOW(_tbl16_G100*2)
0001a1 e0f0      	LDI  R31,HIGH(_tbl16_G100*2)
0001a2 83ee      	STD  Y+6,R30
0001a3 83ff      	STD  Y+6+1,R31
0001a4 e014      	LDI  R17,LOW(4)
                 _0x200003D:
0001a5 ff02      	SBRS R16,2
0001a6 c014      	RJMP _0x2000042
0001a7 940e 039d 	CALL SUBOPT_0x2
0001a9 940e 03b3 	CALL SUBOPT_0x5
0001ab 85ab      	LDD  R26,Y+11
0001ac 23aa      	TST  R26
0001ad f43a      	BRPL _0x2000043
0001ae 85ea      	LDD  R30,Y+10
0001af 85fb      	LDD  R31,Y+10+1
0001b0 940e 043d 	CALL __ANEGW1
0001b2 87ea      	STD  Y+10,R30
0001b3 87fb      	STD  Y+10+1,R31
0001b4 e24d      	LDI  R20,LOW(45)
                 _0x2000043:
0001b5 3040      	CPI  R20,0
0001b6 f011      	BREQ _0x2000044
0001b7 5f1f      	SUBI R17,-LOW(1)
0001b8 c001      	RJMP _0x2000045
                 _0x2000044:
0001b9 7f0b      	ANDI R16,LOW(251)
                 _0x2000045:
0001ba c004      	RJMP _0x2000046
                 _0x2000042:
0001bb 940e 039d 	CALL SUBOPT_0x2
0001bd 940e 03b3 	CALL SUBOPT_0x5
                 _0x2000046:
                 _0x2000036:
0001bf fd00      	SBRC R16,0
0001c0 c011      	RJMP _0x2000047
                 _0x2000048:
0001c1 1715      	CP   R17,R21
0001c2 f478      	BRSH _0x200004A
0001c3 ff07      	SBRS R16,7
0001c4 c008      	RJMP _0x200004B
0001c5 ff02      	SBRS R16,2
0001c6 c004      	RJMP _0x200004C
0001c7 7f0b      	ANDI R16,LOW(251)
0001c8 2f24      	MOV  R18,R20
0001c9 5011      	SUBI R17,LOW(1)
0001ca c001      	RJMP _0x200004D
                 _0x200004C:
0001cb e320      	LDI  R18,LOW(48)
                 _0x200004D:
0001cc c001      	RJMP _0x200004E
                 _0x200004B:
0001cd e220      	LDI  R18,LOW(32)
                 _0x200004E:
0001ce 940e 0396 	CALL SUBOPT_0x1
0001d0 5051      	SUBI R21,LOW(1)
0001d1 cfef      	RJMP _0x2000048
                 _0x200004A:
                 _0x2000047:
0001d2 2f31      	MOV  R19,R17
0001d3 ff01      	SBRS R16,1
0001d4 c017      	RJMP _0x200004F
                 _0x2000050:
0001d5 3030      	CPI  R19,0
0001d6 f0a1      	BREQ _0x2000052
0001d7 ff03      	SBRS R16,3
0001d8 c006      	RJMP _0x2000053
0001d9 81ee      	LDD  R30,Y+6
0001da 81ff      	LDD  R31,Y+6+1
0001db 9125      	LPM  R18,Z+
0001dc 83ee      	STD  Y+6,R30
0001dd 83ff      	STD  Y+6+1,R31
0001de c005      	RJMP _0x2000054
                 _0x2000053:
0001df 81ae      	LDD  R26,Y+6
0001e0 81bf      	LDD  R27,Y+6+1
0001e1 912d      	LD   R18,X+
0001e2 83ae      	STD  Y+6,R26
0001e3 83bf      	STD  Y+6+1,R27
                 _0x2000054:
0001e4 940e 0396 	CALL SUBOPT_0x1
0001e6 3050      	CPI  R21,0
0001e7 f009      	BREQ _0x2000055
0001e8 5051      	SUBI R21,LOW(1)
                 _0x2000055:
0001e9 5031      	SUBI R19,LOW(1)
0001ea cfea      	RJMP _0x2000050
                 _0x2000052:
0001eb c04b      	RJMP _0x2000056
                 _0x200004F:
                 _0x2000058:
0001ec e320      	LDI  R18,LOW(48)
0001ed 81ee      	LDD  R30,Y+6
0001ee 81ff      	LDD  R31,Y+6+1
0001ef 940e 0445 	CALL __GETW1PF
0001f1 87e8      	STD  Y+8,R30
0001f2 87f9      	STD  Y+8+1,R31
0001f3 81ee      	LDD  R30,Y+6
0001f4 81ff      	LDD  R31,Y+6+1
0001f5 9632      	ADIW R30,2
0001f6 83ee      	STD  Y+6,R30
0001f7 83ff      	STD  Y+6+1,R31
                 _0x200005A:
0001f8 85e8      	LDD  R30,Y+8
0001f9 85f9      	LDD  R31,Y+8+1
0001fa 85aa      	LDD  R26,Y+10
0001fb 85bb      	LDD  R27,Y+10+1
0001fc 17ae      	CP   R26,R30
0001fd 07bf      	CPC  R27,R31
0001fe f050      	BRLO _0x200005C
0001ff 5f2f      	SUBI R18,-LOW(1)
000200 85a8      	LDD  R26,Y+8
000201 85b9      	LDD  R27,Y+8+1
000202 85ea      	LDD  R30,Y+10
000203 85fb      	LDD  R31,Y+10+1
000204 1bea      	SUB  R30,R26
000205 0bfb      	SBC  R31,R27
000206 87ea      	STD  Y+10,R30
000207 87fb      	STD  Y+10+1,R31
000208 cfef      	RJMP _0x200005A
                 _0x200005C:
000209 332a      	CPI  R18,58
00020a f028      	BRLO _0x200005D
00020b ff03      	SBRS R16,3
00020c c002      	RJMP _0x200005E
00020d 5f29      	SUBI R18,-LOW(7)
00020e c001      	RJMP _0x200005F
                 _0x200005E:
00020f 5d29      	SUBI R18,-LOW(39)
                 _0x200005F:
                 _0x200005D:
000210 fd04      	SBRC R16,4
000211 c01a      	RJMP _0x2000061
000212 3321      	CPI  R18,49
000213 f420      	BRSH _0x2000063
000214 85a8      	LDD  R26,Y+8
000215 85b9      	LDD  R27,Y+8+1
000216 9711      	SBIW R26,1
000217 f409      	BRNE _0x2000062
                 _0x2000063:
000218 c009      	RJMP _0x20000CD
                 _0x2000062:
000219 1753      	CP   R21,R19
00021a f010      	BRLO _0x2000067
00021b ff00      	SBRS R16,0
00021c c001      	RJMP _0x2000068
                 _0x2000067:
00021d c013      	RJMP _0x2000066
                 _0x2000068:
00021e e220      	LDI  R18,LOW(32)
00021f ff07      	SBRS R16,7
000220 c00b      	RJMP _0x2000069
000221 e320      	LDI  R18,LOW(48)
                 _0x20000CD:
000222 6100      	ORI  R16,LOW(16)
000223 ff02      	SBRS R16,2
000224 c007      	RJMP _0x200006A
000225 7f0b      	ANDI R16,LOW(251)
000226 934a      	ST   -Y,R20
000227 940e 03a3 	CALL SUBOPT_0x3
000229 3050      	CPI  R21,0
00022a f009      	BREQ _0x200006B
00022b 5051      	SUBI R21,LOW(1)
                 _0x200006B:
                 _0x200006A:
                 _0x2000069:
                 _0x2000061:
00022c 940e 0396 	CALL SUBOPT_0x1
00022e 3050      	CPI  R21,0
00022f f009      	BREQ _0x200006C
000230 5051      	SUBI R21,LOW(1)
                 _0x200006C:
                 _0x2000066:
000231 5031      	SUBI R19,LOW(1)
000232 85a8      	LDD  R26,Y+8
000233 85b9      	LDD  R27,Y+8+1
000234 9712      	SBIW R26,2
000235 f008      	BRLO _0x2000059
000236 cfb5      	RJMP _0x2000058
                 _0x2000059:
                 _0x2000056:
000237 ff00      	SBRS R16,0
000238 c008      	RJMP _0x200006D
                 _0x200006E:
000239 3050      	CPI  R21,0
00023a f031      	BREQ _0x2000070
00023b 5051      	SUBI R21,LOW(1)
00023c e2e0      	LDI  R30,LOW(32)
00023d 93ea      	ST   -Y,R30
00023e 940e 03a3 	CALL SUBOPT_0x3
000240 cff8      	RJMP _0x200006E
                 _0x2000070:
                 _0x200006D:
                 _0x2000071:
                 _0x2000030:
                 _0x20000CC:
000241 e010      	LDI  R17,LOW(0)
                 _0x200001B:
000242 cee0      	RJMP _0x2000016
                 _0x2000018:
000243 85ac      	LDD  R26,Y+12
000244 85bd      	LDD  R27,Y+12+1
000245 940e 0441 	CALL __GETW1P
000247 940e 0455 	CALL __LOADLOCR6
000249 9664      	ADIW R28,20
00024a 9508      	RET
                 ; .FEND
                 _sprintf:
                 ; .FSTART _sprintf
00024b 92ff      	PUSH R15
00024c 2ef8      	MOV  R15,R24
00024d 9726      	SBIW R28,6
00024e 940e 0450 	CALL __SAVELOCR4
000250 940e 03bb 	CALL SUBOPT_0x6
000252 9730      	SBIW R30,0
000253 f419      	BRNE _0x2000072
000254 efef      	LDI  R30,LOW(65535)
000255 efff      	LDI  R31,HIGH(65535)
000256 c023      	RJMP _0x20C0003
                 _0x2000072:
000257 01de      	MOVW R26,R28
000258 9616      	ADIW R26,6
000259 940e 0439 	CALL __ADDW2R15
00025b 018d      	MOVW R16,R26
00025c 940e 03bb 	CALL SUBOPT_0x6
00025e 83ee      	STD  Y+6,R30
00025f 83ff      	STD  Y+6+1,R31
000260 e0e0      	LDI  R30,LOW(0)
000261 87e8      	STD  Y+8,R30
000262 87e9      	STD  Y+8+1,R30
000263 01de      	MOVW R26,R28
000264 961a      	ADIW R26,10
000265 940e 0439 	CALL __ADDW2R15
000267 940e 0441 	CALL __GETW1P
000269 93fa      	ST   -Y,R31
00026a 93ea      	ST   -Y,R30
00026b 931a      	ST   -Y,R17
00026c 930a      	ST   -Y,R16
00026d ede7      	LDI  R30,LOW(_put_buff_G100)
00026e e0f0      	LDI  R31,HIGH(_put_buff_G100)
00026f 93fa      	ST   -Y,R31
000270 93ea      	ST   -Y,R30
000271 01de      	MOVW R26,R28
000272 961a      	ADIW R26,10
000273 dea3      	RCALL __print_G100
000274 019f      	MOVW R18,R30
000275 81ae      	LDD  R26,Y+6
000276 81bf      	LDD  R27,Y+6+1
000277 e0e0      	LDI  R30,LOW(0)
000278 93ec      	ST   X,R30
000279 01f9      	MOVW R30,R18
                 _0x20C0003:
00027a 940e 0457 	CALL __LOADLOCR4
00027c 962a      	ADIW R28,10
00027d 90ff      	POP  R15
00027e 9508      	RET
                 ; .FEND
                 
                 	.CSEG
                 _rtc_init:
                 ; .FSTART _rtc_init
00027f 93aa      	ST   -Y,R26
000280 81ea      	LDD  R30,Y+2
000281 70e3      	ANDI R30,LOW(0x3)
000282 83ea      	STD  Y+2,R30
000283 81e9      	LDD  R30,Y+1
000284 30e0      	CPI  R30,0
000285 f019      	BREQ _0x2020003
000286 81ea      	LDD  R30,Y+2
000287 61e0      	ORI  R30,0x10
000288 83ea      	STD  Y+2,R30
                 _0x2020003:
000289 81e8      	LD   R30,Y
00028a 30e0      	CPI  R30,0
00028b f019      	BREQ _0x2020004
00028c 81ea      	LDD  R30,Y+2
00028d 68e0      	ORI  R30,0x80
00028e 83ea      	STD  Y+2,R30
                 _0x2020004:
00028f 940e 03c2 	CALL SUBOPT_0x7
000291 e0a7      	LDI  R26,LOW(7)
000292 940e 0417 	CALL _i2c_write
000294 81aa      	LDD  R26,Y+2
000295 940e 03c7 	CALL SUBOPT_0x8
000297 c099      	RJMP _0x20C0002
                 ; .FEND
                 _rtc_get_time:
                 ; .FSTART _rtc_get_time
000298 93ba      	ST   -Y,R27
000299 93aa      	ST   -Y,R26
00029a 940e 03c2 	CALL SUBOPT_0x7
00029c e0a0      	LDI  R26,LOW(0)
00029d 940e 03c7 	CALL SUBOPT_0x8
00029f 940e 03e3 	CALL _i2c_start
0002a1 eda1      	LDI  R26,LOW(209)
0002a2 940e 0417 	CALL _i2c_write
0002a4 940e 03cb 	CALL SUBOPT_0x9
0002a6 81a8      	LD   R26,Y
0002a7 81b9      	LDD  R27,Y+1
0002a8 93ec      	ST   X,R30
0002a9 940e 03cb 	CALL SUBOPT_0x9
0002ab 81aa      	LDD  R26,Y+2
0002ac 81bb      	LDD  R27,Y+2+1
0002ad 93ec      	ST   X,R30
0002ae e0a0      	LDI  R26,LOW(0)
0002af 940e 03fc 	CALL _i2c_read
0002b1 2fae      	MOV  R26,R30
0002b2 940e 0379 	CALL _bcd2bin
0002b4 81ac      	LDD  R26,Y+4
0002b5 81bd      	LDD  R27,Y+4+1
0002b6 93ec      	ST   X,R30
0002b7 940e 03f2 	CALL _i2c_stop
0002b9 9626      	ADIW R28,6
0002ba 9508      	RET
                 ; .FEND
                 _rtc_set_time:
                 ; .FSTART _rtc_set_time
0002bb 93aa      	ST   -Y,R26
0002bc 940e 03c2 	CALL SUBOPT_0x7
0002be e0a0      	LDI  R26,LOW(0)
0002bf 940e 0417 	CALL _i2c_write
0002c1 81a8      	LD   R26,Y
0002c2 940e 0386 	CALL _bin2bcd
0002c4 2fae      	MOV  R26,R30
0002c5 940e 0417 	CALL _i2c_write
0002c7 81a9      	LDD  R26,Y+1
0002c8 940e 0386 	CALL _bin2bcd
0002ca 2fae      	MOV  R26,R30
0002cb 940e 0417 	CALL _i2c_write
0002cd 81aa      	LDD  R26,Y+2
0002ce 940e 0386 	CALL _bin2bcd
0002d0 2fae      	MOV  R26,R30
0002d1 940e 03c7 	CALL SUBOPT_0x8
0002d3 c05d      	RJMP _0x20C0002
                 ; .FEND
                 	#ifndef __SLEEP_DEFINED__
                 	#endif
                 
                 	.DSEG
                 
                 	.CSEG
                 __lcd_write_nibble_G102:
                 ; .FSTART __lcd_write_nibble_G102
0002d4 93aa      	ST   -Y,R26
0002d5 b3eb      	IN   R30,0x1B
0002d6 70ef      	ANDI R30,LOW(0xF)
0002d7 2fae      	MOV  R26,R30
0002d8 81e8      	LD   R30,Y
0002d9 7fe0      	ANDI R30,LOW(0xF0)
0002da 2bea      	OR   R30,R26
0002db bbeb      	OUT  0x1B,R30
                +
0002dc e082     +LDI R24 , LOW ( 2 )
                +__DELAY_USB_LOOP :
0002dd 958a     +DEC R24
0002de f7f1     +BRNE __DELAY_USB_LOOP
                 	__DELAY_USB 2
0002df 9ada      	SBI  0x1B,2
                +
0002e0 e082     +LDI R24 , LOW ( 2 )
                +__DELAY_USB_LOOP :
0002e1 958a     +DEC R24
0002e2 f7f1     +BRNE __DELAY_USB_LOOP
                 	__DELAY_USB 2
0002e3 98da      	CBI  0x1B,2
                +
0002e4 e082     +LDI R24 , LOW ( 2 )
                +__DELAY_USB_LOOP :
0002e5 958a     +DEC R24
0002e6 f7f1     +BRNE __DELAY_USB_LOOP
                 	__DELAY_USB 2
0002e7 c076      	RJMP _0x20C0001
                 ; .FEND
                 __lcd_write_data:
                 ; .FSTART __lcd_write_data
0002e8 93aa      	ST   -Y,R26
0002e9 81a8      	LD   R26,Y
0002ea dfe9      	RCALL __lcd_write_nibble_G102
0002eb 81e8          ld    r30,y
0002ec 95e2          swap  r30
0002ed 83e8          st    y,r30
0002ee 81a8      	LD   R26,Y
0002ef dfe4      	RCALL __lcd_write_nibble_G102
                +
0002f0 e181     +LDI R24 , LOW ( 17 )
                +__DELAY_USB_LOOP :
0002f1 958a     +DEC R24
0002f2 f7f1     +BRNE __DELAY_USB_LOOP
                 	__DELAY_USB 17
0002f3 c06a      	RJMP _0x20C0001
                 ; .FEND
                 _lcd_gotoxy:
                 ; .FSTART _lcd_gotoxy
0002f4 93aa      	ST   -Y,R26
0002f5 81e8      	LD   R30,Y
0002f6 e0f0      	LDI  R31,0
0002f7 59e0      	SUBI R30,LOW(-__base_y_G102)
0002f8 4ffd      	SBCI R31,HIGH(-__base_y_G102)
0002f9 81e0      	LD   R30,Z
0002fa 81a9      	LDD  R26,Y+1
0002fb 0fae      	ADD  R26,R30
0002fc dfeb      	RCALL __lcd_write_data
0002fd 8069      	LDD  R6,Y+1
0002fe 8098      	LDD  R9,Y+0
0002ff 9622      	ADIW R28,2
000300 9508      	RET
                 ; .FEND
                 _lcd_clear:
                 ; .FSTART _lcd_clear
000301 e0a2      	LDI  R26,LOW(2)
000302 940e 03d1 	CALL SUBOPT_0xA
000304 e0ac      	LDI  R26,LOW(12)
000305 dfe2      	RCALL __lcd_write_data
000306 e0a1      	LDI  R26,LOW(1)
000307 940e 03d1 	CALL SUBOPT_0xA
000309 e0e0      	LDI  R30,LOW(0)
00030a 2e9e      	MOV  R9,R30
00030b 2e6e      	MOV  R6,R30
00030c 9508      	RET
                 ; .FEND
                 _lcd_putchar:
                 ; .FSTART _lcd_putchar
00030d 93aa      	ST   -Y,R26
00030e 81a8      	LD   R26,Y
00030f 30aa      	CPI  R26,LOW(0xA)
000310 f011      	BREQ _0x2040005
000311 1468      	CP   R6,R8
000312 f048      	BRLO _0x2040004
                 _0x2040005:
000313 e0e0      	LDI  R30,LOW(0)
000314 93ea      	ST   -Y,R30
000315 9493      	INC  R9
000316 2da9      	MOV  R26,R9
000317 dfdc      	RCALL _lcd_gotoxy
000318 81a8      	LD   R26,Y
000319 30aa      	CPI  R26,LOW(0xA)
00031a f409      	BRNE _0x2040007
00031b c042      	RJMP _0x20C0001
                 _0x2040007:
                 _0x2040004:
00031c 9463      	INC  R6
00031d 9ad8      	SBI  0x1B,0
00031e 81a8      	LD   R26,Y
00031f dfc8      	RCALL __lcd_write_data
000320 98d8      	CBI  0x1B,0
000321 c03c      	RJMP _0x20C0001
                 ; .FEND
                 _lcd_puts:
                 ; .FSTART _lcd_puts
000322 93ba      	ST   -Y,R27
000323 93aa      	ST   -Y,R26
000324 931a      	ST   -Y,R17
                 _0x2040008:
000325 81a9      	LDD  R26,Y+1
000326 81ba      	LDD  R27,Y+1+1
000327 91ed      	LD   R30,X+
000328 83a9      	STD  Y+1,R26
000329 83ba      	STD  Y+1+1,R27
00032a 2f1e      	MOV  R17,R30
00032b 30e0      	CPI  R30,0
00032c f019      	BREQ _0x204000A
00032d 2fa1      	MOV  R26,R17
00032e dfde      	RCALL _lcd_putchar
00032f cff5      	RJMP _0x2040008
                 _0x204000A:
000330 8118      	LDD  R17,Y+0
                 _0x20C0002:
000331 9623      	ADIW R28,3
000332 9508      	RET
                 ; .FEND
                 _lcd_init:
                 ; .FSTART _lcd_init
000333 93aa      	ST   -Y,R26
000334 b3ea      	IN   R30,0x1A
000335 6fe0      	ORI  R30,LOW(0xF0)
000336 bbea      	OUT  0x1A,R30
000337 9ad2      	SBI  0x1A,2
000338 9ad0      	SBI  0x1A,0
000339 9ad1      	SBI  0x1A,1
00033a 98da      	CBI  0x1B,2
00033b 98d8      	CBI  0x1B,0
00033c 98d9      	CBI  0x1B,1
00033d 8088      	LDD  R8,Y+0
00033e 81e8      	LD   R30,Y
00033f 58e0      	SUBI R30,-LOW(128)
                +
000340 93e0 0272+STS __base_y_G102 + ( 2 ) , R30
                 	__PUTB1MN __base_y_G102,2
000342 81e8      	LD   R30,Y
000343 54e0      	SUBI R30,-LOW(192)
                +
000344 93e0 0273+STS __base_y_G102 + ( 3 ) , R30
                 	__PUTB1MN __base_y_G102,3
000346 e1a4      	LDI  R26,LOW(20)
000347 e0b0      	LDI  R27,0
000348 940e 042f 	CALL _delay_ms
00034a 940e 03d7 	CALL SUBOPT_0xB
00034c 940e 03d7 	CALL SUBOPT_0xB
00034e 940e 03d7 	CALL SUBOPT_0xB
000350 e2a0      	LDI  R26,LOW(32)
000351 df82      	RCALL __lcd_write_nibble_G102
                +
000352 e281     +LDI R24 , LOW ( 33 )
                +__DELAY_USB_LOOP :
000353 958a     +DEC R24
000354 f7f1     +BRNE __DELAY_USB_LOOP
                 	__DELAY_USB 33
000355 e2a8      	LDI  R26,LOW(40)
000356 df91      	RCALL __lcd_write_data
000357 e0a4      	LDI  R26,LOW(4)
000358 df8f      	RCALL __lcd_write_data
000359 e8a5      	LDI  R26,LOW(133)
00035a df8d      	RCALL __lcd_write_data
00035b e0a6      	LDI  R26,LOW(6)
00035c df8b      	RCALL __lcd_write_data
00035d dfa3      	RCALL _lcd_clear
                 _0x20C0001:
00035e 9621      	ADIW R28,1
00035f 9508      	RET
                 ; .FEND
                 
                 	.CSEG
                 
                 	.CSEG
                 _strlen:
                 ; .FSTART _strlen
000360 93ba      	ST   -Y,R27
000361 93aa      	ST   -Y,R26
000362 91a9          ld   r26,y+
000363 91b9          ld   r27,y+
000364 27ee          clr  r30
000365 27ff          clr  r31
                 strlen0:
000366 916d          ld   r22,x+
000367 2366          tst  r22
000368 f011          breq strlen1
000369 9631          adiw r30,1
00036a cffb          rjmp strlen0
                 strlen1:
00036b 9508          ret
                 ; .FEND
                 _strlenf:
                 ; .FSTART _strlenf
00036c 93ba      	ST   -Y,R27
00036d 93aa      	ST   -Y,R26
00036e 27aa          clr  r26
00036f 27bb          clr  r27
000370 91e9          ld   r30,y+
000371 91f9          ld   r31,y+
                 strlenf0:
000372 9005      	lpm  r0,z+
000373 2000          tst  r0
000374 f011          breq strlenf1
000375 9611          adiw r26,1
000376 cffb          rjmp strlenf0
                 strlenf1:
000377 01fd          movw r30,r26
000378 9508          ret
                 ; .FEND
                 
                 	.CSEG
                 _bcd2bin:
                 ; .FSTART _bcd2bin
000379 93aa      	ST   -Y,R26
00037a 81e8          ld   r30,y
00037b 95e2          swap r30
00037c 70ef          andi r30,0xf
00037d 2fae          mov  r26,r30
00037e 0faa          lsl  r26
00037f 0faa          lsl  r26
000380 0fea          add  r30,r26
000381 0fee          lsl  r30
000382 91a9          ld   r26,y+
000383 70af          andi r26,0xf
000384 0fea          add  r30,r26
000385 9508          ret
                 ; .FEND
                 _bin2bcd:
                 ; .FSTART _bin2bcd
000386 93aa      	ST   -Y,R26
000387 91a9          ld   r26,y+
000388 27ee          clr  r30
                 bin2bcd0:
000389 50aa          subi r26,10
00038a f012          brmi bin2bcd1
00038b 5fe0          subi r30,-16
00038c cffc          rjmp bin2bcd0
                 bin2bcd1:
00038d 5fa6          subi r26,-10
00038e 0fea          add  r30,r26
00038f 9508          ret
                 ; .FEND
                 
                 	.DSEG
                 _t:
000260           	.BYTE 0x10
                 __base_y_G102:
000270           	.BYTE 0x4
                 
                 	.CSEG
                 ;OPTIMIZER ADDED SUBROUTINE, CALLED 3 TIMES, CODE SIZE REDUCTION:3 WORDS
                 SUBOPT_0x0:
000390 27ff      	CLR  R31
000391 2766      	CLR  R22
000392 2777      	CLR  R23
000393 940e 0449 	CALL __PUTPARD1
000395 9508      	RET
                 
                 ;OPTIMIZER ADDED SUBROUTINE, CALLED 5 TIMES, CODE SIZE REDUCTION:13 WORDS
                 SUBOPT_0x1:
000396 932a      	ST   -Y,R18
000397 85ad      	LDD  R26,Y+13
000398 85be      	LDD  R27,Y+13+1
000399 85ef      	LDD  R30,Y+15
00039a 89f8      	LDD  R31,Y+15+1
00039b 9509      	ICALL
00039c 9508      	RET
                 
                 ;OPTIMIZER ADDED SUBROUTINE, CALLED 5 TIMES, CODE SIZE REDUCTION:9 WORDS
                 SUBOPT_0x2:
00039d 89e8      	LDD  R30,Y+16
00039e 89f9      	LDD  R31,Y+16+1
00039f 9734      	SBIW R30,4
0003a0 8be8      	STD  Y+16,R30
0003a1 8bf9      	STD  Y+16+1,R31
0003a2 9508      	RET
                 
                 ;OPTIMIZER ADDED SUBROUTINE, CALLED 3 TIMES, CODE SIZE REDUCTION:3 WORDS
                 SUBOPT_0x3:
0003a3 85ad      	LDD  R26,Y+13
0003a4 85be      	LDD  R27,Y+13+1
0003a5 85ef      	LDD  R30,Y+15
0003a6 89f8      	LDD  R31,Y+15+1
0003a7 9509      	ICALL
0003a8 9508      	RET
                 
                 ;OPTIMIZER ADDED SUBROUTINE, CALLED 2 TIMES, CODE SIZE REDUCTION:4 WORDS
                 SUBOPT_0x4:
0003a9 89a8      	LDD  R26,Y+16
0003aa 89b9      	LDD  R27,Y+16+1
0003ab 9614      	ADIW R26,4
0003ac 940e 0441 	CALL __GETW1P
0003ae 83ee      	STD  Y+6,R30
0003af 83ff      	STD  Y+6+1,R31
0003b0 81ae      	LDD  R26,Y+6
0003b1 81bf      	LDD  R27,Y+6+1
0003b2 9508      	RET
                 
                 ;OPTIMIZER ADDED SUBROUTINE, CALLED 2 TIMES, CODE SIZE REDUCTION:2 WORDS
                 SUBOPT_0x5:
0003b3 89a8      	LDD  R26,Y+16
0003b4 89b9      	LDD  R27,Y+16+1
0003b5 9614      	ADIW R26,4
0003b6 940e 0441 	CALL __GETW1P
0003b8 87ea      	STD  Y+10,R30
0003b9 87fb      	STD  Y+10+1,R31
0003ba 9508      	RET
                 
                 ;OPTIMIZER ADDED SUBROUTINE, CALLED 2 TIMES, CODE SIZE REDUCTION:1 WORDS
                 SUBOPT_0x6:
0003bb 01de      	MOVW R26,R28
0003bc 961c      	ADIW R26,12
0003bd 940e 0439 	CALL __ADDW2R15
0003bf 940e 0441 	CALL __GETW1P
0003c1 9508      	RET
                 
                 ;OPTIMIZER ADDED SUBROUTINE, CALLED 3 TIMES, CODE SIZE REDUCTION:3 WORDS
                 SUBOPT_0x7:
0003c2 940e 03e3 	CALL _i2c_start
0003c4 eda0      	LDI  R26,LOW(208)
0003c5 940c 0417 	JMP  _i2c_write
                 
                 ;OPTIMIZER ADDED SUBROUTINE, CALLED 3 TIMES, CODE SIZE REDUCTION:1 WORDS
                 SUBOPT_0x8:
0003c7 940e 0417 	CALL _i2c_write
0003c9 940c 03f2 	JMP  _i2c_stop
                 
                 ;OPTIMIZER ADDED SUBROUTINE, CALLED 2 TIMES, CODE SIZE REDUCTION:1 WORDS
                 SUBOPT_0x9:
0003cb e0a1      	LDI  R26,LOW(1)
0003cc 940e 03fc 	CALL _i2c_read
0003ce 2fae      	MOV  R26,R30
0003cf 940c 0379 	JMP  _bcd2bin
                 
                 ;OPTIMIZER ADDED SUBROUTINE, CALLED 2 TIMES, CODE SIZE REDUCTION:1 WORDS
                 SUBOPT_0xA:
0003d1 940e 02e8 	CALL __lcd_write_data
0003d3 e0a3      	LDI  R26,LOW(3)
0003d4 e0b0      	LDI  R27,0
0003d5 940c 042f 	JMP  _delay_ms
                 
                 ;OPTIMIZER ADDED SUBROUTINE, CALLED 3 TIMES, CODE SIZE REDUCTION:5 WORDS
                 SUBOPT_0xB:
0003d7 e3a0      	LDI  R26,LOW(48)
0003d8 940e 02d4 	CALL __lcd_write_nibble_G102
                +
0003da e281     +LDI R24 , LOW ( 33 )
                +__DELAY_USB_LOOP :
0003db 958a     +DEC R24
0003dc f7f1     +BRNE __DELAY_USB_LOOP
                 	__DELAY_USB 33
0003dd 9508      	RET
                 
                 
                 	.CSEG
                 	.equ __sda_bit=1
                 	.equ __scl_bit=0
                 	.equ __i2c_port=0x15 ;PORTC
                 	.equ __i2c_dir=__i2c_port-1
                 	.equ __i2c_pin=__i2c_port-2
                 
                 _i2c_init:
0003de 98a8      	cbi  __i2c_port,__scl_bit
0003df 98a9      	cbi  __i2c_port,__sda_bit
0003e0 9aa0      	sbi  __i2c_dir,__scl_bit
0003e1 98a1      	cbi  __i2c_dir,__sda_bit
0003e2 c015      	rjmp __i2c_delay2
                 _i2c_start:
0003e3 98a1      	cbi  __i2c_dir,__sda_bit
0003e4 98a0      	cbi  __i2c_dir,__scl_bit
0003e5 27ee      	clr  r30
0003e6 0000      	nop
0003e7 9b99      	sbis __i2c_pin,__sda_bit
0003e8 9508      	ret
0003e9 9b98      	sbis __i2c_pin,__scl_bit
0003ea 9508      	ret
0003eb d004      	rcall __i2c_delay1
0003ec 9aa1      	sbi  __i2c_dir,__sda_bit
0003ed d002      	rcall __i2c_delay1
0003ee 9aa0      	sbi  __i2c_dir,__scl_bit
0003ef e0e1      	ldi  r30,1
                 __i2c_delay1:
0003f0 e062      	ldi  r22,2
0003f1 c007      	rjmp __i2c_delay2l
                 _i2c_stop:
0003f2 9aa1      	sbi  __i2c_dir,__sda_bit
0003f3 9aa0      	sbi  __i2c_dir,__scl_bit
0003f4 d003      	rcall __i2c_delay2
0003f5 98a0      	cbi  __i2c_dir,__scl_bit
0003f6 dff9      	rcall __i2c_delay1
0003f7 98a1      	cbi  __i2c_dir,__sda_bit
                 __i2c_delay2:
0003f8 e063      	ldi  r22,3
                 __i2c_delay2l:
0003f9 956a      	dec  r22
0003fa f7f1      	brne __i2c_delay2l
0003fb 9508      	ret
                 _i2c_read:
0003fc e078      	ldi  r23,8
                 __i2c_read0:
0003fd 98a0      	cbi  __i2c_dir,__scl_bit
0003fe dff1      	rcall __i2c_delay1
                 __i2c_read3:
0003ff 9b98      	sbis __i2c_pin,__scl_bit
000400 cffe      	rjmp __i2c_read3
000401 dfee      	rcall __i2c_delay1
000402 9488      	clc
000403 9999      	sbic __i2c_pin,__sda_bit
000404 9408      	sec
000405 9aa0      	sbi  __i2c_dir,__scl_bit
000406 dff1      	rcall __i2c_delay2
000407 1fee      	rol  r30
000408 957a      	dec  r23
000409 f799      	brne __i2c_read0
00040a 2f7a      	mov  r23,r26
00040b 2377      	tst  r23
00040c f411      	brne __i2c_read1
00040d 98a1      	cbi  __i2c_dir,__sda_bit
00040e c001      	rjmp __i2c_read2
                 __i2c_read1:
00040f 9aa1      	sbi  __i2c_dir,__sda_bit
                 __i2c_read2:
000410 dfdf      	rcall __i2c_delay1
000411 98a0      	cbi  __i2c_dir,__scl_bit
000412 dfe5      	rcall __i2c_delay2
000413 9aa0      	sbi  __i2c_dir,__scl_bit
000414 dfdb      	rcall __i2c_delay1
000415 98a1      	cbi  __i2c_dir,__sda_bit
000416 cfd9      	rjmp __i2c_delay1
                 
                 _i2c_write:
000417 e078      	ldi  r23,8
                 __i2c_write0:
000418 0faa      	lsl  r26
000419 f410      	brcc __i2c_write1
00041a 98a1      	cbi  __i2c_dir,__sda_bit
00041b c001      	rjmp __i2c_write2
                 __i2c_write1:
00041c 9aa1      	sbi  __i2c_dir,__sda_bit
                 __i2c_write2:
00041d dfda      	rcall __i2c_delay2
00041e 98a0      	cbi  __i2c_dir,__scl_bit
00041f dfd0      	rcall __i2c_delay1
                 __i2c_write3:
000420 9b98      	sbis __i2c_pin,__scl_bit
000421 cffe      	rjmp __i2c_write3
000422 dfcd      	rcall __i2c_delay1
000423 9aa0      	sbi  __i2c_dir,__scl_bit
000424 957a      	dec  r23
000425 f791      	brne __i2c_write0
000426 98a1      	cbi  __i2c_dir,__sda_bit
000427 dfc8      	rcall __i2c_delay1
000428 98a0      	cbi  __i2c_dir,__scl_bit
000429 dfce      	rcall __i2c_delay2
00042a e0e1      	ldi  r30,1
00042b 9999      	sbic __i2c_pin,__sda_bit
00042c 27ee      	clr  r30
00042d 9aa0      	sbi  __i2c_dir,__scl_bit
00042e cfc1      	rjmp __i2c_delay1
                 
                 _delay_ms:
00042f 9610      	adiw r26,0
000430 f039      	breq __delay_ms1
                 __delay_ms0:
                +
000431 ef8a     +LDI R24 , LOW ( 0xFA )
000432 e090     +LDI R25 , HIGH ( 0xFA )
                +__DELAY_USW_LOOP :
000433 9701     +SBIW R24 , 1
000434 f7f1     +BRNE __DELAY_USW_LOOP
                 	__DELAY_USW 0xFA
000435 95a8      	wdr
000436 9711      	sbiw r26,1
000437 f7c9      	brne __delay_ms0
                 __delay_ms1:
000438 9508      	ret
                 
                 __ADDW2R15:
000439 2400      	CLR  R0
00043a 0daf      	ADD  R26,R15
00043b 1db0      	ADC  R27,R0
00043c 9508      	RET
                 
                 __ANEGW1:
00043d 95f1      	NEG  R31
00043e 95e1      	NEG  R30
00043f 40f0      	SBCI R31,0
000440 9508      	RET
                 
                 __GETW1P:
000441 91ed      	LD   R30,X+
000442 91fc      	LD   R31,X
000443 9711      	SBIW R26,1
000444 9508      	RET
                 
                 __GETW1PF:
000445 9005      	LPM  R0,Z+
000446 91f4      	LPM  R31,Z
000447 2de0      	MOV  R30,R0
000448 9508      	RET
                 
                 __PUTPARD1:
000449 937a      	ST   -Y,R23
00044a 936a      	ST   -Y,R22
00044b 93fa      	ST   -Y,R31
00044c 93ea      	ST   -Y,R30
00044d 9508      	RET
                 
                 __SAVELOCR6:
00044e 935a      	ST   -Y,R21
                 __SAVELOCR5:
00044f 934a      	ST   -Y,R20
                 __SAVELOCR4:
000450 933a      	ST   -Y,R19
                 __SAVELOCR3:
000451 932a      	ST   -Y,R18
                 __SAVELOCR2:
000452 931a      	ST   -Y,R17
000453 930a      	ST   -Y,R16
000454 9508      	RET
                 
                 __LOADLOCR6:
000455 815d      	LDD  R21,Y+5
                 __LOADLOCR5:
000456 814c      	LDD  R20,Y+4
                 __LOADLOCR4:
000457 813b      	LDD  R19,Y+3
                 __LOADLOCR3:
000458 812a      	LDD  R18,Y+2
                 __LOADLOCR2:
000459 8119      	LDD  R17,Y+1
00045a 8108      	LD   R16,Y
00045b 9508      	RET
                 
                 ;END OF CODE MARKER
                 __END_OF_CODE:


RESOURCE USE INFORMATION
------------------------

Notice:
The register and instruction counts are symbol table hit counts,
and hence implicitly used resources are not counted, eg, the
'lpm' instruction without operands implicitly uses r0 and z,
none of which are counted.

x,y,z are separate entities in the symbol table and are
counted separately from r26..r31 here.

.dseg memory usage only counts static data declared with .byte

ATmega32 register use summary:
r0 :  11 r1 :   1 r2 :   0 r3 :   0 r4 :   1 r5 :   1 r6 :   4 r7 :   1 
r8 :   2 r9 :   4 r10:   0 r11:   0 r12:   0 r13:   0 r14:   0 r15:   4 
r16:  34 r17:  24 r18:  29 r19:   8 r20:   9 r21:  17 r22:   9 r23:   8 
r24:  23 r25:   3 r26: 138 r27:  43 r28:  15 r29:   1 r30: 236 r31:  62 
x  :  26 y  : 201 z  :  15 
Registers used: 28 out of 35 (80.0%)

ATmega32 instruction use summary:
.lds  :   0 .lds.l:   0 .sts  :   0 .sts.l:   0 adc   :   1 add   :   6 
adiw  :  25 and   :   0 andi  :   9 asr   :   0 bclr  :   0 bld   :   0 
brbc  :   0 brbs  :   0 brcc  :   1 brcs  :   0 break :   0 breq  :  19 
brge  :   0 brhc  :   0 brhs  :   0 brid  :   0 brie  :   0 brlo  :   8 
brlt  :   0 brmi  :   2 brne  :  34 brpl  :   1 brsh  :   2 brtc  :   0 
brts  :   0 brvc  :   0 brvs  :   0 bset  :   0 bst   :   0 call  :  82 
cbi   :  20 cbr   :   0 clc   :   1 clh   :   0 cli   :   1 cln   :   0 
clr   :  13 cls   :   0 clt   :   0 clv   :   0 clz   :   0 com   :   0 
cp    :   4 cpc   :   2 cpi   :  35 cpse  :   0 dec   :  10 des   :   0 
eor   :   0 fmul  :   0 fmuls :   0 fmulsu:   0 icall :   2 ijmp  :   0 
in    :   2 inc   :   2 jmp   :  26 ld    :  31 ldd   :  89 ldi   : 115 
lds   :   0 lpm   :  14 lsl   :   4 lsr   :   0 mov   :  27 movw  :  14 
mul   :   1 muls  :   0 mulsu :   0 neg   :   2 nop   :   1 or    :   1 
ori   :   9 out   :  42 pop   :   1 push  :   1 rcall :  29 ret   :  31 
reti  :   0 rjmp  :  70 rol   :   1 ror   :   0 sbc   :   1 sbci  :   2 
sbi   :  16 sbic  :   2 sbis  :   4 sbiw  :  17 sbr   :   0 sbrc  :   2 
sbrs  :  10 sec   :   1 seh   :   0 sei   :   0 sen   :   0 ser   :   0 
ses   :   0 set   :   0 sev   :   0 sez   :   0 sleep :   0 spm   :   0 
st    :  76 std   :  34 sts   :   2 sub   :   1 subi  :  19 swap  :   2 
tst   :   5 wdr   :   1 
Instructions used: 60 out of 116 (51.7%)

ATmega32 memory use summary [bytes]:
Segment   Begin    End      Code   Data   Used    Size   Use%
---------------------------------------------------------------
[.cseg] 0x000000 0x0008b8   2188     44   2232   32768   6.8%
[.dseg] 0x000060 0x000274      0     20     20    2048   1.0%
[.eseg] 0x000000 0x000000      0      0      0    1024   0.0%

Assembly complete, 0 errors, 7 warnings
